#
# There is insufficient memory for the Java Runtime Environment to continue.
# Native memory allocation (malloc) failed to allocate 878416 bytes. Error detail: Chunk::new
# Possible reasons:
#   The system is out of physical RAM or swap space
#   This process is running with CompressedOops enabled, and the Java Heap may be blocking the growth of the native heap
# Possible solutions:
#   Reduce memory load on the system
#   Increase physical memory or swap space
#   Check if swap backing store is full
#   Decrease Java heap size (-Xmx/-Xms)
#   Decrease number of Java threads
#   Decrease Java thread stack sizes (-Xss)
#   Set larger code cache with -XX:ReservedCodeCacheSize=
#   JVM is running with Unscaled Compressed Oops mode in which the Java heap is
#     placed in the first 4GB address space. The Java Heap base address is the
#     maximum limit for the native heap growth. Please use -XX:HeapBaseMinAddress
#     to set the Java Heap base and to place the Java Heap above 4GB virtual address.
# This output file may be truncated or incomplete.
#
#  Out of Memory Error (arena.cpp:191), pid=23444, tid=39316
#
# JRE version: OpenJDK Runtime Environment Temurin-17.0.12+7 (17.0.12+7) (build 17.0.12+7)
# Java VM: OpenJDK 64-Bit Server VM Temurin-17.0.12+7 (17.0.12+7, mixed mode, tiered, compressed oops, compressed class ptrs, parallel gc, windows-amd64)
# No core dump will be written. Minidumps are not enabled by default on client versions of Windows
#

---------------  S U M M A R Y ------------

Command Line: --add-modules=ALL-SYSTEM --add-opens=java.base/java.util=ALL-UNNAMED --add-opens=java.base/java.lang=ALL-UNNAMED --add-opens=java.base/sun.nio.fs=ALL-UNNAMED -Declipse.application=org.eclipse.jdt.ls.core.id1 -Dosgi.bundles.defaultStartLevel=4 -Declipse.product=org.eclipse.jdt.ls.core.product -Djava.import.generatesMetadataFilesAtProjectRoot=false -DDetectVMInstallationsJob.disabled=true -Dfile.encoding=utf8 -XX:+UseParallelGC -XX:GCTimeRatio=4 -XX:AdaptiveSizePolicyWeight=90 -Dsun.zip.disableMemoryMapping=true -Xmx1G -Xms100m -Xlog:disable -javaagent:c:\Users\ameli\.vscode\extensions\redhat.java-1.34.0-win32-x64\lombok\lombok-1.18.33.jar c:\Users\ameli\.vscode\extensions\redhat.java-1.34.0-win32-x64\server\plugins\org.eclipse.equinox.launcher_1.6.900.v20240613-2009.jar -configuration c:\Users\ameli\AppData\Roaming\Code\User\globalStorage\redhat.java\1.34.0\config_ss_win -data c:\Users\ameli\AppData\Roaming\Code\User\workspaceStorage\4cbefed14c3acb6d2e0baf33f34431de\redhat.java\ss_ws --pipe=\\.\pipe\lsp-7443409cc44aea18d9d7f1e20ce6f610-sock

Host: AMD Ryzen 7 4800HS with Radeon Graphics         , 16 cores, 15G,  Windows 11 , 64 bit Build 22621 (10.0.22621.3958)
Time: Mon Sep  2 19:48:44 2024 W. Australia Standard Time elapsed time: 14.869476 seconds (0d 0h 0m 14s)

---------------  T H R E A D  ---------------

Current thread (0x00000282b4cdd9f0):  JavaThread "C2 CompilerThread1" daemon [_thread_in_native, id=39316, stack(0x000000c4cde00000,0x000000c4cdf00000)]


Current CompileTask:
C2:  14869 2599       4       org.lombokweb.asm.ClassReader::readMethod (1066 bytes)

Stack: [0x000000c4cde00000,0x000000c4cdf00000]
Native frames: (J=compiled Java code, j=interpreted, Vv=VM code, C=native code)
V  [jvm.dll+0x67f929]
V  [jvm.dll+0x8371ba]
V  [jvm.dll+0x838c7e]
V  [jvm.dll+0x8392e3]
V  [jvm.dll+0x24834f]
V  [jvm.dll+0xac9d4]
V  [jvm.dll+0xad01c]
V  [jvm.dll+0x2af96f]
V  [jvm.dll+0x5868d7]
V  [jvm.dll+0x2231c2]
V  [jvm.dll+0x2235bf]
V  [jvm.dll+0x21c6e0]
V  [jvm.dll+0x219be1]
V  [jvm.dll+0x1a58bd]
V  [jvm.dll+0x229a2d]
V  [jvm.dll+0x227bdc]
V  [jvm.dll+0x7ec1f7]
V  [jvm.dll+0x7e65dc]
V  [jvm.dll+0x67e7f7]
C  [ucrtbase.dll+0x29333]
C  [KERNEL32.DLL+0x1257d]
C  [ntdll.dll+0x5af28]


---------------  P R O C E S S  ---------------

Threads class SMR info:
_java_thread_list=0x00000282b452bb50, length=23, elements={
0x0000028298e20e60, 0x00000282accaa7a0, 0x00000282accaeaf0, 0x00000282b1ff5330,
0x00000282b1ff5e60, 0x00000282b1ff9340, 0x00000282b1ffb5c0, 0x00000282b2000f20,
0x00000282b2006110, 0x00000282b2011200, 0x00000282b2181f30, 0x00000282b3f79160,
0x00000282b466b050, 0x00000282b2186fa0, 0x00000282b3e914b0, 0x00000282b44f9ab0,
0x00000282b44dfba0, 0x00000282b475ea60, 0x00000282b4454ba0, 0x00000282b44555c0,
0x00000282b4455ad0, 0x00000282b4457420, 0x00000282b4cdd9f0
}

Java Threads: ( => current thread )
  0x0000028298e20e60 JavaThread "main" [_thread_blocked, id=28760, stack(0x000000c4cbb00000,0x000000c4cbc00000)]
  0x00000282accaa7a0 JavaThread "Reference Handler" daemon [_thread_blocked, id=32436, stack(0x000000c4cbe00000,0x000000c4cbf00000)]
  0x00000282accaeaf0 JavaThread "Finalizer" daemon [_thread_blocked, id=24292, stack(0x000000c4cbf00000,0x000000c4cc000000)]
  0x00000282b1ff5330 JavaThread "Signal Dispatcher" daemon [_thread_blocked, id=9272, stack(0x000000c4cc000000,0x000000c4cc100000)]
  0x00000282b1ff5e60 JavaThread "Attach Listener" daemon [_thread_blocked, id=20884, stack(0x000000c4cc100000,0x000000c4cc200000)]
  0x00000282b1ff9340 JavaThread "Service Thread" daemon [_thread_blocked, id=24224, stack(0x000000c4cc200000,0x000000c4cc300000)]
  0x00000282b1ffb5c0 JavaThread "Monitor Deflation Thread" daemon [_thread_blocked, id=7528, stack(0x000000c4cc300000,0x000000c4cc400000)]
  0x00000282b2000f20 JavaThread "C2 CompilerThread0" daemon [_thread_in_native, id=16272, stack(0x000000c4cc400000,0x000000c4cc500000)]
  0x00000282b2006110 JavaThread "C1 CompilerThread0" daemon [_thread_blocked, id=3052, stack(0x000000c4cc500000,0x000000c4cc600000)]
  0x00000282b2011200 JavaThread "Sweeper thread" daemon [_thread_blocked, id=16144, stack(0x000000c4cc600000,0x000000c4cc700000)]
  0x00000282b2181f30 JavaThread "Common-Cleaner" daemon [_thread_blocked, id=23680, stack(0x000000c4cc700000,0x000000c4cc800000)]
  0x00000282b3f79160 JavaThread "Notification Thread" daemon [_thread_blocked, id=35656, stack(0x000000c4ccb00000,0x000000c4ccc00000)]
  0x00000282b466b050 JavaThread "Active Thread: Equinox Container: 03c17d11-35b5-4bf0-aa66-c16b0804c494" [_thread_blocked, id=31468, stack(0x000000c4cd400000,0x000000c4cd500000)]
  0x00000282b2186fa0 JavaThread "Framework Event Dispatcher: Equinox Container: 03c17d11-35b5-4bf0-aa66-c16b0804c494" daemon [_thread_blocked, id=37056, stack(0x000000c4cc800000,0x000000c4cc900000)]
  0x00000282b3e914b0 JavaThread "Start Level: Equinox Container: 03c17d11-35b5-4bf0-aa66-c16b0804c494" daemon [_thread_in_vm, id=38220, stack(0x000000c4cc900000,0x000000c4cca00000)]
  0x00000282b44f9ab0 JavaThread "SCR Component Actor" daemon [_thread_blocked, id=35676, stack(0x000000c4cca00000,0x000000c4ccb00000)]
  0x00000282b44dfba0 JavaThread "C1 CompilerThread1" daemon [_thread_blocked, id=30888, stack(0x000000c4cd500000,0x000000c4cd600000)]
  0x00000282b475ea60 JavaThread "SCR Component Registry" daemon [_thread_blocked, id=36364, stack(0x000000c4cd600000,0x000000c4cd700000)]
  0x00000282b4454ba0 JavaThread "Worker-JM" [_thread_blocked, id=12388, stack(0x000000c4cd800000,0x000000c4cd900000)]
  0x00000282b44555c0 JavaThread "JNA Cleaner" daemon [_thread_blocked, id=39196, stack(0x000000c4cdb00000,0x000000c4cdc00000)]
  0x00000282b4455ad0 JavaThread "Worker-0" [_thread_blocked, id=39292, stack(0x000000c4cdc00000,0x000000c4cdd00000)]
  0x00000282b4457420 JavaThread "Worker-1" [_thread_blocked, id=39304, stack(0x000000c4cdd00000,0x000000c4cde00000)]
=>0x00000282b4cdd9f0 JavaThread "C2 CompilerThread1" daemon [_thread_in_native, id=39316, stack(0x000000c4cde00000,0x000000c4cdf00000)]

Other Threads:
  0x0000028298eceb60 VMThread "VM Thread" [stack: 0x000000c4cbd00000,0x000000c4cbe00000] [id=20540]
  0x00000282b3f56690 WatcherThread [stack: 0x000000c4ccc00000,0x000000c4ccd00000] [id=20648]
  0x0000028298e36fd0 GCTaskThread "GC Thread#0" [stack: 0x000000c4cbc00000,0x000000c4cbd00000] [id=30204]
  0x00000282b45a4310 GCTaskThread "GC Thread#1" [stack: 0x000000c4ccd00000,0x000000c4cce00000] [id=24080]
  0x00000282b45ce1f0 GCTaskThread "GC Thread#2" [stack: 0x000000c4cce00000,0x000000c4ccf00000] [id=7936]
  0x00000282b41f5920 GCTaskThread "GC Thread#3" [stack: 0x000000c4ccf00000,0x000000c4cd000000] [id=19764]
  0x00000282b41f5be0 GCTaskThread "GC Thread#4" [stack: 0x000000c4cd000000,0x000000c4cd100000] [id=13216]
  0x00000282b468b020 GCTaskThread "GC Thread#5" [stack: 0x000000c4cd100000,0x000000c4cd200000] [id=13948]
  0x00000282b479f1c0 GCTaskThread "GC Thread#6" [stack: 0x000000c4cd200000,0x000000c4cd300000] [id=38344]
  0x00000282b41dab40 GCTaskThread "GC Thread#7" [stack: 0x000000c4cd300000,0x000000c4cd400000] [id=38780]
  0x00000282b4a47650 GCTaskThread "GC Thread#8" [stack: 0x000000c4cd700000,0x000000c4cd800000] [id=20608]
  0x00000282b43e8720 GCTaskThread "GC Thread#9" [stack: 0x000000c4cd900000,0x000000c4cda00000] [id=34944]
  0x00000282b453d470 GCTaskThread "GC Thread#10" [stack: 0x000000c4cda00000,0x000000c4cdb00000] [id=29660]
  0x00000282b4c188a0 GCTaskThread "GC Thread#11" [stack: 0x000000c4ce000000,0x000000c4ce100000] [id=39324]
  0x00000282b4baeb00 GCTaskThread "GC Thread#12" [stack: 0x000000c4ce100000,0x000000c4ce200000] [id=39328]

Threads with active compile tasks:
C2 CompilerThread0    14910 2622       4       lombok.patcher.PatchScript$MethodPatcher::visitMethod (158 bytes)
C2 CompilerThread1    14910 2599       4       org.lombokweb.asm.ClassReader::readMethod (1066 bytes)

VM state: not at safepoint (normal execution)

VM Mutex/Monitor currently owned by a thread:  ([mutex/lock_event])
[0x0000028298e1bd30] Metaspace_lock - owner thread: 0x00000282b3e914b0

Heap address: 0x00000000c0000000, size: 1024 MB, Compressed Oops mode: 32-bit

CDS archive(s) not mapped
Compressed class space mapped at: 0x0000000100000000-0x0000000140000000, reserved size: 1073741824
Narrow klass base: 0x0000000000000000, Narrow klass shift: 3, Narrow klass range: 0x140000000

GC Precious Log:
 CPUs: 16 total, 16 available
 Memory: 15789M
 Large Page Support: Disabled
 NUMA Support: Disabled
 Compressed Oops: Enabled (32-bit)
 Alignments: Space 512K, Generation 512K, Heap 2M
 Heap Min Capacity: 100M
 Heap Initial Capacity: 100M
 Heap Max Capacity: 1G
 Pre-touch: Disabled
 Parallel Workers: 13

Heap:
 PSYoungGen      total 28672K, used 24810K [0x00000000eab00000, 0x00000000ecb80000, 0x0000000100000000)
  eden space 25088K, 85% used [0x00000000eab00000,0x00000000ebfeaf18,0x00000000ec380000)
  from space 3584K, 94% used [0x00000000ec400000,0x00000000ec74fb78,0x00000000ec780000)
  to   space 4096K, 0% used [0x00000000ec780000,0x00000000ec780000,0x00000000ecb80000)
 ParOldGen       total 68608K, used 6909K [0x00000000c0000000, 0x00000000c4300000, 0x00000000eab00000)
  object space 68608K, 10% used [0x00000000c0000000,0x00000000c06bf438,0x00000000c4300000)
 Metaspace       used 27749K, committed 28224K, reserved 1114112K
  class space    used 2721K, committed 2944K, reserved 1048576K

Card table byte_map: [0x00000282987e0000,0x00000282989f0000] _byte_map_base: 0x00000282981e0000

Marking Bits: (ParMarkBitMap*) 0x00007ffbcbf158b0
 Begin Bits: [0x00000282aaab0000, 0x00000282abab0000)
 End Bits:   [0x00000282abab0000, 0x00000282acab0000)

Polling page: 0x00000282985d0000

Metaspace:

Usage:
  Non-class:     24.44 MB used.
      Class:      2.66 MB used.
       Both:     27.10 MB used.

Virtual space:
  Non-class space:       64.00 MB reserved,      24.69 MB ( 39%) committed,  1 nodes.
      Class space:        1.00 GB reserved,       2.88 MB ( <1%) committed,  1 nodes.
             Both:        1.06 GB reserved,      27.56 MB (  3%) committed. 

Chunk freelists:
   Non-Class:  7.05 MB
       Class:  13.03 MB
        Both:  20.08 MB

MaxMetaspaceSize: unlimited
CompressedClassSpaceSize: 1.00 GB
Initial GC threshold: 21.00 MB
Current GC threshold: 35.00 MB
CDS: off
MetaspaceReclaimPolicy: balanced
 - commit_granule_bytes: 65536.
 - commit_granule_words: 8192.
 - virtual_space_node_default_size: 8388608.
 - enlarge_chunks_in_place: 1.
 - new_chunks_are_fully_committed: 0.
 - uncommit_free_chunks: 1.
 - use_allocation_guard: 0.
 - handle_deallocations: 1.


Internal statistics:

num_allocs_failed_limit: 3.
num_arena_births: 302.
num_arena_deaths: 14.
num_vsnodes_births: 2.
num_vsnodes_deaths: 0.
num_space_committed: 441.
num_space_uncommitted: 0.
num_chunks_returned_to_freelist: 17.
num_chunks_taken_from_freelist: 1044.
num_chunk_merges: 8.
num_chunk_splits: 688.
num_chunks_enlarged: 476.
num_inconsistent_stats: 0.

CodeHeap 'non-profiled nmethods': size=119168Kb used=1016Kb max_used=1016Kb free=118151Kb
 bounds [0x00000282a3650000, 0x00000282a38c0000, 0x00000282aaab0000]
CodeHeap 'profiled nmethods': size=119104Kb used=5249Kb max_used=5249Kb free=113854Kb
 bounds [0x000002829bab0000, 0x000002829bfe0000, 0x00000282a2f00000]
CodeHeap 'non-nmethods': size=7488Kb used=1794Kb max_used=2878Kb free=5693Kb
 bounds [0x00000282a2f00000, 0x00000282a31e0000, 0x00000282a3650000]
 total_blobs=3171 nmethods=2624 adapters=460
 compilation: enabled
              stopped_count=0, restarted_count=0
 full_count=0

Compilation events (20 events):
Event: 14.818 Thread 0x00000282b2006110 2614       3       org.lombokweb.asm.Label::put (83 bytes)
Event: 14.818 Thread 0x00000282b44dfba0 nmethod 2612 0x000002829bfc4e10 code [0x000002829bfc4fc0, 0x000002829bfc51c8]
Event: 14.818 Thread 0x00000282b44dfba0 2615       3       org.lombokweb.asm.MethodWriter::visitJumpInsn (495 bytes)
Event: 14.819 Thread 0x00000282b2006110 nmethod 2614 0x000002829bfc5310 code [0x000002829bfc5520, 0x000002829bfc5958]
Event: 14.819 Thread 0x00000282b2006110 2617       3       org.lombokweb.asm.MethodWriter::visitLabel (332 bytes)
Event: 14.820 Thread 0x00000282b2006110 nmethod 2617 0x000002829bfc5b10 code [0x000002829bfc5d40, 0x000002829bfc6698]
Event: 14.820 Thread 0x00000282b2006110 2616       3       org.lombokweb.asm.MethodVisitor::visitMethodInsn (80 bytes)
Event: 14.821 Thread 0x00000282b44dfba0 nmethod 2615 0x000002829bfc6910 code [0x000002829bfc6c40, 0x000002829bfc7ca8]
Event: 14.821 Thread 0x00000282b2006110 nmethod 2616 0x000002829bfc8290 code [0x000002829bfc8460, 0x000002829bfc8908]
Event: 14.821 Thread 0x00000282b44dfba0 2618       3       org.lombokweb.asm.Label::addForwardReference (102 bytes)
Event: 14.821 Thread 0x00000282b44dfba0 nmethod 2618 0x000002829bfc8a90 code [0x000002829bfc8c40, 0x000002829bfc90c8]
Event: 14.862 Thread 0x00000282b44dfba0 2619       3       org.lombokweb.asm.ClassReader::<init> (371 bytes)
Event: 14.862 Thread 0x00000282b2006110 2620       3       org.lombokweb.asm.SymbolTable::<init> (536 bytes)
Event: 14.863 Thread 0x00000282b44dfba0 nmethod 2619 0x000002829bfc9290 code [0x000002829bfc9560, 0x000002829bfca718]
Event: 14.864 Thread 0x00000282b2000f20 2621       4       lombok.patcher.MethodTarget::matches (29 bytes)
Event: 14.864 Thread 0x00000282b44dfba0 2623   !   3       java.util.regex.Pattern::matcher (44 bytes)
Event: 14.865 Thread 0x00000282b44dfba0 nmethod 2623 0x000002829bfcac90 code [0x000002829bfcae40, 0x000002829bfcb198]
Event: 14.865 Thread 0x00000282b44dfba0 2624       3       java.util.regex.Matcher::<init> (95 bytes)
Event: 14.865 Thread 0x00000282b2006110 nmethod 2620 0x000002829bfcb310 code [0x000002829bfcb880, 0x000002829bfce108]
Event: 14.865 Thread 0x00000282b44dfba0 nmethod 2624 0x000002829bfcf210 code [0x000002829bfcf3e0, 0x000002829bfcf8a8]

GC Heap History (12 events):
Event: 2.593 GC heap before
{Heap before GC invocations=1 (full 0):
 PSYoungGen      total 29696K, used 25600K [0x00000000eab00000, 0x00000000ecc00000, 0x0000000100000000)
  eden space 25600K, 100% used [0x00000000eab00000,0x00000000ec400000,0x00000000ec400000)
  from space 4096K, 0% used [0x00000000ec800000,0x00000000ec800000,0x00000000ecc00000)
  to   space 4096K, 0% used [0x00000000ec400000,0x00000000ec400000,0x00000000ec800000)
 ParOldGen       total 68608K, used 0K [0x00000000c0000000, 0x00000000c4300000, 0x00000000eab00000)
  object space 68608K, 0% used [0x00000000c0000000,0x00000000c0000000,0x00000000c4300000)
 Metaspace       used 10611K, committed 10752K, reserved 1114112K
  class space    used 1058K, committed 1152K, reserved 1048576K
}
Event: 2.606 GC heap after
{Heap after GC invocations=1 (full 0):
 PSYoungGen      total 29696K, used 3076K [0x00000000eab00000, 0x00000000ecc00000, 0x0000000100000000)
  eden space 25600K, 0% used [0x00000000eab00000,0x00000000eab00000,0x00000000ec400000)
  from space 4096K, 75% used [0x00000000ec400000,0x00000000ec7012e0,0x00000000ec800000)
  to   space 4096K, 0% used [0x00000000ec800000,0x00000000ec800000,0x00000000ecc00000)
 ParOldGen       total 68608K, used 16K [0x00000000c0000000, 0x00000000c4300000, 0x00000000eab00000)
  object space 68608K, 0% used [0x00000000c0000000,0x00000000c0004000,0x00000000c4300000)
 Metaspace       used 10611K, committed 10752K, reserved 1114112K
  class space    used 1058K, committed 1152K, reserved 1048576K
}
Event: 12.056 GC heap before
{Heap before GC invocations=2 (full 0):
 PSYoungGen      total 29696K, used 28676K [0x00000000eab00000, 0x00000000ecc00000, 0x0000000100000000)
  eden space 25600K, 100% used [0x00000000eab00000,0x00000000ec400000,0x00000000ec400000)
  from space 4096K, 75% used [0x00000000ec400000,0x00000000ec7012e0,0x00000000ec800000)
  to   space 4096K, 0% used [0x00000000ec800000,0x00000000ec800000,0x00000000ecc00000)
 ParOldGen       total 68608K, used 16K [0x00000000c0000000, 0x00000000c4300000, 0x00000000eab00000)
  object space 68608K, 0% used [0x00000000c0000000,0x00000000c0004000,0x00000000c4300000)
 Metaspace       used 14401K, committed 14592K, reserved 1114112K
  class space    used 1437K, committed 1536K, reserved 1048576K
}
Event: 12.067 GC heap after
{Heap after GC invocations=2 (full 0):
 PSYoungGen      total 29696K, used 4074K [0x00000000eab00000, 0x00000000ecc00000, 0x0000000100000000)
  eden space 25600K, 0% used [0x00000000eab00000,0x00000000eab00000,0x00000000ec400000)
  from space 4096K, 99% used [0x00000000ec800000,0x00000000ecbfaab0,0x00000000ecc00000)
  to   space 4096K, 0% used [0x00000000ec400000,0x00000000ec400000,0x00000000ec800000)
 ParOldGen       total 68608K, used 672K [0x00000000c0000000, 0x00000000c4300000, 0x00000000eab00000)
  object space 68608K, 0% used [0x00000000c0000000,0x00000000c00a8020,0x00000000c4300000)
 Metaspace       used 14401K, committed 14592K, reserved 1114112K
  class space    used 1437K, committed 1536K, reserved 1048576K
}
Event: 13.068 GC heap before
{Heap before GC invocations=3 (full 0):
 PSYoungGen      total 29696K, used 29674K [0x00000000eab00000, 0x00000000ecc00000, 0x0000000100000000)
  eden space 25600K, 100% used [0x00000000eab00000,0x00000000ec400000,0x00000000ec400000)
  from space 4096K, 99% used [0x00000000ec800000,0x00000000ecbfaab0,0x00000000ecc00000)
  to   space 4096K, 0% used [0x00000000ec400000,0x00000000ec400000,0x00000000ec800000)
 ParOldGen       total 68608K, used 672K [0x00000000c0000000, 0x00000000c4300000, 0x00000000eab00000)
  object space 68608K, 0% used [0x00000000c0000000,0x00000000c00a8020,0x00000000c4300000)
 Metaspace       used 19450K, committed 19776K, reserved 1114112K
  class space    used 1982K, committed 2112K, reserved 1048576K
}
Event: 13.073 GC heap after
{Heap after GC invocations=3 (full 0):
 PSYoungGen      total 29696K, used 4074K [0x00000000eab00000, 0x00000000ecc00000, 0x0000000100000000)
  eden space 25600K, 0% used [0x00000000eab00000,0x00000000eab00000,0x00000000ec400000)
  from space 4096K, 99% used [0x00000000ec400000,0x00000000ec7fa818,0x00000000ec800000)
  to   space 4096K, 0% used [0x00000000ec800000,0x00000000ec800000,0x00000000ecc00000)
 ParOldGen       total 68608K, used 2454K [0x00000000c0000000, 0x00000000c4300000, 0x00000000eab00000)
  object space 68608K, 3% used [0x00000000c0000000,0x00000000c0265bd8,0x00000000c4300000)
 Metaspace       used 19450K, committed 19776K, reserved 1114112K
  class space    used 1982K, committed 2112K, reserved 1048576K
}
Event: 13.332 GC heap before
{Heap before GC invocations=4 (full 0):
 PSYoungGen      total 29696K, used 13061K [0x00000000eab00000, 0x00000000ecc00000, 0x0000000100000000)
  eden space 25600K, 35% used [0x00000000eab00000,0x00000000eb3c6d28,0x00000000ec400000)
  from space 4096K, 99% used [0x00000000ec400000,0x00000000ec7fa818,0x00000000ec800000)
  to   space 4096K, 0% used [0x00000000ec800000,0x00000000ec800000,0x00000000ecc00000)
 ParOldGen       total 68608K, used 2454K [0x00000000c0000000, 0x00000000c4300000, 0x00000000eab00000)
  object space 68608K, 3% used [0x00000000c0000000,0x00000000c0265bd8,0x00000000c4300000)
 Metaspace       used 21109K, committed 21504K, reserved 1114112K
  class space    used 2148K, committed 2304K, reserved 1048576K
}
Event: 13.337 GC heap after
{Heap after GC invocations=4 (full 0):
 PSYoungGen      total 29696K, used 4085K [0x00000000eab00000, 0x00000000ecc00000, 0x0000000100000000)
  eden space 25600K, 0% used [0x00000000eab00000,0x00000000eab00000,0x00000000ec400000)
  from space 4096K, 99% used [0x00000000ec800000,0x00000000ecbfd5b8,0x00000000ecc00000)
  to   space 4096K, 0% used [0x00000000ec400000,0x00000000ec400000,0x00000000ec800000)
 ParOldGen       total 68608K, used 3046K [0x00000000c0000000, 0x00000000c4300000, 0x00000000eab00000)
  object space 68608K, 4% used [0x00000000c0000000,0x00000000c02f9bd8,0x00000000c4300000)
 Metaspace       used 21109K, committed 21504K, reserved 1114112K
  class space    used 2148K, committed 2304K, reserved 1048576K
}
Event: 13.337 GC heap before
{Heap before GC invocations=5 (full 1):
 PSYoungGen      total 29696K, used 4085K [0x00000000eab00000, 0x00000000ecc00000, 0x0000000100000000)
  eden space 25600K, 0% used [0x00000000eab00000,0x00000000eab00000,0x00000000ec400000)
  from space 4096K, 99% used [0x00000000ec800000,0x00000000ecbfd5b8,0x00000000ecc00000)
  to   space 4096K, 0% used [0x00000000ec400000,0x00000000ec400000,0x00000000ec800000)
 ParOldGen       total 68608K, used 3046K [0x00000000c0000000, 0x00000000c4300000, 0x00000000eab00000)
  object space 68608K, 4% used [0x00000000c0000000,0x00000000c02f9bd8,0x00000000c4300000)
 Metaspace       used 21109K, committed 21504K, reserved 1114112K
  class space    used 2148K, committed 2304K, reserved 1048576K
}
Event: 13.366 GC heap after
{Heap after GC invocations=5 (full 1):
 PSYoungGen      total 29696K, used 0K [0x00000000eab00000, 0x00000000ecc00000, 0x0000000100000000)
  eden space 25600K, 0% used [0x00000000eab00000,0x00000000eab00000,0x00000000ec400000)
  from space 4096K, 0% used [0x00000000ec800000,0x00000000ec800000,0x00000000ecc00000)
  to   space 4096K, 0% used [0x00000000ec400000,0x00000000ec400000,0x00000000ec800000)
 ParOldGen       total 68608K, used 6901K [0x00000000c0000000, 0x00000000c4300000, 0x00000000eab00000)
  object space 68608K, 10% used [0x00000000c0000000,0x00000000c06bd438,0x00000000c4300000)
 Metaspace       used 21095K, committed 21504K, reserved 1114112K
  class space    used 2144K, committed 2304K, reserved 1048576K
}
Event: 14.443 GC heap before
{Heap before GC invocations=6 (full 1):
 PSYoungGen      total 29696K, used 25600K [0x00000000eab00000, 0x00000000ecc00000, 0x0000000100000000)
  eden space 25600K, 100% used [0x00000000eab00000,0x00000000ec400000,0x00000000ec400000)
  from space 4096K, 0% used [0x00000000ec800000,0x00000000ec800000,0x00000000ecc00000)
  to   space 4096K, 0% used [0x00000000ec400000,0x00000000ec400000,0x00000000ec800000)
 ParOldGen       total 68608K, used 6901K [0x00000000c0000000, 0x00000000c4300000, 0x00000000eab00000)
  object space 68608K, 10% used [0x00000000c0000000,0x00000000c06bd438,0x00000000c4300000)
 Metaspace       used 24072K, committed 24640K, reserved 1114112K
  class space    used 2449K, committed 2688K, reserved 1048576K
}
Event: 14.445 GC heap after
{Heap after GC invocations=6 (full 1):
 PSYoungGen      total 28672K, used 3390K [0x00000000eab00000, 0x00000000ecb80000, 0x0000000100000000)
  eden space 25088K, 0% used [0x00000000eab00000,0x00000000eab00000,0x00000000ec380000)
  from space 3584K, 94% used [0x00000000ec400000,0x00000000ec74fb78,0x00000000ec780000)
  to   space 4096K, 0% used [0x00000000ec780000,0x00000000ec780000,0x00000000ecb80000)
 ParOldGen       total 68608K, used 6909K [0x00000000c0000000, 0x00000000c4300000, 0x00000000eab00000)
  object space 68608K, 10% used [0x00000000c0000000,0x00000000c06bf438,0x00000000c4300000)
 Metaspace       used 24072K, committed 24640K, reserved 1114112K
  class space    used 2449K, committed 2688K, reserved 1048576K
}

Dll operation events (10 events):
Event: 0.132 Loaded shared library c:\Users\ameli\.vscode\extensions\redhat.java-1.34.0-win32-x64\jre\17.0.12-win32-x86_64\bin\java.dll
Event: 0.384 Loaded shared library c:\Users\ameli\.vscode\extensions\redhat.java-1.34.0-win32-x64\jre\17.0.12-win32-x86_64\bin\zip.dll
Event: 0.389 Loaded shared library C:\Users\ameli\.vscode\extensions\redhat.java-1.34.0-win32-x64\jre\17.0.12-win32-x86_64\bin\instrument.dll
Event: 0.504 Loaded shared library C:\Users\ameli\.vscode\extensions\redhat.java-1.34.0-win32-x64\jre\17.0.12-win32-x86_64\bin\net.dll
Event: 0.601 Loaded shared library C:\Users\ameli\.vscode\extensions\redhat.java-1.34.0-win32-x64\jre\17.0.12-win32-x86_64\bin\nio.dll
Event: 0.616 Loaded shared library C:\Users\ameli\.vscode\extensions\redhat.java-1.34.0-win32-x64\jre\17.0.12-win32-x86_64\bin\zip.dll
Event: 0.650 Loaded shared library C:\Users\ameli\.vscode\extensions\redhat.java-1.34.0-win32-x64\jre\17.0.12-win32-x86_64\bin\jimage.dll
Event: 0.852 Loaded shared library c:\Users\ameli\.vscode\extensions\redhat.java-1.34.0-win32-x64\jre\17.0.12-win32-x86_64\bin\verify.dll
Event: 12.052 Loaded shared library C:\Users\ameli\AppData\Roaming\Code\User\globalStorage\redhat.java\1.34.0\config_ss_win\org.eclipse.equinox.launcher\org.eclipse.equinox.launcher.win32.win32.x86_64_1.2.1100.v20240722-2106\eclipse_11904.dll
Event: 13.859 Loaded shared library C:\Users\ameli\AppData\Local\Temp\jna-92929270\jna9792941278108731178.dll

Deoptimization events (20 events):
Event: 13.379 Thread 0x00000282b3e914b0 Uncommon trap: trap_request=0xffffff45 fr.pc=0x00000282a3683574 relative=0x0000000000000674
Event: 13.379 Thread 0x00000282b3e914b0 Uncommon trap: reason=unstable_if action=reinterpret pc=0x00000282a3683574 method=java.lang.String.replace(Ljava/lang/CharSequence;Ljava/lang/CharSequence;)Ljava/lang/String; @ 42 c2
Event: 13.379 Thread 0x00000282b3e914b0 DEOPT PACKING pc=0x00000282a3683574 sp=0x000000c4cc9f73c0
Event: 13.379 Thread 0x00000282b3e914b0 DEOPT UNPACKING pc=0x00000282a2f566a3 sp=0x000000c4cc9f7350 mode 2
Event: 14.060 Thread 0x00000282b3e914b0 Uncommon trap: trap_request=0xffffff45 fr.pc=0x00000282a369a174 relative=0x0000000000000074
Event: 14.060 Thread 0x00000282b3e914b0 Uncommon trap: reason=unstable_if action=reinterpret pc=0x00000282a369a174 method=jdk.internal.misc.Unsafe.convEndian(ZJ)J @ 4 c2
Event: 14.060 Thread 0x00000282b3e914b0 DEOPT PACKING pc=0x00000282a369a174 sp=0x000000c4cc9f79c0
Event: 14.060 Thread 0x00000282b3e914b0 DEOPT UNPACKING pc=0x00000282a2f566a3 sp=0x000000c4cc9f78e8 mode 2
Event: 14.099 Thread 0x00000282b3e914b0 Uncommon trap: trap_request=0xffffff45 fr.pc=0x00000282a367bcc8 relative=0x0000000000000048
Event: 14.099 Thread 0x00000282b3e914b0 Uncommon trap: reason=unstable_if action=reinterpret pc=0x00000282a367bcc8 method=java.lang.CharacterData.of(I)Ljava/lang/CharacterData; @ 4 c2
Event: 14.099 Thread 0x00000282b3e914b0 DEOPT PACKING pc=0x00000282a367bcc8 sp=0x000000c4cc9f8930
Event: 14.099 Thread 0x00000282b3e914b0 DEOPT UNPACKING pc=0x00000282a2f566a3 sp=0x000000c4cc9f88c8 mode 2
Event: 14.817 Thread 0x00000282b3e914b0 Uncommon trap: trap_request=0xffffff45 fr.pc=0x00000282a37480a8 relative=0x0000000000000128
Event: 14.817 Thread 0x00000282b3e914b0 Uncommon trap: reason=unstable_if action=reinterpret pc=0x00000282a37480a8 method=org.lombokweb.asm.ByteVector.putByteArray([BII)Lorg/lombokweb/asm/ByteVector; @ 20 c2
Event: 14.817 Thread 0x00000282b3e914b0 DEOPT PACKING pc=0x00000282a37480a8 sp=0x000000c4cc9f26b0
Event: 14.817 Thread 0x00000282b3e914b0 DEOPT UNPACKING pc=0x00000282a2f566a3 sp=0x000000c4cc9f2680 mode 2
Event: 14.817 Thread 0x00000282b3e914b0 Uncommon trap: trap_request=0xffffff45 fr.pc=0x00000282a37486d4 relative=0x0000000000000334
Event: 14.817 Thread 0x00000282b3e914b0 Uncommon trap: reason=unstable_if action=reinterpret pc=0x00000282a37486d4 method=org.lombokweb.asm.Label.resolve([BLorg/lombokweb/asm/ByteVector;I)Z @ 81 c2
Event: 14.817 Thread 0x00000282b3e914b0 DEOPT PACKING pc=0x00000282a37486d4 sp=0x000000c4cc9f2730
Event: 14.817 Thread 0x00000282b3e914b0 DEOPT UNPACKING pc=0x00000282a2f566a3 sp=0x000000c4cc9f2638 mode 2

Classes loaded (20 events):
Event: 14.296 Loading class java/util/zip/GZIPInputStream
Event: 14.297 Loading class java/util/zip/GZIPInputStream done
Event: 14.308 Loading class java/net/SocketTimeoutException
Event: 14.308 Loading class java/io/InterruptedIOException
Event: 14.309 Loading class java/io/InterruptedIOException done
Event: 14.309 Loading class java/net/SocketTimeoutException done
Event: 14.309 Loading class java/net/SocketException
Event: 14.309 Loading class java/net/SocketException done
Event: 14.309 Loading class java/net/UnknownHostException
Event: 14.309 Loading class java/net/UnknownHostException done
Event: 14.309 Loading class java/net/ProtocolException
Event: 14.309 Loading class java/net/ProtocolException done
Event: 14.340 Loading class java/lang/ThreadLocal$SuppliedThreadLocal
Event: 14.341 Loading class java/lang/ThreadLocal$SuppliedThreadLocal done
Event: 14.360 Loading class java/io/FileWriter
Event: 14.361 Loading class java/io/FileWriter done
Event: 14.474 Loading class java/lang/NegativeArraySizeException
Event: 14.474 Loading class java/lang/NegativeArraySizeException done
Event: 14.736 Loading class java/lang/invoke/MethodHandle$1
Event: 14.736 Loading class java/lang/invoke/MethodHandle$1 done

Classes unloaded (7 events):
Event: 13.341 Thread 0x0000028298eceb60 Unloading class 0x000000010021e400 'java/lang/invoke/LambdaForm$MH+0x000000010021e400'
Event: 13.341 Thread 0x0000028298eceb60 Unloading class 0x000000010021e000 'java/lang/invoke/LambdaForm$MH+0x000000010021e000'
Event: 13.341 Thread 0x0000028298eceb60 Unloading class 0x000000010021dc00 'java/lang/invoke/LambdaForm$MH+0x000000010021dc00'
Event: 13.341 Thread 0x0000028298eceb60 Unloading class 0x000000010021d800 'java/lang/invoke/LambdaForm$MH+0x000000010021d800'
Event: 13.341 Thread 0x0000028298eceb60 Unloading class 0x000000010021d400 'java/lang/invoke/LambdaForm$BMH+0x000000010021d400'
Event: 13.341 Thread 0x0000028298eceb60 Unloading class 0x000000010021d000 'java/lang/invoke/LambdaForm$DMH+0x000000010021d000'
Event: 13.341 Thread 0x0000028298eceb60 Unloading class 0x0000000100218400 'java/lang/invoke/LambdaForm$DMH+0x0000000100218400'

Classes redefined (0 events):
No events

Internal exceptions (20 events):
Event: 13.119 Thread 0x00000282b3e914b0 Exception <a 'java/io/FileNotFoundException'{0x00000000eacc7b90}> (0x00000000eacc7b90) 
thrown [s\src\hotspot\share\prims\jni.cpp, line 516]
Event: 13.207 Thread 0x00000282b3e914b0 Exception <a 'java/lang/NoSuchMethodError'{0x00000000eaf9b9c0}: 'java.lang.Object java.lang.invoke.DirectMethodHandle$Holder.newInvokeSpecial(java.lang.Object, java.lang.Object, java.lang.Object, java.lang.Object, java.lang.Object)'> (0x00000000eaf9b9c0) 
thrown [s\src\hotspot\share\interpreter\linkResolver.cpp, line 759]
Event: 13.272 Thread 0x00000282b3e914b0 Exception <a 'java/lang/NoSuchMethodError'{0x00000000eb121398}: 'java.lang.Object java.lang.invoke.DirectMethodHandle$Holder.invokeStaticInit(java.lang.Object, int)'> (0x00000000eb121398) 
thrown [s\src\hotspot\share\interpreter\linkResolver.cpp, line 759]
Event: 13.390 Thread 0x00000282b3e914b0 Exception <a 'java/lang/NoSuchMethodError'{0x00000000eabb7d60}: 'java.lang.Object java.lang.invoke.DirectMethodHandle$Holder.invokeStaticInit(java.lang.Object, int, int, int, int)'> (0x00000000eabb7d60) 
thrown [s\src\hotspot\share\interpreter\linkResolver.cpp, line 759]
Event: 13.658 Thread 0x00000282b3e914b0 Exception <a 'java/lang/NoSuchMethodError'{0x00000000eaced0c0}: 'java.lang.Object java.lang.invoke.DirectMethodHandle$Holder.invokeStaticInit(java.lang.Object, java.lang.Object, int, int, int, int)'> (0x00000000eaced0c0) 
thrown [s\src\hotspot\share\interpreter\linkResolver.cpp, line 759]
Event: 14.019 Thread 0x00000282b3e914b0 Exception <a 'java/lang/NoSuchMethodError'{0x00000000eafecde0}: 'java.lang.Object java.lang.invoke.DirectMethodHandle$Holder.invokeSpecial(java.lang.Object, java.lang.Object, java.lang.Object, long, java.lang.Object)'> (0x00000000eafecde0) 
thrown [s\src\hotspot\share\interpreter\linkResolver.cpp, line 759]
Event: 14.021 Thread 0x00000282b3e914b0 Exception <a 'java/lang/NoSuchMethodError'{0x00000000eaff4f98}: 'java.lang.Object java.lang.invoke.DirectMethodHandle$Holder.newInvokeSpecial(java.lang.Object, java.lang.Object, java.lang.Object, long)'> (0x00000000eaff4f98) 
thrown [s\src\hotspot\share\interpreter\linkResolver.cpp, line 759]
Event: 14.022 Thread 0x00000282b3e914b0 Exception <a 'java/lang/NoSuchMethodError'{0x00000000eaff9538}: 'java.lang.Object java.lang.invoke.DirectMethodHandle$Holder.invokeSpecial(java.lang.Object, java.lang.Object, java.lang.Object, java.lang.Object, long)'> (0x00000000eaff9538) 
thrown [s\src\hotspot\share\interpreter\linkResolver.cpp, line 759]
Event: 14.023 Thread 0x00000282b3e914b0 Exception <a 'java/lang/NoSuchMethodError'{0x00000000eaffd3b0}: 'java.lang.Object java.lang.invoke.Invokers$Holder.linkToTargetMethod(java.lang.Object, java.lang.Object, long, java.lang.Object)'> (0x00000000eaffd3b0) 
thrown [s\src\hotspot\share\interpreter\linkResolver.cpp, line 759]
Event: 14.043 Thread 0x00000282b3e914b0 Exception <a 'java/lang/NoSuchMethodError'{0x00000000eb06aaf0}: 'int java.lang.invoke.DirectMethodHandle$Holder.invokeStaticInit(java.lang.Object, java.lang.Object, java.lang.Object)'> (0x00000000eb06aaf0) 
thrown [s\src\hotspot\share\interpreter\linkResolver.cpp, line 759]
Event: 14.128 Thread 0x00000282b3e914b0 Exception <a 'java/lang/IncompatibleClassChangeError'{0x00000000eb29a9e8}: Found class java.lang.Object, but interface was expected> (0x00000000eb29a9e8) 
thrown [s\src\hotspot\share\interpreter\linkResolver.cpp, line 826]
Event: 14.139 Thread 0x00000282b3e914b0 Exception <a 'java/lang/NoSuchMethodError'{0x00000000eb2b12b8}: 'java.lang.Object java.lang.invoke.DirectMethodHandle$Holder.invokeSpecial(java.lang.Object, java.lang.Object, java.lang.Object, int, java.lang.Object, java.lang.Object)'> (0x00000000eb2b12b8) 
thrown [s\src\hotspot\share\interpreter\linkResolver.cpp, line 759]
Event: 14.140 Thread 0x00000282b3e914b0 Exception <a 'java/lang/NoSuchMethodError'{0x00000000eb2b9a40}: 'java.lang.Object java.lang.invoke.DirectMethodHandle$Holder.newInvokeSpecial(java.lang.Object, java.lang.Object, java.lang.Object, int, java.lang.Object)'> (0x00000000eb2b9a40) 
thrown [s\src\hotspot\share\interpreter\linkResolver.cpp, line 759]
Event: 14.141 Thread 0x00000282b3e914b0 Exception <a 'java/lang/NoSuchMethodError'{0x00000000eb2bde98}: 'java.lang.Object java.lang.invoke.DirectMethodHandle$Holder.invokeSpecial(java.lang.Object, java.lang.Object, java.lang.Object, java.lang.Object, int, java.lang.Object)'> (0x00000000eb2bde98) 
thrown [s\src\hotspot\share\interpreter\linkResolver.cpp, line 759]
Event: 14.143 Thread 0x00000282b4455ad0 Exception <a 'java/lang/NoSuchMethodError'{0x00000000eb042d68}: 'java.lang.Object java.lang.invoke.DirectMethodHandle$Holder.invokeSpecial(java.lang.Object, java.lang.Object, int, java.lang.Object, java.lang.Object)'> (0x00000000eb042d68) 
thrown [s\src\hotspot\share\interpreter\linkResolver.cpp, line 759]
Event: 14.144 Thread 0x00000282b4455ad0 Exception <a 'java/lang/NoSuchMethodError'{0x00000000eb04a438}: 'java.lang.Object java.lang.invoke.DirectMethodHandle$Holder.newInvokeSpecial(java.lang.Object, java.lang.Object, int, java.lang.Object)'> (0x00000000eb04a438) 
thrown [s\src\hotspot\share\interpreter\linkResolver.cpp, line 759]
Event: 14.145 Thread 0x00000282b4455ad0 Exception <a 'java/lang/NoSuchMethodError'{0x00000000eb04df48}: 'java.lang.Object java.lang.invoke.DirectMethodHandle$Holder.invokeSpecial(java.lang.Object, java.lang.Object, java.lang.Object, int, java.lang.Object)'> (0x00000000eb04df48) 
thrown [s\src\hotspot\share\interpreter\linkResolver.cpp, line 759]
Event: 14.239 Thread 0x00000282b3e914b0 Exception <a 'java/lang/NoSuchMethodError'{0x00000000eb5ed0c0}: 'double java.lang.invoke.DirectMethodHandle$Holder.invokeStatic(java.lang.Object, java.lang.Object)'> (0x00000000eb5ed0c0) 
thrown [s\src\hotspot\share\interpreter\linkResolver.cpp, line 759]
Event: 14.240 Thread 0x00000282b3e914b0 Exception <a 'java/lang/NoSuchMethodError'{0x00000000eb5f09d8}: 'double java.lang.invoke.DirectMethodHandle$Holder.invokeStaticInit(java.lang.Object, java.lang.Object)'> (0x00000000eb5f09d8) 
thrown [s\src\hotspot\share\interpreter\linkResolver.cpp, line 759]
Event: 14.817 Thread 0x00000282b3e914b0 Implicit null exception at 0x00000282a3747fc8 to 0x00000282a3748088

VM Operations (20 events):
Event: 12.117 Executing VM operation: HandshakeAllThreads
Event: 12.117 Executing VM operation: HandshakeAllThreads done
Event: 12.852 Executing VM operation: HandshakeAllThreads
Event: 12.852 Executing VM operation: HandshakeAllThreads done
Event: 13.008 Executing VM operation: HandshakeAllThreads
Event: 13.008 Executing VM operation: HandshakeAllThreads done
Event: 13.067 Executing VM operation: ParallelGCFailedAllocation
Event: 13.073 Executing VM operation: ParallelGCFailedAllocation done
Event: 13.332 Executing VM operation: CollectForMetadataAllocation
Event: 13.366 Executing VM operation: CollectForMetadataAllocation done
Event: 13.417 Executing VM operation: HandshakeAllThreads
Event: 13.417 Executing VM operation: HandshakeAllThreads done
Event: 13.880 Executing VM operation: HandshakeAllThreads
Event: 13.880 Executing VM operation: HandshakeAllThreads done
Event: 14.060 Executing VM operation: HandshakeAllThreads
Event: 14.060 Executing VM operation: HandshakeAllThreads done
Event: 14.101 Executing VM operation: HandshakeAllThreads
Event: 14.101 Executing VM operation: HandshakeAllThreads done
Event: 14.443 Executing VM operation: ParallelGCFailedAllocation
Event: 14.445 Executing VM operation: ParallelGCFailedAllocation done

Events (20 events):
Event: 3.548 Thread 0x00000282b466b050 Thread added: 0x00000282b466b050
Event: 3.871 Thread 0x00000282b435c2e0 Thread exited: 0x00000282b435c2e0
Event: 4.073 Thread 0x00000282b435bdc0 Thread exited: 0x00000282b435bdc0
Event: 4.907 Thread 0x00000282b3e914b0 Thread exited: 0x00000282b3e914b0
Event: 5.459 Thread 0x00000282b3e908a0 Thread exited: 0x00000282b3e908a0
Event: 6.745 Thread 0x00000282b2186fa0 Thread exited: 0x00000282b2186fa0
Event: 11.868 Thread 0x00000282b2186fa0 Thread added: 0x00000282b2186fa0
Event: 11.875 Thread 0x00000282b3e914b0 Thread added: 0x00000282b3e914b0
Event: 11.950 Thread 0x00000282b44f9ab0 Thread added: 0x00000282b44f9ab0
Event: 12.135 Thread 0x00000282b44dfba0 Thread added: 0x00000282b44dfba0
Event: 12.335 Thread 0x00000282b475ea60 Thread added: 0x00000282b475ea60
Event: 12.857 Thread 0x00000282b4236000 Thread added: 0x00000282b4236000
Event: 12.895 Thread 0x00000282b4454ba0 Thread added: 0x00000282b4454ba0
Event: 12.971 Thread 0x00000282b4236000 Thread exited: 0x00000282b4236000
Event: 13.934 Thread 0x00000282b44555c0 Thread added: 0x00000282b44555c0
Event: 14.030 Thread 0x00000282b4455ad0 Thread added: 0x00000282b4455ad0
Event: 14.144 Thread 0x00000282b4457420 Thread added: 0x00000282b4457420
Event: 14.406 Thread 0x00000282b4cdd9f0 Thread added: 0x00000282b4cdd9f0
Event: 14.422 Thread 0x00000282b4cddf10 Thread added: 0x00000282b4cddf10
Event: 14.629 Thread 0x00000282b4cddf10 Thread exited: 0x00000282b4cddf10


Dynamic libraries:
0x00007ff7482b0000 - 0x00007ff7482be000 	c:\Users\ameli\.vscode\extensions\redhat.java-1.34.0-win32-x64\jre\17.0.12-win32-x86_64\bin\java.exe
0x00007ffc17810000 - 0x00007ffc17a27000 	C:\WINDOWS\SYSTEM32\ntdll.dll
0x00007ffc167a0000 - 0x00007ffc16864000 	C:\WINDOWS\System32\KERNEL32.DLL
0x00007ffc14b30000 - 0x00007ffc14edd000 	C:\WINDOWS\System32\KERNELBASE.dll
0x00007ffc14f10000 - 0x00007ffc15021000 	C:\WINDOWS\System32\ucrtbase.dll
0x00007ffc0da20000 - 0x00007ffc0da37000 	c:\Users\ameli\.vscode\extensions\redhat.java-1.34.0-win32-x64\jre\17.0.12-win32-x86_64\bin\jli.dll
0x00007ffc0dcb0000 - 0x00007ffc0dccb000 	c:\Users\ameli\.vscode\extensions\redhat.java-1.34.0-win32-x64\jre\17.0.12-win32-x86_64\bin\VCRUNTIME140.dll
0x00007ffc16fe0000 - 0x00007ffc1718e000 	C:\WINDOWS\System32\USER32.dll
0x00007ffc15510000 - 0x00007ffc15536000 	C:\WINDOWS\System32\win32u.dll
0x00007ffc03980000 - 0x00007ffc03c13000 	C:\WINDOWS\WinSxS\amd64_microsoft.windows.common-controls_6595b64144ccf1df_6.0.22621.3672_none_2713b9d173822955\COMCTL32.dll
0x00007ffc16b80000 - 0x00007ffc16ba9000 	C:\WINDOWS\System32\GDI32.dll
0x00007ffc16ad0000 - 0x00007ffc16b77000 	C:\WINDOWS\System32\msvcrt.dll
0x00007ffc151a0000 - 0x00007ffc152b9000 	C:\WINDOWS\System32\gdi32full.dll
0x00007ffc15470000 - 0x00007ffc1550a000 	C:\WINDOWS\System32\msvcp_win.dll
0x00007ffc17630000 - 0x00007ffc17661000 	C:\WINDOWS\System32\IMM32.DLL
0x00007ffc0dca0000 - 0x00007ffc0dcac000 	c:\Users\ameli\.vscode\extensions\redhat.java-1.34.0-win32-x64\jre\17.0.12-win32-x86_64\bin\vcruntime140_1.dll
0x00007ffc029a0000 - 0x00007ffc02a2d000 	c:\Users\ameli\.vscode\extensions\redhat.java-1.34.0-win32-x64\jre\17.0.12-win32-x86_64\bin\msvcp140.dll
0x00007ffbcb370000 - 0x00007ffbcbfda000 	c:\Users\ameli\.vscode\extensions\redhat.java-1.34.0-win32-x64\jre\17.0.12-win32-x86_64\bin\server\jvm.dll
0x00007ffc164e0000 - 0x00007ffc16592000 	C:\WINDOWS\System32\ADVAPI32.dll
0x00007ffc16a20000 - 0x00007ffc16ac9000 	C:\WINDOWS\System32\sechost.dll
0x00007ffc14ee0000 - 0x00007ffc14f08000 	C:\WINDOWS\System32\bcrypt.dll
0x00007ffc15b50000 - 0x00007ffc15c64000 	C:\WINDOWS\System32\RPCRT4.dll
0x00007ffc16f60000 - 0x00007ffc16fd1000 	C:\WINDOWS\System32\WS2_32.dll
0x00007ffc14840000 - 0x00007ffc1488d000 	C:\WINDOWS\SYSTEM32\POWRPROF.dll
0x00007ffc12680000 - 0x00007ffc126b4000 	C:\WINDOWS\SYSTEM32\WINMM.dll
0x00007ffc10070000 - 0x00007ffc1007a000 	C:\WINDOWS\SYSTEM32\VERSION.dll
0x00007ffc14820000 - 0x00007ffc14833000 	C:\WINDOWS\SYSTEM32\UMPDC.dll
0x00007ffc13ac0000 - 0x00007ffc13ad8000 	C:\WINDOWS\SYSTEM32\kernel.appcore.dll
0x00007ffc0dbe0000 - 0x00007ffc0dbea000 	c:\Users\ameli\.vscode\extensions\redhat.java-1.34.0-win32-x64\jre\17.0.12-win32-x86_64\bin\jimage.dll
0x00007ffc12440000 - 0x00007ffc12672000 	C:\WINDOWS\SYSTEM32\DBGHELP.DLL
0x00007ffc172a0000 - 0x00007ffc1762d000 	C:\WINDOWS\System32\combase.dll
0x00007ffc16e80000 - 0x00007ffc16f57000 	C:\WINDOWS\System32\OLEAUT32.dll
0x00007ffc12400000 - 0x00007ffc12432000 	C:\WINDOWS\SYSTEM32\dbgcore.DLL
0x00007ffc152c0000 - 0x00007ffc1533b000 	C:\WINDOWS\System32\bcryptPrimitives.dll
0x00007ffc0d6a0000 - 0x00007ffc0d6ae000 	c:\Users\ameli\.vscode\extensions\redhat.java-1.34.0-win32-x64\jre\17.0.12-win32-x86_64\bin\instrument.dll
0x00007ffc03540000 - 0x00007ffc03565000 	c:\Users\ameli\.vscode\extensions\redhat.java-1.34.0-win32-x64\jre\17.0.12-win32-x86_64\bin\java.dll
0x00007ffc05650000 - 0x00007ffc05668000 	c:\Users\ameli\.vscode\extensions\redhat.java-1.34.0-win32-x64\jre\17.0.12-win32-x86_64\bin\zip.dll
0x00007ffc15c70000 - 0x00007ffc164d8000 	C:\WINDOWS\System32\SHELL32.dll
0x00007ffc12a30000 - 0x00007ffc1332e000 	C:\WINDOWS\SYSTEM32\windows.storage.dll
0x00007ffc128e0000 - 0x00007ffc12a1f000 	C:\WINDOWS\SYSTEM32\wintypes.dll
0x00007ffc15a50000 - 0x00007ffc15b49000 	C:\WINDOWS\System32\SHCORE.dll
0x00007ffc17240000 - 0x00007ffc1729e000 	C:\WINDOWS\System32\shlwapi.dll
0x00007ffc14a60000 - 0x00007ffc14a81000 	C:\WINDOWS\SYSTEM32\profapi.dll
0x00007ffc030e0000 - 0x00007ffc030f9000 	C:\Users\ameli\.vscode\extensions\redhat.java-1.34.0-win32-x64\jre\17.0.12-win32-x86_64\bin\net.dll
0x00007ffc0fe00000 - 0x00007ffc0ff36000 	C:\WINDOWS\SYSTEM32\WINHTTP.dll
0x00007ffc13f90000 - 0x00007ffc13ff9000 	C:\WINDOWS\system32\mswsock.dll
0x00007ffc01ba0000 - 0x00007ffc01bb6000 	C:\Users\ameli\.vscode\extensions\redhat.java-1.34.0-win32-x64\jre\17.0.12-win32-x86_64\bin\nio.dll
0x00007ffc0c440000 - 0x00007ffc0c450000 	c:\Users\ameli\.vscode\extensions\redhat.java-1.34.0-win32-x64\jre\17.0.12-win32-x86_64\bin\verify.dll
0x00007ffc01e10000 - 0x00007ffc01e55000 	C:\Users\ameli\AppData\Roaming\Code\User\globalStorage\redhat.java\1.34.0\config_ss_win\org.eclipse.equinox.launcher\org.eclipse.equinox.launcher.win32.win32.x86_64_1.2.1100.v20240722-2106\eclipse_11904.dll
0x00007ffc16870000 - 0x00007ffc16a15000 	C:\WINDOWS\System32\ole32.dll
0x00007ffc141b0000 - 0x00007ffc141cb000 	C:\WINDOWS\SYSTEM32\CRYPTSP.dll
0x00007ffc13a80000 - 0x00007ffc13ab5000 	C:\WINDOWS\system32\rsaenh.dll
0x00007ffc14050000 - 0x00007ffc14078000 	C:\WINDOWS\SYSTEM32\USERENV.dll
0x00007ffc141d0000 - 0x00007ffc141dc000 	C:\WINDOWS\SYSTEM32\CRYPTBASE.dll
0x00007ffc13590000 - 0x00007ffc135bd000 	C:\WINDOWS\SYSTEM32\IPHLPAPI.DLL
0x00007ffc165a0000 - 0x00007ffc165a9000 	C:\WINDOWS\System32\NSI.dll
0x00007ffc0fc50000 - 0x00007ffc0fc69000 	C:\WINDOWS\SYSTEM32\dhcpcsvc6.DLL
0x00007ffc0fc30000 - 0x00007ffc0fc4f000 	C:\WINDOWS\SYSTEM32\dhcpcsvc.DLL
0x00007ffc13600000 - 0x00007ffc136f8000 	C:\WINDOWS\SYSTEM32\DNSAPI.dll
0x00007ffbf3200000 - 0x00007ffbf3245000 	C:\Users\ameli\AppData\Local\Temp\jna-92929270\jna9792941278108731178.dll
0x00007ffc165b0000 - 0x00007ffc165b8000 	C:\WINDOWS\System32\PSAPI.DLL

dbghelp: loaded successfully - version: 4.0.5 - missing functions: none
symbol engine: initialized successfully - sym options: 0x614 - pdb path: .;c:\Users\ameli\.vscode\extensions\redhat.java-1.34.0-win32-x64\jre\17.0.12-win32-x86_64\bin;C:\WINDOWS\SYSTEM32;C:\WINDOWS\WinSxS\amd64_microsoft.windows.common-controls_6595b64144ccf1df_6.0.22621.3672_none_2713b9d173822955;c:\Users\ameli\.vscode\extensions\redhat.java-1.34.0-win32-x64\jre\17.0.12-win32-x86_64\bin\server;C:\Users\ameli\AppData\Roaming\Code\User\globalStorage\redhat.java\1.34.0\config_ss_win\org.eclipse.equinox.launcher\org.eclipse.equinox.launcher.win32.win32.x86_64_1.2.1100.v20240722-2106;C:\Users\ameli\AppData\Local\Temp\jna-92929270

VM Arguments:
jvm_args: --add-modules=ALL-SYSTEM --add-opens=java.base/java.util=ALL-UNNAMED --add-opens=java.base/java.lang=ALL-UNNAMED --add-opens=java.base/sun.nio.fs=ALL-UNNAMED -Declipse.application=org.eclipse.jdt.ls.core.id1 -Dosgi.bundles.defaultStartLevel=4 -Declipse.product=org.eclipse.jdt.ls.core.product -Djava.import.generatesMetadataFilesAtProjectRoot=false -DDetectVMInstallationsJob.disabled=true -Dfile.encoding=utf8 -XX:+UseParallelGC -XX:GCTimeRatio=4 -XX:AdaptiveSizePolicyWeight=90 -Dsun.zip.disableMemoryMapping=true -Xmx1G -Xms100m -Xlog:disable -javaagent:c:\Users\ameli\.vscode\extensions\redhat.java-1.34.0-win32-x64\lombok\lombok-1.18.33.jar 
java_command: c:\Users\ameli\.vscode\extensions\redhat.java-1.34.0-win32-x64\server\plugins\org.eclipse.equinox.launcher_1.6.900.v20240613-2009.jar -configuration c:\Users\ameli\AppData\Roaming\Code\User\globalStorage\redhat.java\1.34.0\config_ss_win -data c:\Users\ameli\AppData\Roaming\Code\User\workspaceStorage\4cbefed14c3acb6d2e0baf33f34431de\redhat.java\ss_ws --pipe=\\.\pipe\lsp-7443409cc44aea18d9d7f1e20ce6f610-sock
java_class_path (initial): c:\Users\ameli\.vscode\extensions\redhat.java-1.34.0-win32-x64\server\plugins\org.eclipse.equinox.launcher_1.6.900.v20240613-2009.jar
Launcher Type: SUN_STANDARD

[Global flags]
    uintx AdaptiveSizePolicyWeight                 = 90                                        {product} {command line}
     intx CICompilerCount                          = 12                                        {product} {ergonomic}
    uintx GCTimeRatio                              = 4                                         {product} {command line}
   size_t InitialHeapSize                          = 104857600                                 {product} {command line}
   size_t MaxHeapSize                              = 1073741824                                {product} {command line}
   size_t MaxNewSize                               = 357564416                                 {product} {ergonomic}
   size_t MinHeapDeltaBytes                        = 524288                                    {product} {ergonomic}
   size_t MinHeapSize                              = 104857600                                 {product} {command line}
   size_t NewSize                                  = 34603008                                  {product} {ergonomic}
    uintx NonNMethodCodeHeapSize                   = 7602480                                {pd product} {ergonomic}
    uintx NonProfiledCodeHeapSize                  = 122027880                              {pd product} {ergonomic}
   size_t OldSize                                  = 70254592                                  {product} {ergonomic}
    uintx ProfiledCodeHeapSize                     = 122027880                              {pd product} {ergonomic}
    uintx ReservedCodeCacheSize                    = 251658240                              {pd product} {ergonomic}
     bool SegmentedCodeCache                       = true                                      {product} {ergonomic}
   size_t SoftMaxHeapSize                          = 1073741824                             {manageable} {ergonomic}
     bool UseCompressedClassPointers               = true                           {product lp64_product} {ergonomic}
     bool UseCompressedOops                        = true                           {product lp64_product} {ergonomic}
     bool UseLargePagesIndividualAllocation        = false                                  {pd product} {ergonomic}
     bool UseParallelGC                            = true                                      {product} {command line}

Logging:
Log output configuration:
 #0: stdout all=off uptime,level,tags
 #1: stderr all=off uptime,level,tags

Environment Variables:
JAVA_HOME=C:\Program Files\Java\jdk-17.0.4
PATH=C:\Program Files\Common Files\Oracle\Java\javapath;C:\Program Files (x86)\Razer Chroma SDK\bin;C:\Program Files\Razer Chroma SDK\bin;C:\Program Files (x86)\Razer\ChromaBroadcast\bin;C:\Program Files\Razer\ChromaBroadcast\bin;C:\Windows\system32;C:\Windows;C:\Windows\System32\Wbem;C:\Windows\System32\WindowsPowerShell\v1.0\;C:\Windows\System32\OpenSSH\;C:\Program Files (x86)\NVIDIA Corporation\PhysX\Common;C:\Program Files\NVIDIA Corporation\NVIDIA NvDLISR;C:\WINDOWS\system32;C:\WINDOWS;C:\WINDOWS\System32\Wbem;C:\WINDOWS\System32\WindowsPowerShell\v1.0\;C:\WINDOWS\System32\OpenSSH\;C:\Program Files\dotnet\;C:\Program Files (x86)\dotnet\;C:\WINDOWS\system32\config\systemprofile\AppData\Local\Microsoft\WindowsApps;C:\WINDOWS\system32;C:\WINDOWS;C:\WINDOWS\System32\Wbem;C:\WINDOWS\System32\WindowsPowerShell\v1.0\;C:\WINDOWS\System32\OpenSSH\;C:\Gradle\gradle-8.9\bin;C:\Program Files\Git\cmd;C:\Program Files\Microsoft SQL Server\150\Tools\Binn\;C:\Program Files\Microsoft SQL Server\Client SDK\ODBC\170\Tools\Binn\;C:\Users\ameli\AppData\Local\Microsoft\WindowsApps;C:\Users\ameli\AppData\Local\Programs\Microsoft VS Code\bin;C:\ffmpeg\bin\;C:\Users\ameli\.dotnet\tools;C:\Users\ameli\AppData\Local\Microsoft\WinGet\Packages\Schniz.fnm_Microsoft.Winget.Source_8wekyb3d8bbwe;
USERNAME=ameli
OS=Windows_NT
PROCESSOR_IDENTIFIER=AMD64 Family 23 Model 96 Stepping 1, AuthenticAMD
TMP=C:\Users\ameli\AppData\Local\Temp
TEMP=C:\Users\ameli\AppData\Local\Temp



Periodic native trim disabled


---------------  S Y S T E M  ---------------

OS:
 Windows 11 , 64 bit Build 22621 (10.0.22621.3958)
OS uptime: 0 days 4:30 hours
Hyper-V role detected

CPU: total 16 (initial active 16) (16 cores per cpu, 2 threads per core) family 23 model 96 stepping 1 microcode 0x0, cx8, cmov, fxsr, ht, mmx, 3dnowpref, sse, sse2, sse3, ssse3, sse4a, sse4.1, sse4.2, popcnt, lzcnt, tsc, tscinvbit, avx, avx2, aes, clmul, bmi1, bmi2, adx, sha, fma, vzeroupper, clflush, clflushopt, hv
Processor Information for all 16 processors :
  Max Mhz: 2900, Current Mhz: 2900, Mhz Limit: 2900

Memory: 4k page, system-wide physical 15789M (2607M free)
TotalPageFile size 64941M (AvailPageFile size 4M)
current process WorkingSet (physical memory assigned to process): 131M, peak: 131M
current process commit charge ("private bytes"): 253M, peak: 253M

vm_info: OpenJDK 64-Bit Server VM (17.0.12+7) for windows-amd64 JRE (17.0.12+7), built on Jul 16 2024 22:08:24 by "admin" with MS VC++ 16.10 / 16.11 (VS2019)

END.
