#
# There is insufficient memory for the Java Runtime Environment to continue.
# Native memory allocation (malloc) failed to allocate 1048576 bytes for AllocateHeap
# Possible reasons:
#   The system is out of physical RAM or swap space
#   The process is running with CompressedOops enabled, and the Java Heap may be blocking the growth of the native heap
# Possible solutions:
#   Reduce memory load on the system
#   Increase physical memory or swap space
#   Check if swap backing store is full
#   Decrease Java heap size (-Xmx/-Xms)
#   Decrease number of Java threads
#   Decrease Java thread stack sizes (-Xss)
#   Set larger code cache with -XX:ReservedCodeCacheSize=
#   JVM is running with Unscaled Compressed Oops mode in which the Java heap is
#     placed in the first 4GB address space. The Java Heap base address is the
#     maximum limit for the native heap growth. Please use -XX:HeapBaseMinAddress
#     to set the Java Heap base and to place the Java Heap above 4GB virtual address.
# This output file may be truncated or incomplete.
#
#  Out of Memory Error (allocation.cpp:44), pid=2352, tid=16860
#
# JRE version:  (19.0+36) (build )
# Java VM: Java HotSpot(TM) 64-Bit Server VM (19+36-2238, mixed mode, sharing, tiered, compressed oops, compressed class ptrs, g1 gc, windows-amd64)
# No core dump will be written. Minidumps are not enabled by default on client versions of Windows
#

---------------  S U M M A R Y ------------

Command Line: 

Host: AMD Ryzen 7 4800HS with Radeon Graphics         , 16 cores, 15G,  Windows 11 , 64 bit Build 22621 (10.0.22621.3958)
Time: Mon Sep  2 14:45:29 2024 W. Australia Standard Time elapsed time: 0.020229 seconds (0d 0h 0m 0s)

---------------  T H R E A D  ---------------

Current thread (0x000001fcd24585c0):  JavaThread "Unknown thread" [_thread_in_vm, id=16860, stack(0x000000c9fee00000,0x000000c9fef00000)]

Stack: [0x000000c9fee00000,0x000000c9fef00000]
Native frames: (J=compiled Java code, j=interpreted, Vv=VM code, C=native code)
V  [jvm.dll+0x6ee8fa]
V  [jvm.dll+0x857a1e]
V  [jvm.dll+0x85940e]
V  [jvm.dll+0x859ac3]
V  [jvm.dll+0x28291f]
V  [jvm.dll+0xc40eb]
V  [jvm.dll+0x32a2d9]
V  [jvm.dll+0x821aeb]
V  [jvm.dll+0x3c27c1]
V  [jvm.dll+0x8022f1]
V  [jvm.dll+0x44b30f]
V  [jvm.dll+0x44cc91]
C  [jli.dll+0x5287]
C  [ucrtbase.dll+0x29333]
C  [KERNEL32.DLL+0x1257d]
C  [ntdll.dll+0x5af28]


---------------  P R O C E S S  ---------------

Threads class SMR info:
_java_thread_list=0x00007ffe0a8dd048, length=0, elements={
}

Java Threads: ( => current thread )

Other Threads:

=>0x000001fcd24585c0 (exited) JavaThread "Unknown thread" [_thread_in_vm, id=16860, stack(0x000000c9fee00000,0x000000c9fef00000)]

Threads with active compile tasks:

VM state: not at safepoint (not fully initialized)

VM Mutex/Monitor currently owned by a thread: None

Heap address: 0x0000000000000000, size: 0 MB, Compressed Oops mode: 32-bit

CDS archive(s) mapped at: [0x0000000000000000-0x0000000000000000-0x0000000000000000), size 0, SharedBaseAddress: 0x0000000800000000, ArchiveRelocationMode: 0.
Narrow klass base: 0x0000000000000000, Narrow klass shift: 0, Narrow klass range: 0x0

GC Precious Log:
 CardTable entry size: 512
 Card Set container configuration: InlinePtr #cards 4 size 8 Array Of Cards #cards 8 size 32 Howl #buckets 8 coarsen threshold 3686 Howl Bitmap #cards 512 size 80 coarsen threshold 460 Card regions per heap region 1 cards per card region 4096

GC Heap History (0 events):
No events

Dll operation events (1 events):
Event: 0.013 Loaded shared library C:\Program Files\Java\jdk-19\bin\java.dll

Deoptimization events (0 events):
No events

Classes loaded (0 events):
No events

Classes unloaded (0 events):
No events

Classes redefined (0 events):
No events

Internal exceptions (0 events):
No events

VM Operations (0 events):
No events

Events (0 events):
No events


Dynamic libraries:
0x00007ff693220000 - 0x00007ff693230000 	C:\Program Files\Java\jdk-19\bin\java.exe
0x00007ffe63d70000 - 0x00007ffe63f87000 	C:\WINDOWS\SYSTEM32\ntdll.dll
0x00007ffe62330000 - 0x00007ffe623f4000 	C:\WINDOWS\System32\KERNEL32.DLL
0x00007ffe61110000 - 0x00007ffe614bd000 	C:\WINDOWS\System32\KERNELBASE.dll
0x00007ffe61690000 - 0x00007ffe617a1000 	C:\WINDOWS\System32\ucrtbase.dll
0x00007ffe12160000 - 0x00007ffe12178000 	C:\Program Files\Java\jdk-19\bin\jli.dll
0x00007ffe0f2a0000 - 0x00007ffe0f2bb000 	C:\Program Files\Java\jdk-19\bin\VCRUNTIME140.dll
0x00007ffe62400000 - 0x00007ffe624b2000 	C:\WINDOWS\System32\ADVAPI32.dll
0x00007ffe635e0000 - 0x00007ffe63687000 	C:\WINDOWS\System32\msvcrt.dll
0x00007ffe61aa0000 - 0x00007ffe61b49000 	C:\WINDOWS\System32\sechost.dll
0x00007ffe61a40000 - 0x00007ffe61a68000 	C:\WINDOWS\System32\bcrypt.dll
0x00007ffe62540000 - 0x00007ffe62654000 	C:\WINDOWS\System32\RPCRT4.dll
0x00007ffe631e0000 - 0x00007ffe6338e000 	C:\WINDOWS\System32\USER32.dll
0x00007ffe61a70000 - 0x00007ffe61a96000 	C:\WINDOWS\System32\win32u.dll
0x00007ffe63040000 - 0x00007ffe63069000 	C:\WINDOWS\System32\GDI32.dll
0x00007ffe617b0000 - 0x00007ffe618c9000 	C:\WINDOWS\System32\gdi32full.dll
0x00007ffe615f0000 - 0x00007ffe6168a000 	C:\WINDOWS\System32\msvcp_win.dll
0x00007ffe4e090000 - 0x00007ffe4e323000 	C:\WINDOWS\WinSxS\amd64_microsoft.windows.common-controls_6595b64144ccf1df_6.0.22621.3672_none_2713b9d173822955\COMCTL32.dll
0x00007ffe59900000 - 0x00007ffe5990a000 	C:\WINDOWS\SYSTEM32\VERSION.dll
0x00007ffe61f30000 - 0x00007ffe61f61000 	C:\WINDOWS\System32\IMM32.DLL
0x00007ffe45880000 - 0x00007ffe4588c000 	C:\Program Files\Java\jdk-19\bin\vcruntime140_1.dll
0x00007ffe0ad00000 - 0x00007ffe0ad8e000 	C:\Program Files\Java\jdk-19\bin\msvcp140.dll
0x00007ffe09d60000 - 0x00007ffe0aa20000 	C:\Program Files\Java\jdk-19\bin\server\jvm.dll
0x00007ffe5d1f0000 - 0x00007ffe5d224000 	C:\WINDOWS\SYSTEM32\WINMM.dll
0x00007ffe3f390000 - 0x00007ffe3f399000 	C:\WINDOWS\SYSTEM32\WSOCK32.dll
0x00007ffe61eb0000 - 0x00007ffe61f21000 	C:\WINDOWS\System32\WS2_32.dll
0x00007ffe60080000 - 0x00007ffe60098000 	C:\WINDOWS\SYSTEM32\kernel.appcore.dll
0x00007ffe3ef70000 - 0x00007ffe3ef7a000 	C:\Program Files\Java\jdk-19\bin\jimage.dll
0x00007ffe5cf40000 - 0x00007ffe5d172000 	C:\WINDOWS\SYSTEM32\DBGHELP.DLL
0x00007ffe61f70000 - 0x00007ffe622fd000 	C:\WINDOWS\System32\combase.dll
0x00007ffe61dd0000 - 0x00007ffe61ea7000 	C:\WINDOWS\System32\OLEAUT32.dll
0x00007ffe5cf00000 - 0x00007ffe5cf32000 	C:\WINDOWS\SYSTEM32\dbgcore.DLL
0x00007ffe61090000 - 0x00007ffe6110b000 	C:\WINDOWS\System32\bcryptPrimitives.dll
0x00007ffe0acd0000 - 0x00007ffe0acf6000 	C:\Program Files\Java\jdk-19\bin\java.dll

dbghelp: loaded successfully - version: 4.0.5 - missing functions: none
symbol engine: initialized successfully - sym options: 0x614 - pdb path: .;C:\Program Files\Java\jdk-19\bin;C:\WINDOWS\SYSTEM32;C:\WINDOWS\WinSxS\amd64_microsoft.windows.common-controls_6595b64144ccf1df_6.0.22621.3672_none_2713b9d173822955;C:\Program Files\Java\jdk-19\bin\server

VM Arguments:
java_command: <unknown>
java_class_path (initial): <not set>
Launcher Type: SUN_STANDARD

[Global flags]
     intx CICompilerCount                          = 12                                        {product} {ergonomic}
     uint ConcGCThreads                            = 3                                         {product} {ergonomic}
     uint G1ConcRefinementThreads                  = 13                                        {product} {ergonomic}
   size_t G1HeapRegionSize                         = 2097152                                   {product} {ergonomic}
    uintx GCDrainStackTargetSize                   = 64                                        {product} {ergonomic}
   size_t InitialHeapSize                          = 260046848                                 {product} {ergonomic}
   size_t MarkStackSize                            = 4194304                                   {product} {ergonomic}
   size_t MaxHeapSize                              = 4139778048                                {product} {ergonomic}
   size_t MinHeapDeltaBytes                        = 2097152                                   {product} {ergonomic}
   size_t MinHeapSize                              = 8388608                                   {product} {ergonomic}
    uintx NonNMethodCodeHeapSize                   = 7602480                                {pd product} {ergonomic}
    uintx NonProfiledCodeHeapSize                  = 122027880                              {pd product} {ergonomic}
    uintx ProfiledCodeHeapSize                     = 122027880                              {pd product} {ergonomic}
    uintx ReservedCodeCacheSize                    = 251658240                              {pd product} {ergonomic}
     bool SegmentedCodeCache                       = true                                      {product} {ergonomic}
   size_t SoftMaxHeapSize                          = 4139778048                             {manageable} {ergonomic}
     bool UseCompressedClassPointers               = true                           {product lp64_product} {ergonomic}
     bool UseCompressedOops                        = true                           {product lp64_product} {ergonomic}
     bool UseG1GC                                  = true                                      {product} {ergonomic}
     bool UseLargePagesIndividualAllocation        = false                                  {pd product} {ergonomic}

Logging:
Log output configuration:
 #0: stdout all=warning uptime,level,tags foldmultilines=false
 #1: stderr all=off uptime,level,tags foldmultilines=false

Environment Variables:
JAVA_HOME=C:\Program Files\Java\jdk-17.0.4
PATH=C:\Users\ameli\SAED_Assignment1\saed2024-assignment1-start-javafx\comms\bin;C:\Users\ameli\AppData\Local\fnm_multishells\44840_1725252138313;C:\Users\ameli\.local\share\fnm;C:\Users\ameli\bin;C:\Program Files\Git\mingw64\bin;C:\Program Files\Git\usr\local\bin;C:\Program Files\Git\usr\bin;C:\Program Files\Git\usr\bin;C:\Program Files\Git\mingw64\bin;C:\Program Files\Git\usr\bin;C:\Users\ameli\bin;C:\Program Files\Common Files\Oracle\Java\javapath;C:\Program Files (x86)\Razer Chroma SDK\bin;C:\Program Files\Razer Chroma SDK\bin;C:\Program Files (x86)\Razer\ChromaBroadcast\bin;C:\Program Files\Razer\ChromaBroadcast\bin;C:\Windows\system32;C:\Windows;C:\Windows\System32\Wbem;C:\Windows\System32\WindowsPowerShell\v1.0;C:\Windows\System32\OpenSSH;C:\Program Files (x86)\NVIDIA Corporation\PhysX\Common;C:\Program Files\NVIDIA Corporation\NVIDIA NvDLISR;C:\WINDOWS\system32;C:\WINDOWS;C:\WINDOWS\System32\Wbem;C:\WINDOWS\System32\WindowsPowerShell\v1.0;C:\WINDOWS\System32\OpenSSH;C:\Program Files\dotnet;C:\Program Files (x86)\dotnet;C:\WINDOWS\system32\config\systemprofile\AppData\Local\Microsoft\WindowsApps;C:\WINDOWS\system32;C:\WINDOWS;C:\WINDOWS\System32\Wbem;C:\WINDOWS\System32\WindowsPowerShell\v1.0;C:\WINDOWS\System32\OpenSSH;C:\Gradle\gradle-8.9\bin;C:\Program Files\Git\cmd;C:\Program Files\Microsoft SQL Server\150\Tools\Binn;C:\Program Files\Microsoft SQL Server\Client SDK\ODBC\170\Tools\Binn;C:\Users\ameli\AppData\Local\Microsoft\WindowsApps;C:\Users\ameli\AppData\Local\Programs\Microsoft VS Code\bin;C:\ffmpeg\bin;C:\Users\ameli\.dotnet\tools;C:\Users\ameli\AppData\Local\Microsoft\WinGet\Packages\Schniz.fnm_Microsoft.Winget.Source_8wekyb3d8bbwe;C:\Program Files\Git\usr\bin\vendor_perl;C:\Program Files\Git\usr\bin\core_perl
USERNAME=ameli
SHELL=C:\Program Files\Git\usr\bin\bash.exe
DISPLAY=needs-to-be-defined
LANG=en_US.UTF-8
TERM=xterm-256color
TMPDIR=C:\Users\ameli\AppData\Local\Temp
OS=Windows_NT
PROCESSOR_IDENTIFIER=AMD64 Family 23 Model 96 Stepping 1, AuthenticAMD
TMP=C:\Users\ameli\AppData\Local\Temp
TEMP=C:\Users\ameli\AppData\Local\Temp



---------------  S Y S T E M  ---------------

OS:
 Windows 11 , 64 bit Build 22621 (10.0.22621.3958)
OS uptime: 1 days 19:05 hours
Hyper-V role detected

CPU: total 16 (initial active 16) (16 cores per cpu, 2 threads per core) family 23 model 96 stepping 1 microcode 0x0, cx8, cmov, fxsr, ht, mmx, 3dnowpref, sse, sse2, sse3, ssse3, sse4a, sse4.1, sse4.2, popcnt, lzcnt, tsc, tscinvbit, avx, avx2, aes, clmul, bmi1, bmi2, adx, sha, fma, vzeroupper, clflush, clflushopt, hv, rdtscp, rdpid

Memory: 4k page, system-wide physical 15789M (3158M free)
TotalPageFile size 64941M (AvailPageFile size 58M)
current process WorkingSet (physical memory assigned to process): 11M, peak: 11M
current process commit charge ("private bytes"): 20M, peak: 21M

vm_info: Java HotSpot(TM) 64-Bit Server VM (19+36-2238) for windows-amd64 JRE (19+36-2238), built on 2022-08-12T20:29:01Z by "mach5one" with MS VC++ 17.1 (VS2022)

END.
