#
# There is insufficient memory for the Java Runtime Environment to continue.
# Native memory allocation (malloc) failed to allocate 339376 bytes for Chunk::new
# Possible reasons:
#   The system is out of physical RAM or swap space
#   The process is running with CompressedOops enabled, and the Java Heap may be blocking the growth of the native heap
# Possible solutions:
#   Reduce memory load on the system
#   Increase physical memory or swap space
#   Check if swap backing store is full
#   Decrease Java heap size (-Xmx/-Xms)
#   Decrease number of Java threads
#   Decrease Java thread stack sizes (-Xss)
#   Set larger code cache with -XX:ReservedCodeCacheSize=
#   JVM is running with Unscaled Compressed Oops mode in which the Java heap is
#     placed in the first 4GB address space. The Java Heap base address is the
#     maximum limit for the native heap growth. Please use -XX:HeapBaseMinAddress
#     to set the Java Heap base and to place the Java Heap above 4GB virtual address.
# This output file may be truncated or incomplete.
#
#  Out of Memory Error (arena.cpp:189), pid=7920, tid=39968
#
# JRE version: Java(TM) SE Runtime Environment (17.0.4+11) (build 17.0.4+11-LTS-179)
# Java VM: Java HotSpot(TM) 64-Bit Server VM (17.0.4+11-LTS-179, mixed mode, sharing, tiered, compressed oops, compressed class ptrs, g1 gc, windows-amd64)
# No core dump will be written. Minidumps are not enabled by default on client versions of Windows
#

---------------  S U M M A R Y ------------

Command Line: --add-opens=java.base/java.util=ALL-UNNAMED --add-opens=java.base/java.lang=ALL-UNNAMED --add-opens=java.base/java.lang.invoke=ALL-UNNAMED --add-opens=java.prefs/java.util.prefs=ALL-UNNAMED --add-exports=jdk.compiler/com.sun.tools.javac.api=ALL-UNNAMED --add-exports=jdk.compiler/com.sun.tools.javac.util=ALL-UNNAMED --add-opens=java.base/java.nio.charset=ALL-UNNAMED --add-opens=java.base/java.net=ALL-UNNAMED --add-opens=java.base/java.util.concurrent.atomic=ALL-UNNAMED -XX:MaxMetaspaceSize=384m -XX:+HeapDumpOnOutOfMemoryError -Xms256m -Xmx512m -Dfile.encoding=windows-1252 -Duser.country=AU -Duser.language=en -Duser.variant -javaagent:C:\Gradle\gradle-8.9\lib\agents\gradle-instrumentation-agent-8.9.jar org.gradle.launcher.daemon.bootstrap.GradleDaemon 8.9

Host: AMD Ryzen 7 4800HS with Radeon Graphics         , 16 cores, 15G,  Windows 11 , 64 bit Build 22621 (10.0.22621.3958)
Time: Mon Sep  2 14:48:00 2024 W. Australia Standard Time elapsed time: 766.434409 seconds (0d 0h 12m 46s)

---------------  T H R E A D  ---------------

Current thread (0x00000248a30d5050):  JavaThread "C2 CompilerThread0" daemon [_thread_in_native, id=39968, stack(0x00000091fa700000,0x00000091fa800000)]


Current CompileTask:
C2: 766434 10804       4       org.gradle.internal.snapshot.VfsRelativePath::compareToFirstSegment (203 bytes)

Stack: [0x00000091fa700000,0x00000091fa800000]
Native frames: (J=compiled Java code, j=interpreted, Vv=VM code, C=native code)
V  [jvm.dll+0x6723da]
V  [jvm.dll+0x7d1f74]
V  [jvm.dll+0x7d371e]
V  [jvm.dll+0x7d3d83]
V  [jvm.dll+0x242ed5]
V  [jvm.dll+0xaa57b]
V  [jvm.dll+0xaab0c]
V  [jvm.dll+0x2a9c3f]
V  [jvm.dll+0x57a7d7]
V  [jvm.dll+0x21e1b2]
V  [jvm.dll+0x21e58f]
V  [jvm.dll+0x217e45]
V  [jvm.dll+0x21530b]
V  [jvm.dll+0x1a1fcd]
V  [jvm.dll+0x224c78]
V  [jvm.dll+0x222de5]
V  [jvm.dll+0x787a5b]
V  [jvm.dll+0x78201a]
V  [jvm.dll+0x671265]
C  [ucrtbase.dll+0x29333]
C  [KERNEL32.DLL+0x1257d]
C  [ntdll.dll+0x5af28]


---------------  P R O C E S S  ---------------

Threads class SMR info:
_java_thread_list=0x00000248ac0d1ed0, length=73, elements={
0x0000024885dce060, 0x00000248a30b69b0, 0x00000248a30b7560, 0x00000248a30ce390,
0x00000248a30cef40, 0x00000248a30d1900, 0x00000248a30d42c0, 0x00000248a30d5050,
0x00000248a30d5af0, 0x00000248a30e2540, 0x00000248a3cebf30, 0x00000248a3dcb450,
0x00000248a5b9b730, 0x00000248a52c9ef0, 0x00000248a42382c0, 0x00000248a41f3690,
0x00000248a568d550, 0x00000248a5687eb0, 0x00000248a568def0, 0x00000248a568e890,
0x00000248a568aa00, 0x00000248a56896c0, 0x00000248a5688850, 0x00000248a5163c50,
0x00000248a8f0d430, 0x00000248a8f0c5c0, 0x00000248a7f18e20, 0x00000248a8429be0,
0x00000248a9fe4940, 0x00000248a9fe52e0, 0x00000248a9fe5c80, 0x00000248abfe3590,
0x00000248abfe2250, 0x00000248abfe2720, 0x00000248abfe2bf0, 0x00000248abfe30c0,
0x00000248a4360af0, 0x00000248a4360fc0, 0x00000248a4361490, 0x00000248a4361960,
0x00000248a4361e30, 0x00000248a4362300, 0x00000248a7ae4d10, 0x00000248a7ae6520,
0x00000248a7ae51e0, 0x00000248a7ae6050, 0x00000248a7ae69f0, 0x00000248a7ae56b0,
0x00000248a7f05480, 0x00000248a7f03c70, 0x00000248a7f04140, 0x00000248a7f04ae0,
0x00000248a9fa4910, 0x00000248a9fa52b0, 0x00000248a9fa4de0, 0x00000248a9fa2290,
0x00000248aa6f7a20, 0x00000248a9fa5780, 0x00000248a9fa3100, 0x00000248a9fa4440,
0x00000248a9fa2c30, 0x00000248a9fa5c50, 0x00000248a9fa2760, 0x00000248a9fa35d0,
0x00000248a9fa3f70, 0x00000248a9fa3aa0, 0x00000248a842cf30, 0x00000248a842c0c0,
0x00000248a842c590, 0x00000248a842bbf0, 0x00000248ac4422b0, 0x00000248a9d4d9d0,
0x00000248a9d4dea0
}

Java Threads: ( => current thread )
  0x0000024885dce060 JavaThread "main" [_thread_blocked, id=29748, stack(0x00000091f9a00000,0x00000091f9b00000)]
  0x00000248a30b69b0 JavaThread "Reference Handler" daemon [_thread_blocked, id=14944, stack(0x00000091fa100000,0x00000091fa200000)]
  0x00000248a30b7560 JavaThread "Finalizer" daemon [_thread_blocked, id=45584, stack(0x00000091fa200000,0x00000091fa300000)]
  0x00000248a30ce390 JavaThread "Signal Dispatcher" daemon [_thread_blocked, id=45240, stack(0x00000091fa300000,0x00000091fa400000)]
  0x00000248a30cef40 JavaThread "Attach Listener" daemon [_thread_blocked, id=39468, stack(0x00000091fa400000,0x00000091fa500000)]
  0x00000248a30d1900 JavaThread "Service Thread" daemon [_thread_blocked, id=45664, stack(0x00000091fa500000,0x00000091fa600000)]
  0x00000248a30d42c0 JavaThread "Monitor Deflation Thread" daemon [_thread_blocked, id=43972, stack(0x00000091fa600000,0x00000091fa700000)]
=>0x00000248a30d5050 JavaThread "C2 CompilerThread0" daemon [_thread_in_native, id=39968, stack(0x00000091fa700000,0x00000091fa800000)]
  0x00000248a30d5af0 JavaThread "C1 CompilerThread0" daemon [_thread_blocked, id=24212, stack(0x00000091fa800000,0x00000091fa900000)]
  0x00000248a30e2540 JavaThread "Sweeper thread" daemon [_thread_blocked, id=30368, stack(0x00000091fa900000,0x00000091faa00000)]
  0x00000248a3cebf30 JavaThread "Common-Cleaner" daemon [_thread_blocked, id=15988, stack(0x00000091fab00000,0x00000091fac00000)]
  0x00000248a3dcb450 JavaThread "Notification Thread" daemon [_thread_blocked, id=19316, stack(0x00000091fad00000,0x00000091fae00000)]
  0x00000248a5b9b730 JavaThread "Daemon health stats" [_thread_blocked, id=24588, stack(0x00000091fb100000,0x00000091fb200000)]
  0x00000248a52c9ef0 JavaThread "Incoming local TCP Connector on port 61581" [_thread_in_native, id=46292, stack(0x00000091fb200000,0x00000091fb300000)]
  0x00000248a42382c0 JavaThread "Daemon periodic checks" [_thread_blocked, id=15452, stack(0x00000091fb300000,0x00000091fb400000)]
  0x00000248a41f3690 JavaThread "Cache worker for journal cache (C:\Users\ameli\.gradle\caches\journal-1)" [_thread_blocked, id=24328, stack(0x00000091fc000000,0x00000091fc100000)]
  0x00000248a568d550 JavaThread "File lock request listener" [_thread_in_native, id=44944, stack(0x00000091fc100000,0x00000091fc200000)]
  0x00000248a5687eb0 JavaThread "Cache worker for file hash cache (C:\Users\ameli\.gradle\caches\8.9\fileHashes)" [_thread_blocked, id=13188, stack(0x00000091fc200000,0x00000091fc300000)]
  0x00000248a568def0 JavaThread "File watcher server" daemon [_thread_in_native, id=1508, stack(0x00000091fd000000,0x00000091fd100000)]
  0x00000248a568e890 JavaThread "File watcher consumer" daemon [_thread_blocked, id=46304, stack(0x00000091fd100000,0x00000091fd200000)]
  0x00000248a568aa00 JavaThread "Cache worker for file content cache (C:\Users\ameli\.gradle\caches\8.9\fileContent)" [_thread_blocked, id=35832, stack(0x00000091fd200000,0x00000091fd300000)]
  0x00000248a56896c0 JavaThread "jar transforms" [_thread_blocked, id=41580, stack(0x00000091fd700000,0x00000091fd800000)]
  0x00000248a5688850 JavaThread "jar transforms Thread 2" [_thread_blocked, id=42612, stack(0x00000091fd800000,0x00000091fd900000)]
  0x00000248a5163c50 JavaThread "jar transforms Thread 3" [_thread_blocked, id=27828, stack(0x00000091fd600000,0x00000091fd700000)]
  0x00000248a8f0d430 JavaThread "Memory manager" [_thread_blocked, id=23340, stack(0x00000091fe600000,0x00000091fe700000)]
  0x00000248a8f0c5c0 JavaThread "jar transforms Thread 4" [_thread_blocked, id=26088, stack(0x00000091fe700000,0x00000091fe800000)]
  0x00000248a7f18e20 JavaThread "Cache worker for Java compile cache (C:\Users\ameli\.gradle\caches\8.9\javaCompile)" [_thread_blocked, id=42608, stack(0x00000091ffd00000,0x00000091ffe00000)]
  0x00000248a8429be0 JavaThread "Daemon Thread 3" [_thread_blocked, id=47452, stack(0x0000009180200000,0x0000009180300000)]
  0x00000248a9fe4940 JavaThread "Handler for socket connection from /127.0.0.1:61581 to /127.0.0.1:61956" [_thread_in_native, id=16060, stack(0x0000009180300000,0x0000009180400000)]
  0x00000248a9fe52e0 JavaThread "Cancel handler" [_thread_blocked, id=47140, stack(0x0000009180400000,0x0000009180500000)]
  0x00000248a9fe5c80 JavaThread "Daemon worker Thread 3" [_thread_blocked, id=21416, stack(0x0000009180500000,0x0000009180600000)]
  0x00000248abfe3590 JavaThread "Asynchronous log dispatcher for DefaultDaemonConnection: socket connection from /127.0.0.1:61581 to /127.0.0.1:61956" [_thread_blocked, id=45764, stack(0x0000009180600000,0x0000009180700000)]
  0x00000248abfe2250 JavaThread "Stdin handler" [_thread_blocked, id=46608, stack(0x0000009180700000,0x0000009180800000)]
  0x00000248abfe2720 JavaThread "Daemon client event forwarder" [_thread_blocked, id=19432, stack(0x0000009180800000,0x0000009180900000)]
  0x00000248abfe2bf0 JavaThread "Cache worker for file hash cache (C:\Users\ameli\SAED_Assignment1\saed2024-assignment1-start-javafx\.gradle\8.9\fileHashes)" [_thread_blocked, id=43404, stack(0x0000009180a00000,0x0000009180b00000)]
  0x00000248abfe30c0 JavaThread "Cache worker for Build Output Cleanup Cache (C:\Users\ameli\SAED_Assignment1\saed2024-assignment1-start-javafx\.gradle\buildOutputCleanup)" [_thread_blocked, id=45248, stack(0x0000009180b00000,0x0000009180c00000)]
  0x00000248a4360af0 JavaThread "Cache worker for checksums cache (C:\Users\ameli\SAED_Assignment1\saed2024-assignment1-start-javafx\.gradle\8.9\checksums)" [_thread_blocked, id=48828, stack(0x0000009180c00000,0x0000009180d00000)]
  0x00000248a4360fc0 JavaThread "Cache worker for cache directory md-rule (C:\Users\ameli\.gradle\caches\8.9\md-rule)" [_thread_blocked, id=48204, stack(0x0000009180d00000,0x0000009180e00000)]
  0x00000248a4361490 JavaThread "Cache worker for cache directory md-supplier (C:\Users\ameli\.gradle\caches\8.9\md-supplier)" [_thread_blocked, id=40564, stack(0x0000009180e00000,0x0000009180f00000)]
  0x00000248a4361960 JavaThread "Unconstrained build operations" [_thread_blocked, id=48704, stack(0x0000009181100000,0x0000009181200000)]
  0x00000248a4361e30 JavaThread "Unconstrained build operations Thread 2" [_thread_blocked, id=22328, stack(0x0000009181200000,0x0000009181300000)]
  0x00000248a4362300 JavaThread "Unconstrained build operations Thread 3" [_thread_blocked, id=25232, stack(0x0000009181300000,0x0000009181400000)]
  0x00000248a7ae4d10 JavaThread "Unconstrained build operations Thread 4" [_thread_blocked, id=47344, stack(0x0000009181400000,0x0000009181500000)]
  0x00000248a7ae6520 JavaThread "Unconstrained build operations Thread 5" [_thread_blocked, id=16532, stack(0x0000009181600000,0x0000009181700000)]
  0x00000248a7ae51e0 JavaThread "Unconstrained build operations Thread 6" [_thread_blocked, id=20772, stack(0x0000009181700000,0x0000009181800000)]
  0x00000248a7ae6050 JavaThread "Unconstrained build operations Thread 7" [_thread_blocked, id=47460, stack(0x0000009181800000,0x0000009181900000)]
  0x00000248a7ae69f0 JavaThread "Unconstrained build operations Thread 8" [_thread_blocked, id=44780, stack(0x0000009181900000,0x0000009181a00000)]
  0x00000248a7ae56b0 JavaThread "included builds" [_thread_blocked, id=48320, stack(0x0000009181c00000,0x0000009181d00000)]
  0x00000248a7f05480 JavaThread "Execution worker" [_thread_blocked, id=21352, stack(0x0000009181d00000,0x0000009181e00000)]
  0x00000248a7f03c70 JavaThread "Execution worker Thread 2" [_thread_blocked, id=32180, stack(0x0000009181e00000,0x0000009181f00000)]
  0x00000248a7f04140 JavaThread "Execution worker Thread 3" [_thread_blocked, id=37984, stack(0x0000009181f00000,0x0000009182000000)]
  0x00000248a7f04ae0 JavaThread "Execution worker Thread 4" [_thread_blocked, id=42616, stack(0x0000009182000000,0x0000009182100000)]
  0x00000248a9fa4910 JavaThread "Execution worker Thread 5" [_thread_blocked, id=48448, stack(0x0000009182100000,0x0000009182200000)]
  0x00000248a9fa52b0 JavaThread "Execution worker Thread 6" [_thread_blocked, id=44080, stack(0x0000009182200000,0x0000009182300000)]
  0x00000248a9fa4de0 JavaThread "Execution worker Thread 7" [_thread_blocked, id=48972, stack(0x0000009182300000,0x0000009182400000)]
  0x00000248a9fa2290 JavaThread "Execution worker Thread 8" [_thread_blocked, id=20328, stack(0x0000009182400000,0x0000009182500000)]
  0x00000248aa6f7a20 JavaThread "Cache worker for execution history cache (C:\Users\ameli\SAED_Assignment1\saed2024-assignment1-start-javafx\.gradle\8.9\executionHistory)" [_thread_blocked, id=42884, stack(0x0000009182500000,0x0000009182600000)]
  0x00000248a9fa5780 JavaThread "Execution worker Thread 9" [_thread_blocked, id=48648, stack(0x0000009182600000,0x0000009182700000)]
  0x00000248a9fa3100 JavaThread "Execution worker Thread 10" [_thread_blocked, id=6764, stack(0x0000009182700000,0x0000009182800000)]
  0x00000248a9fa4440 JavaThread "Execution worker Thread 11" [_thread_blocked, id=45288, stack(0x0000009182800000,0x0000009182900000)]
  0x00000248a9fa2c30 JavaThread "Execution worker Thread 12" [_thread_blocked, id=49068, stack(0x0000009182900000,0x0000009182a00000)]
  0x00000248a9fa5c50 JavaThread "Execution worker Thread 13" [_thread_blocked, id=36096, stack(0x0000009182a00000,0x0000009182b00000)]
  0x00000248a9fa2760 JavaThread "Execution worker Thread 14" [_thread_blocked, id=47020, stack(0x0000009182b00000,0x0000009182c00000)]
  0x00000248a9fa35d0 JavaThread "Execution worker Thread 15" [_thread_blocked, id=41144, stack(0x0000009182c00000,0x0000009182d00000)]
  0x00000248a9fa3f70 JavaThread "Unconstrained build operations Thread 9" [_thread_blocked, id=40376, stack(0x0000009182d00000,0x0000009182e00000)]
  0x00000248a9fa3aa0 JavaThread "Unconstrained build operations Thread 10" [_thread_blocked, id=45860, stack(0x0000009182e00000,0x0000009182f00000)]
  0x00000248a842cf30 JavaThread "Unconstrained build operations Thread 11" [_thread_blocked, id=37912, stack(0x0000009182f00000,0x0000009183000000)]
  0x00000248a842c0c0 JavaThread "Build operations" [_thread_blocked, id=27932, stack(0x0000009183000000,0x0000009183100000)]
  0x00000248a842c590 JavaThread "Build operations Thread 2" [_thread_blocked, id=2252, stack(0x0000009183100000,0x0000009183200000)]
  0x00000248a842bbf0 JavaThread "Build operations Thread 3" [_thread_blocked, id=27032, stack(0x0000009183200000,0x0000009183300000)]
  0x00000248ac4422b0 JavaThread "Exec process Thread 7" [_thread_in_native, id=45568, stack(0x0000009183700000,0x0000009183800000)]
  0x00000248a9d4d9d0 JavaThread "Exec process Thread 8" [_thread_in_native, id=39036, stack(0x0000009183800000,0x0000009183900000)]
  0x00000248a9d4dea0 JavaThread "Exec process Thread 9" [_thread_in_native, id=43480, stack(0x0000009183900000,0x0000009183a00000)]

Other Threads:
  0x00000248a30b1f10 VMThread "VM Thread" [stack: 0x00000091fa000000,0x00000091fa100000] [id=41844]
  0x00000248a3dcb920 WatcherThread [stack: 0x00000091fae00000,0x00000091faf00000] [id=39460]
  0x0000024885dfa710 GCTaskThread "GC Thread#0" [stack: 0x00000091f9b00000,0x00000091f9c00000] [id=45388]
  0x00000248a5027e20 GCTaskThread "GC Thread#1" [stack: 0x00000091fb400000,0x00000091fb500000] [id=10864]
  0x00000248a43507d0 GCTaskThread "GC Thread#2" [stack: 0x00000091fb500000,0x00000091fb600000] [id=24148]
  0x00000248a4b39d40 GCTaskThread "GC Thread#3" [stack: 0x00000091fb600000,0x00000091fb700000] [id=40116]
  0x00000248a5238160 GCTaskThread "GC Thread#4" [stack: 0x00000091fb700000,0x00000091fb800000] [id=31500]
  0x00000248a5238410 GCTaskThread "GC Thread#5" [stack: 0x00000091fb800000,0x00000091fb900000] [id=40972]
  0x00000248a4446f30 GCTaskThread "GC Thread#6" [stack: 0x00000091fc700000,0x00000091fc800000] [id=15376]
  0x00000248a9bbd210 GCTaskThread "GC Thread#7" [stack: 0x00000091fc800000,0x00000091fc900000] [id=33000]
  0x00000248a9bbb480 GCTaskThread "GC Thread#8" [stack: 0x00000091fc900000,0x00000091fca00000] [id=24216]
  0x00000248a9bba9c0 GCTaskThread "GC Thread#9" [stack: 0x00000091fca00000,0x00000091fcb00000] [id=36888]
  0x00000248a9bbb1d0 GCTaskThread "GC Thread#10" [stack: 0x00000091fcb00000,0x00000091fcc00000] [id=36820]
  0x00000248a9bb99a0 GCTaskThread "GC Thread#11" [stack: 0x00000091fcc00000,0x00000091fcd00000] [id=19048]
  0x00000248a9bbc4a0 GCTaskThread "GC Thread#12" [stack: 0x00000091fcd00000,0x00000091fce00000] [id=36136]
  0x0000024885dff4f0 ConcurrentGCThread "G1 Main Marker" [stack: 0x00000091f9c00000,0x00000091f9d00000] [id=37432]
  0x0000024885e00db0 ConcurrentGCThread "G1 Conc#0" [stack: 0x00000091f9d00000,0x00000091f9e00000] [id=46032]
  0x00000248a9bbc1f0 ConcurrentGCThread "G1 Conc#1" [stack: 0x00000091fce00000,0x00000091fcf00000] [id=40256]
  0x00000248a9bbccb0 ConcurrentGCThread "G1 Conc#2" [stack: 0x00000091fcf00000,0x00000091fd000000] [id=45204]
  0x0000024885e8ec70 ConcurrentGCThread "G1 Refine#0" [stack: 0x00000091f9e00000,0x00000091f9f00000] [id=14188]
  0x00000248a2f78760 ConcurrentGCThread "G1 Service" [stack: 0x00000091f9f00000,0x00000091fa000000] [id=45200]

Threads with active compile tasks:
C2 CompilerThread0   766472 10804       4       org.gradle.internal.snapshot.VfsRelativePath::compareToFirstSegment (203 bytes)

VM state: not at safepoint (normal execution)

VM Mutex/Monitor currently owned by a thread: None

Heap address: 0x00000000e0000000, size: 512 MB, Compressed Oops mode: 32-bit

CDS archive(s) mapped at: [0x0000000800000000-0x0000000800bc0000-0x0000000800bc0000), size 12320768, SharedBaseAddress: 0x0000000800000000, ArchiveRelocationMode: 0.
Compressed class space mapped at: 0x0000000800c00000-0x0000000814000000, reserved size: 322961408
Narrow klass base: 0x0000000800000000, Narrow klass shift: 0, Narrow klass range: 0x100000000

GC Precious Log:
 CPUs: 16 total, 16 available
 Memory: 15789M
 Large Page Support: Disabled
 NUMA Support: Disabled
 Compressed Oops: Enabled (32-bit)
 Heap Region Size: 1M
 Heap Min Capacity: 256M
 Heap Initial Capacity: 256M
 Heap Max Capacity: 512M
 Pre-touch: Disabled
 Parallel Workers: 13
 Concurrent Workers: 3
 Concurrent Refinement Workers: 13
 Periodic GC: Disabled

Heap:
 garbage-first heap   total 262144K, used 80362K [0x00000000e0000000, 0x0000000100000000)
  region size 1024K, 40 young (40960K), 14 survivors (14336K)
 Metaspace       used 70868K, committed 71552K, reserved 380928K
  class space    used 9797K, committed 10112K, reserved 315392K

Heap Regions: E=young(eden), S=young(survivor), O=old, HS=humongous(starts), HC=humongous(continues), CS=collection set, F=free, OA=open archive, CA=closed archive, TAMS=top-at-mark-start (previous, next)
|   0|0x00000000e0000000, 0x00000000e0100000, 0x00000000e0100000|100%|HS|  |TAMS 0x00000000e0100000, 0x00000000e0000000| Complete 
|   1|0x00000000e0100000, 0x00000000e0200000, 0x00000000e0200000|100%|HC|  |TAMS 0x00000000e0200000, 0x00000000e0100000| Complete 
|   2|0x00000000e0200000, 0x00000000e0300000, 0x00000000e0300000|100%|HC|  |TAMS 0x00000000e0300000, 0x00000000e0200000| Complete 
|   3|0x00000000e0300000, 0x00000000e0400000, 0x00000000e0400000|100%|HC|  |TAMS 0x00000000e0400000, 0x00000000e0300000| Complete 
|   4|0x00000000e0400000, 0x00000000e0500000, 0x00000000e0500000|100%| O|  |TAMS 0x00000000e0500000, 0x00000000e0400000| Untracked 
|   5|0x00000000e0500000, 0x00000000e0600000, 0x00000000e0600000|100%| O|  |TAMS 0x00000000e0600000, 0x00000000e0500000| Untracked 
|   6|0x00000000e0600000, 0x00000000e0700000, 0x00000000e0700000|100%| O|  |TAMS 0x00000000e0700000, 0x00000000e0600000| Untracked 
|   7|0x00000000e0700000, 0x00000000e0800000, 0x00000000e0800000|100%| O|  |TAMS 0x00000000e0800000, 0x00000000e0700000| Untracked 
|   8|0x00000000e0800000, 0x00000000e0900000, 0x00000000e0900000|100%| O|  |TAMS 0x00000000e0800000, 0x00000000e0800000| Untracked 
|   9|0x00000000e0900000, 0x00000000e0a00000, 0x00000000e0a00000|100%| O|  |TAMS 0x00000000e0a00000, 0x00000000e0900000| Untracked 
|  10|0x00000000e0a00000, 0x00000000e0b00000, 0x00000000e0b00000|100%| O|  |TAMS 0x00000000e0b00000, 0x00000000e0a00000| Untracked 
|  11|0x00000000e0b00000, 0x00000000e0c00000, 0x00000000e0c00000|100%|HS|  |TAMS 0x00000000e0c00000, 0x00000000e0b00000| Complete 
|  12|0x00000000e0c00000, 0x00000000e0d00000, 0x00000000e0d00000|100%| O|  |TAMS 0x00000000e0d00000, 0x00000000e0c00000| Untracked 
|  13|0x00000000e0d00000, 0x00000000e0e00000, 0x00000000e0e00000|100%| O|  |TAMS 0x00000000e0e00000, 0x00000000e0d00000| Untracked 
|  14|0x00000000e0e00000, 0x00000000e0f00000, 0x00000000e0f00000|100%| O|  |TAMS 0x00000000e0f00000, 0x00000000e0e00000| Untracked 
|  15|0x00000000e0f00000, 0x00000000e1000000, 0x00000000e1000000|100%| O|  |TAMS 0x00000000e1000000, 0x00000000e0f00000| Untracked 
|  16|0x00000000e1000000, 0x00000000e1100000, 0x00000000e1100000|100%| O|  |TAMS 0x00000000e1100000, 0x00000000e1000000| Untracked 
|  17|0x00000000e1100000, 0x00000000e1200000, 0x00000000e1200000|100%| O|  |TAMS 0x00000000e1200000, 0x00000000e1100000| Untracked 
|  18|0x00000000e1200000, 0x00000000e1300000, 0x00000000e1300000|100%| O|  |TAMS 0x00000000e1300000, 0x00000000e1200000| Untracked 
|  19|0x00000000e1300000, 0x00000000e1400000, 0x00000000e1400000|100%| O|  |TAMS 0x00000000e1400000, 0x00000000e1300000| Untracked 
|  20|0x00000000e1400000, 0x00000000e1500000, 0x00000000e1500000|100%| O|  |TAMS 0x00000000e1500000, 0x00000000e1400000| Untracked 
|  21|0x00000000e1500000, 0x00000000e1600000, 0x00000000e1600000|100%| O|  |TAMS 0x00000000e1600000, 0x00000000e1500000| Untracked 
|  22|0x00000000e1600000, 0x00000000e1700000, 0x00000000e1700000|100%| O|  |TAMS 0x00000000e1700000, 0x00000000e1600000| Untracked 
|  23|0x00000000e1700000, 0x00000000e1800000, 0x00000000e1800000|100%| O|  |TAMS 0x00000000e1800000, 0x00000000e1700000| Untracked 
|  24|0x00000000e1800000, 0x00000000e1900000, 0x00000000e1900000|100%| O|  |TAMS 0x00000000e1900000, 0x00000000e1800000| Untracked 
|  25|0x00000000e1900000, 0x00000000e1a00000, 0x00000000e1a00000|100%| O|  |TAMS 0x00000000e1a00000, 0x00000000e1900000| Untracked 
|  26|0x00000000e1a00000, 0x00000000e1b00000, 0x00000000e1b00000|100%| O|  |TAMS 0x00000000e1b00000, 0x00000000e1a00000| Untracked 
|  27|0x00000000e1b00000, 0x00000000e1c00000, 0x00000000e1c00000|100%| O|  |TAMS 0x00000000e1c00000, 0x00000000e1b00000| Untracked 
|  28|0x00000000e1c00000, 0x00000000e1d00000, 0x00000000e1d00000|100%| O|  |TAMS 0x00000000e1d00000, 0x00000000e1c00000| Untracked 
|  29|0x00000000e1d00000, 0x00000000e1e00000, 0x00000000e1e00000|100%| O|  |TAMS 0x00000000e1e00000, 0x00000000e1d00000| Untracked 
|  30|0x00000000e1e00000, 0x00000000e1f00000, 0x00000000e1f00000|100%| O|  |TAMS 0x00000000e1f00000, 0x00000000e1e00000| Untracked 
|  31|0x00000000e1f00000, 0x00000000e2000000, 0x00000000e2000000|100%| O|  |TAMS 0x00000000e1fa2800, 0x00000000e1f00000| Untracked 
|  32|0x00000000e2000000, 0x00000000e2100000, 0x00000000e2100000|100%| O|  |TAMS 0x00000000e2000000, 0x00000000e2000000| Untracked 
|  33|0x00000000e2100000, 0x00000000e2200000, 0x00000000e2200000|100%| O|  |TAMS 0x00000000e2100000, 0x00000000e2100000| Untracked 
|  34|0x00000000e2200000, 0x00000000e2300000, 0x00000000e2300000|100%| O|  |TAMS 0x00000000e2200000, 0x00000000e2200000| Untracked 
|  35|0x00000000e2300000, 0x00000000e2400000, 0x00000000e2400000|100%| O|  |TAMS 0x00000000e2300000, 0x00000000e2300000| Untracked 
|  36|0x00000000e2400000, 0x00000000e2500000, 0x00000000e2500000|100%| O|  |TAMS 0x00000000e2400000, 0x00000000e2400000| Untracked 
|  37|0x00000000e2500000, 0x00000000e2600000, 0x00000000e2600000|100%| O|  |TAMS 0x00000000e2500000, 0x00000000e2500000| Untracked 
|  38|0x00000000e2600000, 0x00000000e2700000, 0x00000000e2700000|100%| O|  |TAMS 0x00000000e2600000, 0x00000000e2600000| Untracked 
|  39|0x00000000e2700000, 0x00000000e27b0800, 0x00000000e2800000| 68%| O|  |TAMS 0x00000000e2700000, 0x00000000e2700000| Untracked 
|  40|0x00000000e2800000, 0x00000000e2800000, 0x00000000e2900000|  0%| F|  |TAMS 0x00000000e2800000, 0x00000000e2800000| Untracked 
|  41|0x00000000e2900000, 0x00000000e2900000, 0x00000000e2a00000|  0%| F|  |TAMS 0x00000000e2900000, 0x00000000e2900000| Untracked 
|  42|0x00000000e2a00000, 0x00000000e2a00000, 0x00000000e2b00000|  0%| F|  |TAMS 0x00000000e2a00000, 0x00000000e2a00000| Untracked 
|  43|0x00000000e2b00000, 0x00000000e2b00000, 0x00000000e2c00000|  0%| F|  |TAMS 0x00000000e2b00000, 0x00000000e2b00000| Untracked 
|  44|0x00000000e2c00000, 0x00000000e2c00000, 0x00000000e2d00000|  0%| F|  |TAMS 0x00000000e2c00000, 0x00000000e2c00000| Untracked 
|  45|0x00000000e2d00000, 0x00000000e2d00000, 0x00000000e2e00000|  0%| F|  |TAMS 0x00000000e2d00000, 0x00000000e2d00000| Untracked 
|  46|0x00000000e2e00000, 0x00000000e2e00000, 0x00000000e2f00000|  0%| F|  |TAMS 0x00000000e2e00000, 0x00000000e2e00000| Untracked 
|  47|0x00000000e2f00000, 0x00000000e2f00000, 0x00000000e3000000|  0%| F|  |TAMS 0x00000000e2f00000, 0x00000000e2f00000| Untracked 
|  48|0x00000000e3000000, 0x00000000e3000000, 0x00000000e3100000|  0%| F|  |TAMS 0x00000000e3000000, 0x00000000e3000000| Untracked 
|  49|0x00000000e3100000, 0x00000000e3100000, 0x00000000e3200000|  0%| F|  |TAMS 0x00000000e3100000, 0x00000000e3100000| Untracked 
|  50|0x00000000e3200000, 0x00000000e3200000, 0x00000000e3300000|  0%| F|  |TAMS 0x00000000e3200000, 0x00000000e3200000| Untracked 
|  51|0x00000000e3300000, 0x00000000e3300000, 0x00000000e3400000|  0%| F|  |TAMS 0x00000000e3300000, 0x00000000e3300000| Untracked 
|  52|0x00000000e3400000, 0x00000000e3400000, 0x00000000e3500000|  0%| F|  |TAMS 0x00000000e3400000, 0x00000000e3400000| Untracked 
|  53|0x00000000e3500000, 0x00000000e3500000, 0x00000000e3600000|  0%| F|  |TAMS 0x00000000e3500000, 0x00000000e3500000| Untracked 
|  54|0x00000000e3600000, 0x00000000e3600000, 0x00000000e3700000|  0%| F|  |TAMS 0x00000000e3600000, 0x00000000e3600000| Untracked 
|  55|0x00000000e3700000, 0x00000000e3700000, 0x00000000e3800000|  0%| F|  |TAMS 0x00000000e3700000, 0x00000000e3700000| Untracked 
|  56|0x00000000e3800000, 0x00000000e3800000, 0x00000000e3900000|  0%| F|  |TAMS 0x00000000e3800000, 0x00000000e3800000| Untracked 
|  57|0x00000000e3900000, 0x00000000e3900000, 0x00000000e3a00000|  0%| F|  |TAMS 0x00000000e3900000, 0x00000000e3900000| Untracked 
|  58|0x00000000e3a00000, 0x00000000e3a00000, 0x00000000e3b00000|  0%| F|  |TAMS 0x00000000e3a00000, 0x00000000e3a00000| Untracked 
|  59|0x00000000e3b00000, 0x00000000e3b00000, 0x00000000e3c00000|  0%| F|  |TAMS 0x00000000e3b00000, 0x00000000e3b00000| Untracked 
|  60|0x00000000e3c00000, 0x00000000e3c00000, 0x00000000e3d00000|  0%| F|  |TAMS 0x00000000e3c00000, 0x00000000e3c00000| Untracked 
|  61|0x00000000e3d00000, 0x00000000e3d00000, 0x00000000e3e00000|  0%| F|  |TAMS 0x00000000e3d00000, 0x00000000e3d00000| Untracked 
|  62|0x00000000e3e00000, 0x00000000e3e00000, 0x00000000e3f00000|  0%| F|  |TAMS 0x00000000e3e00000, 0x00000000e3e00000| Untracked 
|  63|0x00000000e3f00000, 0x00000000e3f00000, 0x00000000e4000000|  0%| F|  |TAMS 0x00000000e3f00000, 0x00000000e3f00000| Untracked 
|  64|0x00000000e4000000, 0x00000000e4000000, 0x00000000e4100000|  0%| F|  |TAMS 0x00000000e4000000, 0x00000000e4000000| Untracked 
|  65|0x00000000e4100000, 0x00000000e4100000, 0x00000000e4200000|  0%| F|  |TAMS 0x00000000e4100000, 0x00000000e4100000| Untracked 
|  66|0x00000000e4200000, 0x00000000e4200000, 0x00000000e4300000|  0%| F|  |TAMS 0x00000000e4200000, 0x00000000e4200000| Untracked 
|  67|0x00000000e4300000, 0x00000000e4300000, 0x00000000e4400000|  0%| F|  |TAMS 0x00000000e4300000, 0x00000000e4300000| Untracked 
|  68|0x00000000e4400000, 0x00000000e4400000, 0x00000000e4500000|  0%| F|  |TAMS 0x00000000e4400000, 0x00000000e4400000| Untracked 
|  69|0x00000000e4500000, 0x00000000e4500000, 0x00000000e4600000|  0%| F|  |TAMS 0x00000000e4500000, 0x00000000e4500000| Untracked 
|  70|0x00000000e4600000, 0x00000000e4600000, 0x00000000e4700000|  0%| F|  |TAMS 0x00000000e4600000, 0x00000000e4600000| Untracked 
|  71|0x00000000e4700000, 0x00000000e4700000, 0x00000000e4800000|  0%| F|  |TAMS 0x00000000e4700000, 0x00000000e4700000| Untracked 
|  72|0x00000000e4800000, 0x00000000e4800000, 0x00000000e4900000|  0%| F|  |TAMS 0x00000000e4800000, 0x00000000e4800000| Untracked 
|  73|0x00000000e4900000, 0x00000000e4900000, 0x00000000e4a00000|  0%| F|  |TAMS 0x00000000e4900000, 0x00000000e4900000| Untracked 
|  74|0x00000000e4a00000, 0x00000000e4a00000, 0x00000000e4b00000|  0%| F|  |TAMS 0x00000000e4a00000, 0x00000000e4a00000| Untracked 
|  75|0x00000000e4b00000, 0x00000000e4b00000, 0x00000000e4c00000|  0%| F|  |TAMS 0x00000000e4b00000, 0x00000000e4b00000| Untracked 
|  76|0x00000000e4c00000, 0x00000000e4c00000, 0x00000000e4d00000|  0%| F|  |TAMS 0x00000000e4c00000, 0x00000000e4c00000| Untracked 
|  77|0x00000000e4d00000, 0x00000000e4d00000, 0x00000000e4e00000|  0%| F|  |TAMS 0x00000000e4d00000, 0x00000000e4d00000| Untracked 
|  78|0x00000000e4e00000, 0x00000000e4e00000, 0x00000000e4f00000|  0%| F|  |TAMS 0x00000000e4e00000, 0x00000000e4e00000| Untracked 
|  79|0x00000000e4f00000, 0x00000000e4f00000, 0x00000000e5000000|  0%| F|  |TAMS 0x00000000e4f00000, 0x00000000e4f00000| Untracked 
|  80|0x00000000e5000000, 0x00000000e5000000, 0x00000000e5100000|  0%| F|  |TAMS 0x00000000e5000000, 0x00000000e5000000| Untracked 
|  81|0x00000000e5100000, 0x00000000e5100000, 0x00000000e5200000|  0%| F|  |TAMS 0x00000000e5100000, 0x00000000e5100000| Untracked 
|  82|0x00000000e5200000, 0x00000000e5200000, 0x00000000e5300000|  0%| F|  |TAMS 0x00000000e5200000, 0x00000000e5200000| Untracked 
|  83|0x00000000e5300000, 0x00000000e5300000, 0x00000000e5400000|  0%| F|  |TAMS 0x00000000e5300000, 0x00000000e5300000| Untracked 
|  84|0x00000000e5400000, 0x00000000e5400000, 0x00000000e5500000|  0%| F|  |TAMS 0x00000000e5400000, 0x00000000e5400000| Untracked 
|  85|0x00000000e5500000, 0x00000000e5500000, 0x00000000e5600000|  0%| F|  |TAMS 0x00000000e5500000, 0x00000000e5500000| Untracked 
|  86|0x00000000e5600000, 0x00000000e5600000, 0x00000000e5700000|  0%| F|  |TAMS 0x00000000e5600000, 0x00000000e5600000| Untracked 
|  87|0x00000000e5700000, 0x00000000e5700000, 0x00000000e5800000|  0%| F|  |TAMS 0x00000000e5700000, 0x00000000e5700000| Untracked 
|  88|0x00000000e5800000, 0x00000000e5800000, 0x00000000e5900000|  0%| F|  |TAMS 0x00000000e5800000, 0x00000000e5800000| Untracked 
|  89|0x00000000e5900000, 0x00000000e59ca170, 0x00000000e5a00000| 78%| S|CS|TAMS 0x00000000e5900000, 0x00000000e5900000| Complete 
|  90|0x00000000e5a00000, 0x00000000e5b00000, 0x00000000e5b00000|100%| S|CS|TAMS 0x00000000e5a00000, 0x00000000e5a00000| Complete 
|  91|0x00000000e5b00000, 0x00000000e5c00000, 0x00000000e5c00000|100%| S|CS|TAMS 0x00000000e5b00000, 0x00000000e5b00000| Complete 
|  92|0x00000000e5c00000, 0x00000000e5d00000, 0x00000000e5d00000|100%| S|CS|TAMS 0x00000000e5c00000, 0x00000000e5c00000| Complete 
|  93|0x00000000e5d00000, 0x00000000e5e00000, 0x00000000e5e00000|100%| S|CS|TAMS 0x00000000e5d00000, 0x00000000e5d00000| Complete 
|  94|0x00000000e5e00000, 0x00000000e5f00000, 0x00000000e5f00000|100%| S|CS|TAMS 0x00000000e5e00000, 0x00000000e5e00000| Complete 
|  95|0x00000000e5f00000, 0x00000000e6000000, 0x00000000e6000000|100%| S|CS|TAMS 0x00000000e5f00000, 0x00000000e5f00000| Complete 
|  96|0x00000000e6000000, 0x00000000e6100000, 0x00000000e6100000|100%| S|CS|TAMS 0x00000000e6000000, 0x00000000e6000000| Complete 
|  97|0x00000000e6100000, 0x00000000e6200000, 0x00000000e6200000|100%| S|CS|TAMS 0x00000000e6100000, 0x00000000e6100000| Complete 
|  98|0x00000000e6200000, 0x00000000e6300000, 0x00000000e6300000|100%| S|CS|TAMS 0x00000000e6200000, 0x00000000e6200000| Complete 
|  99|0x00000000e6300000, 0x00000000e6400000, 0x00000000e6400000|100%| S|CS|TAMS 0x00000000e6300000, 0x00000000e6300000| Complete 
| 100|0x00000000e6400000, 0x00000000e6500000, 0x00000000e6500000|100%| S|CS|TAMS 0x00000000e6400000, 0x00000000e6400000| Complete 
| 101|0x00000000e6500000, 0x00000000e6600000, 0x00000000e6600000|100%| S|CS|TAMS 0x00000000e6500000, 0x00000000e6500000| Complete 
| 102|0x00000000e6600000, 0x00000000e6700000, 0x00000000e6700000|100%| S|CS|TAMS 0x00000000e6600000, 0x00000000e6600000| Complete 
| 103|0x00000000e6700000, 0x00000000e6700000, 0x00000000e6800000|  0%| F|  |TAMS 0x00000000e6700000, 0x00000000e6700000| Untracked 
| 104|0x00000000e6800000, 0x00000000e6800000, 0x00000000e6900000|  0%| F|  |TAMS 0x00000000e6800000, 0x00000000e6800000| Untracked 
| 105|0x00000000e6900000, 0x00000000e6900000, 0x00000000e6a00000|  0%| F|  |TAMS 0x00000000e6900000, 0x00000000e6900000| Untracked 
| 106|0x00000000e6a00000, 0x00000000e6a00000, 0x00000000e6b00000|  0%| F|  |TAMS 0x00000000e6a00000, 0x00000000e6a00000| Untracked 
| 107|0x00000000e6b00000, 0x00000000e6b00000, 0x00000000e6c00000|  0%| F|  |TAMS 0x00000000e6b00000, 0x00000000e6b00000| Untracked 
| 108|0x00000000e6c00000, 0x00000000e6c00000, 0x00000000e6d00000|  0%| F|  |TAMS 0x00000000e6c00000, 0x00000000e6c00000| Untracked 
| 109|0x00000000e6d00000, 0x00000000e6d00000, 0x00000000e6e00000|  0%| F|  |TAMS 0x00000000e6d00000, 0x00000000e6d00000| Untracked 
| 110|0x00000000e6e00000, 0x00000000e6e00000, 0x00000000e6f00000|  0%| F|  |TAMS 0x00000000e6e00000, 0x00000000e6e00000| Untracked 
| 111|0x00000000e6f00000, 0x00000000e6f00000, 0x00000000e7000000|  0%| F|  |TAMS 0x00000000e6f00000, 0x00000000e6f00000| Untracked 
| 112|0x00000000e7000000, 0x00000000e7000000, 0x00000000e7100000|  0%| F|  |TAMS 0x00000000e7000000, 0x00000000e7000000| Untracked 
| 113|0x00000000e7100000, 0x00000000e7100000, 0x00000000e7200000|  0%| F|  |TAMS 0x00000000e7100000, 0x00000000e7100000| Untracked 
| 114|0x00000000e7200000, 0x00000000e7200000, 0x00000000e7300000|  0%| F|  |TAMS 0x00000000e7200000, 0x00000000e7200000| Untracked 
| 115|0x00000000e7300000, 0x00000000e7300000, 0x00000000e7400000|  0%| F|  |TAMS 0x00000000e7300000, 0x00000000e7300000| Untracked 
| 116|0x00000000e7400000, 0x00000000e7400000, 0x00000000e7500000|  0%| F|  |TAMS 0x00000000e7400000, 0x00000000e7400000| Untracked 
| 117|0x00000000e7500000, 0x00000000e7500000, 0x00000000e7600000|  0%| F|  |TAMS 0x00000000e7500000, 0x00000000e7500000| Untracked 
| 118|0x00000000e7600000, 0x00000000e7600000, 0x00000000e7700000|  0%| F|  |TAMS 0x00000000e7600000, 0x00000000e7600000| Untracked 
| 119|0x00000000e7700000, 0x00000000e7700000, 0x00000000e7800000|  0%| F|  |TAMS 0x00000000e7700000, 0x00000000e7700000| Untracked 
| 120|0x00000000e7800000, 0x00000000e7800000, 0x00000000e7900000|  0%| F|  |TAMS 0x00000000e7800000, 0x00000000e7800000| Untracked 
| 121|0x00000000e7900000, 0x00000000e7900000, 0x00000000e7a00000|  0%| F|  |TAMS 0x00000000e7900000, 0x00000000e7900000| Untracked 
| 122|0x00000000e7a00000, 0x00000000e7a00000, 0x00000000e7b00000|  0%| F|  |TAMS 0x00000000e7a00000, 0x00000000e7a00000| Untracked 
| 123|0x00000000e7b00000, 0x00000000e7b00000, 0x00000000e7c00000|  0%| F|  |TAMS 0x00000000e7b00000, 0x00000000e7b00000| Untracked 
| 124|0x00000000e7c00000, 0x00000000e7c00000, 0x00000000e7d00000|  0%| F|  |TAMS 0x00000000e7c00000, 0x00000000e7c00000| Untracked 
| 125|0x00000000e7d00000, 0x00000000e7d00000, 0x00000000e7e00000|  0%| F|  |TAMS 0x00000000e7d00000, 0x00000000e7d00000| Untracked 
| 126|0x00000000e7e00000, 0x00000000e7e00000, 0x00000000e7f00000|  0%| F|  |TAMS 0x00000000e7e00000, 0x00000000e7e00000| Untracked 
| 127|0x00000000e7f00000, 0x00000000e7f00000, 0x00000000e8000000|  0%| F|  |TAMS 0x00000000e7f00000, 0x00000000e7f00000| Untracked 
| 128|0x00000000e8000000, 0x00000000e8000000, 0x00000000e8100000|  0%| F|  |TAMS 0x00000000e8000000, 0x00000000e8000000| Untracked 
| 129|0x00000000e8100000, 0x00000000e8100000, 0x00000000e8200000|  0%| F|  |TAMS 0x00000000e8100000, 0x00000000e8100000| Untracked 
| 130|0x00000000e8200000, 0x00000000e8200000, 0x00000000e8300000|  0%| F|  |TAMS 0x00000000e8200000, 0x00000000e8200000| Untracked 
| 131|0x00000000e8300000, 0x00000000e8300000, 0x00000000e8400000|  0%| F|  |TAMS 0x00000000e8300000, 0x00000000e8300000| Untracked 
| 132|0x00000000e8400000, 0x00000000e8400000, 0x00000000e8500000|  0%| F|  |TAMS 0x00000000e8400000, 0x00000000e8400000| Untracked 
| 133|0x00000000e8500000, 0x00000000e8500000, 0x00000000e8600000|  0%| F|  |TAMS 0x00000000e8500000, 0x00000000e8500000| Untracked 
| 134|0x00000000e8600000, 0x00000000e8600000, 0x00000000e8700000|  0%| F|  |TAMS 0x00000000e8600000, 0x00000000e8600000| Untracked 
| 135|0x00000000e8700000, 0x00000000e8700000, 0x00000000e8800000|  0%| F|  |TAMS 0x00000000e8700000, 0x00000000e8700000| Untracked 
| 136|0x00000000e8800000, 0x00000000e8800000, 0x00000000e8900000|  0%| F|  |TAMS 0x00000000e8800000, 0x00000000e8800000| Untracked 
| 137|0x00000000e8900000, 0x00000000e8900000, 0x00000000e8a00000|  0%| F|  |TAMS 0x00000000e8900000, 0x00000000e8900000| Untracked 
| 138|0x00000000e8a00000, 0x00000000e8a00000, 0x00000000e8b00000|  0%| F|  |TAMS 0x00000000e8a00000, 0x00000000e8a00000| Untracked 
| 139|0x00000000e8b00000, 0x00000000e8b00000, 0x00000000e8c00000|  0%| F|  |TAMS 0x00000000e8b00000, 0x00000000e8b00000| Untracked 
| 140|0x00000000e8c00000, 0x00000000e8c00000, 0x00000000e8d00000|  0%| F|  |TAMS 0x00000000e8c00000, 0x00000000e8c00000| Untracked 
| 141|0x00000000e8d00000, 0x00000000e8d00000, 0x00000000e8e00000|  0%| F|  |TAMS 0x00000000e8d00000, 0x00000000e8d00000| Untracked 
| 142|0x00000000e8e00000, 0x00000000e8e00000, 0x00000000e8f00000|  0%| F|  |TAMS 0x00000000e8e00000, 0x00000000e8e00000| Untracked 
| 143|0x00000000e8f00000, 0x00000000e8f00000, 0x00000000e9000000|  0%| F|  |TAMS 0x00000000e8f00000, 0x00000000e8f00000| Untracked 
| 144|0x00000000e9000000, 0x00000000e9000000, 0x00000000e9100000|  0%| F|  |TAMS 0x00000000e9000000, 0x00000000e9000000| Untracked 
| 145|0x00000000e9100000, 0x00000000e9100000, 0x00000000e9200000|  0%| F|  |TAMS 0x00000000e9100000, 0x00000000e9100000| Untracked 
| 146|0x00000000e9200000, 0x00000000e9200000, 0x00000000e9300000|  0%| F|  |TAMS 0x00000000e9200000, 0x00000000e9200000| Untracked 
| 147|0x00000000e9300000, 0x00000000e9300000, 0x00000000e9400000|  0%| F|  |TAMS 0x00000000e9300000, 0x00000000e9300000| Untracked 
| 148|0x00000000e9400000, 0x00000000e9400000, 0x00000000e9500000|  0%| F|  |TAMS 0x00000000e9400000, 0x00000000e9400000| Untracked 
| 149|0x00000000e9500000, 0x00000000e9500000, 0x00000000e9600000|  0%| F|  |TAMS 0x00000000e9500000, 0x00000000e9500000| Untracked 
| 150|0x00000000e9600000, 0x00000000e9600000, 0x00000000e9700000|  0%| F|  |TAMS 0x00000000e9600000, 0x00000000e9600000| Untracked 
| 151|0x00000000e9700000, 0x00000000e9700000, 0x00000000e9800000|  0%| F|  |TAMS 0x00000000e9700000, 0x00000000e9700000| Untracked 
| 152|0x00000000e9800000, 0x00000000e9800000, 0x00000000e9900000|  0%| F|  |TAMS 0x00000000e9800000, 0x00000000e9800000| Untracked 
| 153|0x00000000e9900000, 0x00000000e9900000, 0x00000000e9a00000|  0%| F|  |TAMS 0x00000000e9900000, 0x00000000e9900000| Untracked 
| 154|0x00000000e9a00000, 0x00000000e9a00000, 0x00000000e9b00000|  0%| F|  |TAMS 0x00000000e9a00000, 0x00000000e9a00000| Untracked 
| 155|0x00000000e9b00000, 0x00000000e9b00000, 0x00000000e9c00000|  0%| F|  |TAMS 0x00000000e9b00000, 0x00000000e9b00000| Untracked 
| 156|0x00000000e9c00000, 0x00000000e9c00000, 0x00000000e9d00000|  0%| F|  |TAMS 0x00000000e9c00000, 0x00000000e9c00000| Untracked 
| 157|0x00000000e9d00000, 0x00000000e9d00000, 0x00000000e9e00000|  0%| F|  |TAMS 0x00000000e9d00000, 0x00000000e9d00000| Untracked 
| 158|0x00000000e9e00000, 0x00000000e9e00000, 0x00000000e9f00000|  0%| F|  |TAMS 0x00000000e9e00000, 0x00000000e9e00000| Untracked 
| 159|0x00000000e9f00000, 0x00000000e9f00000, 0x00000000ea000000|  0%| F|  |TAMS 0x00000000e9f00000, 0x00000000e9f00000| Untracked 
| 160|0x00000000ea000000, 0x00000000ea000000, 0x00000000ea100000|  0%| F|  |TAMS 0x00000000ea000000, 0x00000000ea000000| Untracked 
| 161|0x00000000ea100000, 0x00000000ea100000, 0x00000000ea200000|  0%| F|  |TAMS 0x00000000ea100000, 0x00000000ea100000| Untracked 
| 162|0x00000000ea200000, 0x00000000ea200000, 0x00000000ea300000|  0%| F|  |TAMS 0x00000000ea200000, 0x00000000ea200000| Untracked 
| 163|0x00000000ea300000, 0x00000000ea300000, 0x00000000ea400000|  0%| F|  |TAMS 0x00000000ea300000, 0x00000000ea300000| Untracked 
| 164|0x00000000ea400000, 0x00000000ea400000, 0x00000000ea500000|  0%| F|  |TAMS 0x00000000ea400000, 0x00000000ea400000| Untracked 
| 165|0x00000000ea500000, 0x00000000ea500000, 0x00000000ea600000|  0%| F|  |TAMS 0x00000000ea500000, 0x00000000ea500000| Untracked 
| 166|0x00000000ea600000, 0x00000000ea600000, 0x00000000ea700000|  0%| F|  |TAMS 0x00000000ea600000, 0x00000000ea600000| Untracked 
| 167|0x00000000ea700000, 0x00000000ea700000, 0x00000000ea800000|  0%| F|  |TAMS 0x00000000ea700000, 0x00000000ea700000| Untracked 
| 168|0x00000000ea800000, 0x00000000ea800000, 0x00000000ea900000|  0%| F|  |TAMS 0x00000000ea800000, 0x00000000ea800000| Untracked 
| 169|0x00000000ea900000, 0x00000000ea900000, 0x00000000eaa00000|  0%| F|  |TAMS 0x00000000ea900000, 0x00000000ea900000| Untracked 
| 170|0x00000000eaa00000, 0x00000000eaa00000, 0x00000000eab00000|  0%| F|  |TAMS 0x00000000eaa00000, 0x00000000eaa00000| Untracked 
| 171|0x00000000eab00000, 0x00000000eab00000, 0x00000000eac00000|  0%| F|  |TAMS 0x00000000eab00000, 0x00000000eab00000| Untracked 
| 172|0x00000000eac00000, 0x00000000eac00000, 0x00000000ead00000|  0%| F|  |TAMS 0x00000000eac00000, 0x00000000eac00000| Untracked 
| 173|0x00000000ead00000, 0x00000000ead00000, 0x00000000eae00000|  0%| F|  |TAMS 0x00000000ead00000, 0x00000000ead00000| Untracked 
| 174|0x00000000eae00000, 0x00000000eae00000, 0x00000000eaf00000|  0%| F|  |TAMS 0x00000000eae00000, 0x00000000eae00000| Untracked 
| 175|0x00000000eaf00000, 0x00000000eaf00000, 0x00000000eb000000|  0%| F|  |TAMS 0x00000000eaf00000, 0x00000000eaf00000| Untracked 
| 176|0x00000000eb000000, 0x00000000eb000000, 0x00000000eb100000|  0%| F|  |TAMS 0x00000000eb000000, 0x00000000eb000000| Untracked 
| 177|0x00000000eb100000, 0x00000000eb100000, 0x00000000eb200000|  0%| F|  |TAMS 0x00000000eb100000, 0x00000000eb100000| Untracked 
| 178|0x00000000eb200000, 0x00000000eb200000, 0x00000000eb300000|  0%| F|  |TAMS 0x00000000eb200000, 0x00000000eb200000| Untracked 
| 179|0x00000000eb300000, 0x00000000eb300000, 0x00000000eb400000|  0%| F|  |TAMS 0x00000000eb300000, 0x00000000eb300000| Untracked 
| 180|0x00000000eb400000, 0x00000000eb400000, 0x00000000eb500000|  0%| F|  |TAMS 0x00000000eb400000, 0x00000000eb400000| Untracked 
| 181|0x00000000eb500000, 0x00000000eb500000, 0x00000000eb600000|  0%| F|  |TAMS 0x00000000eb500000, 0x00000000eb500000| Untracked 
| 182|0x00000000eb600000, 0x00000000eb600000, 0x00000000eb700000|  0%| F|  |TAMS 0x00000000eb600000, 0x00000000eb600000| Untracked 
| 183|0x00000000eb700000, 0x00000000eb700000, 0x00000000eb800000|  0%| F|  |TAMS 0x00000000eb700000, 0x00000000eb700000| Untracked 
| 184|0x00000000eb800000, 0x00000000eb800000, 0x00000000eb900000|  0%| F|  |TAMS 0x00000000eb800000, 0x00000000eb800000| Untracked 
| 185|0x00000000eb900000, 0x00000000eb900000, 0x00000000eba00000|  0%| F|  |TAMS 0x00000000eb900000, 0x00000000eb900000| Untracked 
| 186|0x00000000eba00000, 0x00000000eba00000, 0x00000000ebb00000|  0%| F|  |TAMS 0x00000000eba00000, 0x00000000eba00000| Untracked 
| 187|0x00000000ebb00000, 0x00000000ebb00000, 0x00000000ebc00000|  0%| F|  |TAMS 0x00000000ebb00000, 0x00000000ebb00000| Untracked 
| 188|0x00000000ebc00000, 0x00000000ebc00000, 0x00000000ebd00000|  0%| F|  |TAMS 0x00000000ebc00000, 0x00000000ebc00000| Untracked 
| 189|0x00000000ebd00000, 0x00000000ebd00000, 0x00000000ebe00000|  0%| F|  |TAMS 0x00000000ebd00000, 0x00000000ebd00000| Untracked 
| 190|0x00000000ebe00000, 0x00000000ebe00000, 0x00000000ebf00000|  0%| F|  |TAMS 0x00000000ebe00000, 0x00000000ebe00000| Untracked 
| 191|0x00000000ebf00000, 0x00000000ebf00000, 0x00000000ec000000|  0%| F|  |TAMS 0x00000000ebf00000, 0x00000000ebf00000| Untracked 
| 192|0x00000000ec000000, 0x00000000ec000000, 0x00000000ec100000|  0%| F|  |TAMS 0x00000000ec000000, 0x00000000ec000000| Untracked 
| 193|0x00000000ec100000, 0x00000000ec100000, 0x00000000ec200000|  0%| F|  |TAMS 0x00000000ec100000, 0x00000000ec100000| Untracked 
| 194|0x00000000ec200000, 0x00000000ec200000, 0x00000000ec300000|  0%| F|  |TAMS 0x00000000ec200000, 0x00000000ec200000| Untracked 
| 195|0x00000000ec300000, 0x00000000ec300000, 0x00000000ec400000|  0%| F|  |TAMS 0x00000000ec300000, 0x00000000ec300000| Untracked 
| 196|0x00000000ec400000, 0x00000000ec400000, 0x00000000ec500000|  0%| F|  |TAMS 0x00000000ec400000, 0x00000000ec400000| Untracked 
| 197|0x00000000ec500000, 0x00000000ec500000, 0x00000000ec600000|  0%| F|  |TAMS 0x00000000ec500000, 0x00000000ec500000| Untracked 
| 198|0x00000000ec600000, 0x00000000ec600000, 0x00000000ec700000|  0%| F|  |TAMS 0x00000000ec600000, 0x00000000ec600000| Untracked 
| 199|0x00000000ec700000, 0x00000000ec700000, 0x00000000ec800000|  0%| F|  |TAMS 0x00000000ec700000, 0x00000000ec700000| Untracked 
| 200|0x00000000ec800000, 0x00000000ec800000, 0x00000000ec900000|  0%| F|  |TAMS 0x00000000ec800000, 0x00000000ec800000| Untracked 
| 201|0x00000000ec900000, 0x00000000ec900000, 0x00000000eca00000|  0%| F|  |TAMS 0x00000000ec900000, 0x00000000ec900000| Untracked 
| 202|0x00000000eca00000, 0x00000000eca00000, 0x00000000ecb00000|  0%| F|  |TAMS 0x00000000eca00000, 0x00000000eca00000| Untracked 
| 203|0x00000000ecb00000, 0x00000000ecb00000, 0x00000000ecc00000|  0%| F|  |TAMS 0x00000000ecb00000, 0x00000000ecb00000| Untracked 
| 204|0x00000000ecc00000, 0x00000000ecc00000, 0x00000000ecd00000|  0%| F|  |TAMS 0x00000000ecc00000, 0x00000000ecc00000| Untracked 
| 205|0x00000000ecd00000, 0x00000000ecd00000, 0x00000000ece00000|  0%| F|  |TAMS 0x00000000ecd00000, 0x00000000ecd00000| Untracked 
| 206|0x00000000ece00000, 0x00000000ece00000, 0x00000000ecf00000|  0%| F|  |TAMS 0x00000000ece00000, 0x00000000ece00000| Untracked 
| 207|0x00000000ecf00000, 0x00000000ecf00000, 0x00000000ed000000|  0%| F|  |TAMS 0x00000000ecf00000, 0x00000000ecf00000| Untracked 
| 208|0x00000000ed000000, 0x00000000ed000000, 0x00000000ed100000|  0%| F|  |TAMS 0x00000000ed000000, 0x00000000ed000000| Untracked 
| 209|0x00000000ed100000, 0x00000000ed100000, 0x00000000ed200000|  0%| F|  |TAMS 0x00000000ed100000, 0x00000000ed100000| Untracked 
| 210|0x00000000ed200000, 0x00000000ed200000, 0x00000000ed300000|  0%| F|  |TAMS 0x00000000ed200000, 0x00000000ed200000| Untracked 
| 211|0x00000000ed300000, 0x00000000ed300000, 0x00000000ed400000|  0%| F|  |TAMS 0x00000000ed300000, 0x00000000ed300000| Untracked 
| 212|0x00000000ed400000, 0x00000000ed400000, 0x00000000ed500000|  0%| F|  |TAMS 0x00000000ed400000, 0x00000000ed400000| Untracked 
| 213|0x00000000ed500000, 0x00000000ed500000, 0x00000000ed600000|  0%| F|  |TAMS 0x00000000ed500000, 0x00000000ed500000| Untracked 
| 214|0x00000000ed600000, 0x00000000ed600000, 0x00000000ed700000|  0%| F|  |TAMS 0x00000000ed600000, 0x00000000ed600000| Untracked 
| 215|0x00000000ed700000, 0x00000000ed700000, 0x00000000ed800000|  0%| F|  |TAMS 0x00000000ed700000, 0x00000000ed700000| Untracked 
| 216|0x00000000ed800000, 0x00000000ed800000, 0x00000000ed900000|  0%| F|  |TAMS 0x00000000ed800000, 0x00000000ed800000| Untracked 
| 217|0x00000000ed900000, 0x00000000ed900000, 0x00000000eda00000|  0%| F|  |TAMS 0x00000000ed900000, 0x00000000ed900000| Untracked 
| 218|0x00000000eda00000, 0x00000000eda00000, 0x00000000edb00000|  0%| F|  |TAMS 0x00000000eda00000, 0x00000000eda00000| Untracked 
| 219|0x00000000edb00000, 0x00000000edb00000, 0x00000000edc00000|  0%| F|  |TAMS 0x00000000edb00000, 0x00000000edb00000| Untracked 
| 220|0x00000000edc00000, 0x00000000edc00000, 0x00000000edd00000|  0%| F|  |TAMS 0x00000000edc00000, 0x00000000edc00000| Untracked 
| 221|0x00000000edd00000, 0x00000000edd00000, 0x00000000ede00000|  0%| F|  |TAMS 0x00000000edd00000, 0x00000000edd00000| Untracked 
| 222|0x00000000ede00000, 0x00000000ede00000, 0x00000000edf00000|  0%| F|  |TAMS 0x00000000ede00000, 0x00000000ede00000| Untracked 
| 223|0x00000000edf00000, 0x00000000edf00000, 0x00000000ee000000|  0%| F|  |TAMS 0x00000000edf00000, 0x00000000edf00000| Untracked 
| 224|0x00000000ee000000, 0x00000000ee000000, 0x00000000ee100000|  0%| F|  |TAMS 0x00000000ee000000, 0x00000000ee000000| Untracked 
| 225|0x00000000ee100000, 0x00000000ee100000, 0x00000000ee200000|  0%| F|  |TAMS 0x00000000ee100000, 0x00000000ee100000| Untracked 
| 226|0x00000000ee200000, 0x00000000ee200000, 0x00000000ee300000|  0%| F|  |TAMS 0x00000000ee200000, 0x00000000ee200000| Untracked 
| 227|0x00000000ee300000, 0x00000000ee300000, 0x00000000ee400000|  0%| F|  |TAMS 0x00000000ee300000, 0x00000000ee300000| Untracked 
| 228|0x00000000ee400000, 0x00000000ee400000, 0x00000000ee500000|  0%| F|  |TAMS 0x00000000ee400000, 0x00000000ee400000| Untracked 
| 229|0x00000000ee500000, 0x00000000ee500000, 0x00000000ee600000|  0%| F|  |TAMS 0x00000000ee500000, 0x00000000ee500000| Untracked 
| 230|0x00000000ee600000, 0x00000000ee6d6a40, 0x00000000ee700000| 83%| E|  |TAMS 0x00000000ee600000, 0x00000000ee600000| Complete 
| 231|0x00000000ee700000, 0x00000000ee800000, 0x00000000ee800000|100%| E|CS|TAMS 0x00000000ee700000, 0x00000000ee700000| Complete 
| 232|0x00000000ee800000, 0x00000000ee900000, 0x00000000ee900000|100%| E|CS|TAMS 0x00000000ee800000, 0x00000000ee800000| Complete 
| 233|0x00000000ee900000, 0x00000000eea00000, 0x00000000eea00000|100%| E|CS|TAMS 0x00000000ee900000, 0x00000000ee900000| Complete 
| 234|0x00000000eea00000, 0x00000000eeb00000, 0x00000000eeb00000|100%| E|CS|TAMS 0x00000000eea00000, 0x00000000eea00000| Complete 
| 235|0x00000000eeb00000, 0x00000000eec00000, 0x00000000eec00000|100%| E|CS|TAMS 0x00000000eeb00000, 0x00000000eeb00000| Complete 
| 236|0x00000000eec00000, 0x00000000eed00000, 0x00000000eed00000|100%| E|CS|TAMS 0x00000000eec00000, 0x00000000eec00000| Complete 
| 237|0x00000000eed00000, 0x00000000eee00000, 0x00000000eee00000|100%| E|CS|TAMS 0x00000000eed00000, 0x00000000eed00000| Complete 
| 238|0x00000000eee00000, 0x00000000eef00000, 0x00000000eef00000|100%| E|CS|TAMS 0x00000000eee00000, 0x00000000eee00000| Complete 
| 239|0x00000000eef00000, 0x00000000ef000000, 0x00000000ef000000|100%| E|CS|TAMS 0x00000000eef00000, 0x00000000eef00000| Complete 
| 240|0x00000000ef000000, 0x00000000ef100000, 0x00000000ef100000|100%| E|CS|TAMS 0x00000000ef000000, 0x00000000ef000000| Complete 
| 241|0x00000000ef100000, 0x00000000ef200000, 0x00000000ef200000|100%| E|CS|TAMS 0x00000000ef100000, 0x00000000ef100000| Complete 
| 242|0x00000000ef200000, 0x00000000ef300000, 0x00000000ef300000|100%| E|CS|TAMS 0x00000000ef200000, 0x00000000ef200000| Complete 
| 243|0x00000000ef300000, 0x00000000ef400000, 0x00000000ef400000|100%| E|CS|TAMS 0x00000000ef300000, 0x00000000ef300000| Complete 
| 244|0x00000000ef400000, 0x00000000ef500000, 0x00000000ef500000|100%| E|CS|TAMS 0x00000000ef400000, 0x00000000ef400000| Complete 
| 245|0x00000000ef500000, 0x00000000ef600000, 0x00000000ef600000|100%| E|CS|TAMS 0x00000000ef500000, 0x00000000ef500000| Complete 
| 246|0x00000000ef600000, 0x00000000ef700000, 0x00000000ef700000|100%| E|CS|TAMS 0x00000000ef600000, 0x00000000ef600000| Complete 
| 247|0x00000000ef700000, 0x00000000ef800000, 0x00000000ef800000|100%| E|CS|TAMS 0x00000000ef700000, 0x00000000ef700000| Complete 
| 248|0x00000000ef800000, 0x00000000ef900000, 0x00000000ef900000|100%| E|CS|TAMS 0x00000000ef800000, 0x00000000ef800000| Complete 
| 249|0x00000000ef900000, 0x00000000efa00000, 0x00000000efa00000|100%| E|CS|TAMS 0x00000000ef900000, 0x00000000ef900000| Complete 
| 250|0x00000000efa00000, 0x00000000efb00000, 0x00000000efb00000|100%| E|CS|TAMS 0x00000000efa00000, 0x00000000efa00000| Complete 
| 251|0x00000000efb00000, 0x00000000efc00000, 0x00000000efc00000|100%| E|CS|TAMS 0x00000000efb00000, 0x00000000efb00000| Complete 
| 252|0x00000000efc00000, 0x00000000efd00000, 0x00000000efd00000|100%| E|CS|TAMS 0x00000000efc00000, 0x00000000efc00000| Complete 
| 253|0x00000000efd00000, 0x00000000efe00000, 0x00000000efe00000|100%| E|CS|TAMS 0x00000000efd00000, 0x00000000efd00000| Complete 
| 254|0x00000000efe00000, 0x00000000eff00000, 0x00000000eff00000|100%| E|CS|TAMS 0x00000000efe00000, 0x00000000efe00000| Complete 
| 255|0x00000000eff00000, 0x00000000f0000000, 0x00000000f0000000|100%| E|CS|TAMS 0x00000000eff00000, 0x00000000eff00000| Complete 

Card table byte_map: [0x000002489eee0000,0x000002489efe0000] _byte_map_base: 0x000002489e7e0000

Marking Bits (Prev, Next): (CMBitMap*) 0x0000024885dfabc0, (CMBitMap*) 0x0000024885dfac00
 Prev Bits: [0x000002489f0e0000, 0x000002489f8e0000)
 Next Bits: [0x000002489f8e0000, 0x00000248a00e0000)

Polling page: 0x0000024885e90000

Metaspace:

Usage:
  Non-class:     59.64 MB used.
      Class:      9.57 MB used.
       Both:     69.21 MB used.

Virtual space:
  Non-class space:       64.00 MB reserved,      60.00 MB ( 94%) committed,  8 nodes.
      Class space:      308.00 MB reserved,       9.88 MB (  3%) committed,  1 nodes.
             Both:      372.00 MB reserved,      69.88 MB ( 19%) committed. 

Chunk freelists:
   Non-Class:  3.42 MB
       Class:  2.14 MB
        Both:  5.56 MB

MaxMetaspaceSize: 384.00 MB
CompressedClassSpaceSize: 308.00 MB
Initial GC threshold: 21.00 MB
Current GC threshold: 116.38 MB
CDS: on
MetaspaceReclaimPolicy: balanced
 - commit_granule_bytes: 65536.
 - commit_granule_words: 8192.
 - virtual_space_node_default_size: 1048576.
 - enlarge_chunks_in_place: 1.
 - new_chunks_are_fully_committed: 0.
 - uncommit_free_chunks: 1.
 - use_allocation_guard: 0.
 - handle_deallocations: 1.


Internal statistics:

num_allocs_failed_limit: 18.
num_arena_births: 790.
num_arena_deaths: 106.
num_vsnodes_births: 9.
num_vsnodes_deaths: 0.
num_space_committed: 1118.
num_space_uncommitted: 0.
num_chunks_returned_to_freelist: 147.
num_chunks_taken_from_freelist: 3578.
num_chunk_merges: 44.
num_chunk_splits: 2330.
num_chunks_enlarged: 1545.
num_purges: 2.
num_inconsistent_stats: 0.

CodeHeap 'non-profiled nmethods': size=119168Kb used=5495Kb max_used=5495Kb free=113672Kb
 bounds [0x00000248969a0000, 0x0000024896f00000, 0x000002489de00000]
CodeHeap 'profiled nmethods': size=119104Kb used=19174Kb max_used=19174Kb free=99929Kb
 bounds [0x000002488f550000, 0x0000024890810000, 0x00000248969a0000]
CodeHeap 'non-nmethods': size=7488Kb used=2389Kb max_used=4204Kb free=5098Kb
 bounds [0x000002488ee00000, 0x000002488f220000, 0x000002488f550000]
 total_blobs=10074 nmethods=9157 adapters=829
 compilation: enabled
              stopped_count=0, restarted_count=0
 full_count=0

Compilation events (20 events):
Event: 765.826 Thread 0x00000248a30d5050 10795       4       java.nio.ByteBuffer::limit (6 bytes)
Event: 765.827 Thread 0x00000248a30d5050 nmethod 10795 0x0000024896ef9010 code [0x0000024896ef91a0, 0x0000024896ef92b8]
Event: 765.848 Thread 0x00000248a98abd80 nmethod 10794 0x0000024896ef9410 code [0x0000024896ef9620, 0x0000024896efa0f0]
Event: 765.954 Thread 0x00000248a30d5050 10796       4       java.util.concurrent.locks.AbstractQueuedSynchronizer$Node::setPrevRelaxed (12 bytes)
Event: 765.956 Thread 0x00000248a30d5050 nmethod 10796 0x0000024896efaa10 code [0x0000024896efab80, 0x0000024896efacb8]
Event: 765.973 Thread 0x00000248a30d5050 10797       4       org.gradle.internal.time.MonotonicClock::getCurrentTime (70 bytes)
Event: 765.978 Thread 0x00000248a30d5050 nmethod 10797 0x0000024896efad10 code [0x0000024896efaec0, 0x0000024896efb1a8]
Event: 766.040 Thread 0x00000248a30d5050 10798       4       org.gradle.internal.execution.DefaultWorkExecutionTracker$OperationListener::progress (1 bytes)
Event: 766.040 Thread 0x00000248a30d5050 nmethod 10798 0x0000024896efb490 code [0x0000024896efb600, 0x0000024896efb678]
Event: 766.054 Thread 0x00000248a30d5050 10799       4       java.util.concurrent.ConcurrentLinkedQueue::offer (120 bytes)
Event: 766.063 Thread 0x00000248a30d5050 nmethod 10799 0x0000024896efb790 code [0x0000024896efb920, 0x0000024896efbd18]
Event: 766.191 Thread 0x00000248a30d5050 10800       4       jdk.internal.misc.Unsafe::checkSize (32 bytes)
Event: 766.191 Thread 0x00000248a30d5050 nmethod 10800 0x0000024896efbf10 code [0x0000024896efc080, 0x0000024896efc118]
Event: 766.378 Thread 0x00000248a30d5050 10801   !   4       java.io.PrintStream::write (69 bytes)
Event: 766.381 Thread 0x00000248a30d5050 nmethod 10801 0x0000024896efc210 code [0x0000024896efc3a0, 0x0000024896efc728]
Event: 766.381 Thread 0x00000248a30d5050 10802   !   4       java.io.PrintStream::flush (35 bytes)
Event: 766.383 Thread 0x00000248a30d5050 nmethod 10802 0x0000024896efc910 code [0x0000024896efcaa0, 0x0000024896efcd78]
Event: 766.386 Thread 0x00000248a30d5050 10803       4       org.gradle.internal.event.AbstractBroadcastDispatch::dispatch (65 bytes)
Event: 766.398 Thread 0x00000248a30d5050 nmethod 10803 0x0000024896efce90 code [0x0000024896efd080, 0x0000024896efd618]
Event: 766.414 Thread 0x00000248a30d5050 10804       4       org.gradle.internal.snapshot.VfsRelativePath::compareToFirstSegment (203 bytes)

GC Heap History (20 events):
Event: 0.422 GC heap before
{Heap before GC invocations=0 (full 0):
 garbage-first heap   total 262144K, used 26624K [0x00000000e0000000, 0x0000000100000000)
  region size 1024K, 23 young (23552K), 0 survivors (0K)
 Metaspace       used 1814K, committed 1920K, reserved 323584K
  class space    used 174K, committed 192K, reserved 315392K
}
Event: 0.426 GC heap after
{Heap after GC invocations=1 (full 0):
 garbage-first heap   total 262144K, used 10309K [0x00000000e0000000, 0x0000000100000000)
  region size 1024K, 3 young (3072K), 3 survivors (3072K)
 Metaspace       used 1814K, committed 1920K, reserved 323584K
  class space    used 174K, committed 192K, reserved 315392K
}
Event: 2.055 GC heap before
{Heap before GC invocations=1 (full 0):
 garbage-first heap   total 262144K, used 38981K [0x00000000e0000000, 0x0000000100000000)
  region size 1024K, 31 young (31744K), 3 survivors (3072K)
 Metaspace       used 4351K, committed 4544K, reserved 323584K
  class space    used 535K, committed 640K, reserved 315392K
}
Event: 2.058 GC heap after
{Heap after GC invocations=2 (full 0):
 garbage-first heap   total 262144K, used 12088K [0x00000000e0000000, 0x0000000100000000)
  region size 1024K, 2 young (2048K), 2 survivors (2048K)
 Metaspace       used 4351K, committed 4544K, reserved 323584K
  class space    used 535K, committed 640K, reserved 315392K
}
Event: 8.497 GC heap before
{Heap before GC invocations=2 (full 0):
 garbage-first heap   total 262144K, used 142136K [0x00000000e0000000, 0x0000000100000000)
  region size 1024K, 127 young (130048K), 2 survivors (2048K)
 Metaspace       used 20596K, committed 20928K, reserved 339968K
  class space    used 2967K, committed 3136K, reserved 315392K
}
Event: 8.505 GC heap after
{Heap after GC invocations=3 (full 0):
 garbage-first heap   total 262144K, used 23674K [0x00000000e0000000, 0x0000000100000000)
  region size 1024K, 12 young (12288K), 12 survivors (12288K)
 Metaspace       used 20596K, committed 20928K, reserved 339968K
  class space    used 2967K, committed 3136K, reserved 315392K
}
Event: 8.570 GC heap before
{Heap before GC invocations=3 (full 0):
 garbage-first heap   total 262144K, used 27770K [0x00000000e0000000, 0x0000000100000000)
  region size 1024K, 17 young (17408K), 12 survivors (12288K)
 Metaspace       used 21165K, committed 21504K, reserved 339968K
  class space    used 3059K, committed 3264K, reserved 315392K
}
Event: 8.577 GC heap after
{Heap after GC invocations=4 (full 0):
 garbage-first heap   total 262144K, used 24870K [0x00000000e0000000, 0x0000000100000000)
  region size 1024K, 2 young (2048K), 2 survivors (2048K)
 Metaspace       used 21165K, committed 21504K, reserved 339968K
  class space    used 3059K, committed 3264K, reserved 315392K
}
Event: 10.220 GC heap before
{Heap before GC invocations=5 (full 0):
 garbage-first heap   total 262144K, used 141606K [0x00000000e0000000, 0x0000000100000000)
  region size 1024K, 118 young (120832K), 2 survivors (2048K)
 Metaspace       used 35553K, committed 35968K, reserved 348160K
  class space    used 5045K, committed 5248K, reserved 315392K
}
Event: 10.225 GC heap after
{Heap after GC invocations=6 (full 0):
 garbage-first heap   total 262144K, used 32178K [0x00000000e0000000, 0x0000000100000000)
  region size 1024K, 9 young (9216K), 9 survivors (9216K)
 Metaspace       used 35553K, committed 35968K, reserved 348160K
  class space    used 5045K, committed 5248K, reserved 315392K
}
Event: 10.246 GC heap before
{Heap before GC invocations=6 (full 0):
 garbage-first heap   total 262144K, used 33202K [0x00000000e0000000, 0x0000000100000000)
  region size 1024K, 11 young (11264K), 9 survivors (9216K)
 Metaspace       used 35846K, committed 36288K, reserved 348160K
  class space    used 5083K, committed 5312K, reserved 315392K
}
Event: 10.250 GC heap after
{Heap after GC invocations=7 (full 0):
 garbage-first heap   total 262144K, used 32584K [0x00000000e0000000, 0x0000000100000000)
  region size 1024K, 2 young (2048K), 2 survivors (2048K)
 Metaspace       used 35846K, committed 36288K, reserved 348160K
  class space    used 5083K, committed 5312K, reserved 315392K
}
Event: 10.277 GC heap before
{Heap before GC invocations=7 (full 0):
 garbage-first heap   total 262144K, used 34632K [0x00000000e0000000, 0x0000000100000000)
  region size 1024K, 5 young (5120K), 2 survivors (2048K)
 Metaspace       used 36136K, committed 36608K, reserved 348160K
  class space    used 5138K, committed 5376K, reserved 315392K
}
Event: 10.278 GC heap after
{Heap after GC invocations=8 (full 0):
 garbage-first heap   total 262144K, used 31716K [0x00000000e0000000, 0x0000000100000000)
  region size 1024K, 1 young (1024K), 1 survivors (1024K)
 Metaspace       used 36136K, committed 36608K, reserved 348160K
  class space    used 5138K, committed 5376K, reserved 315392K
}
Event: 13.136 GC heap before
{Heap before GC invocations=9 (full 0):
 garbage-first heap   total 262144K, used 193508K [0x00000000e0000000, 0x0000000100000000)
  region size 1024K, 153 young (156672K), 1 survivors (1024K)
 Metaspace       used 54949K, committed 55552K, reserved 364544K
  class space    used 7730K, committed 8000K, reserved 315392K
}
Event: 13.143 GC heap after
{Heap after GC invocations=10 (full 0):
 garbage-first heap   total 262144K, used 40909K [0x00000000e0000000, 0x0000000100000000)
  region size 1024K, 10 young (10240K), 10 survivors (10240K)
 Metaspace       used 54949K, committed 55552K, reserved 364544K
  class space    used 7730K, committed 8000K, reserved 315392K
}
Event: 14.230 GC heap before
{Heap before GC invocations=10 (full 0):
 garbage-first heap   total 262144K, used 102349K [0x00000000e0000000, 0x0000000100000000)
  region size 1024K, 72 young (73728K), 10 survivors (10240K)
 Metaspace       used 60719K, committed 61248K, reserved 372736K
  class space    used 8665K, committed 8896K, reserved 315392K
}
Event: 14.238 GC heap after
{Heap after GC invocations=11 (full 0):
 garbage-first heap   total 262144K, used 47421K [0x00000000e0000000, 0x0000000100000000)
  region size 1024K, 16 young (16384K), 16 survivors (16384K)
 Metaspace       used 60719K, committed 61248K, reserved 372736K
  class space    used 8665K, committed 8896K, reserved 315392K
}
Event: 764.163 GC heap before
{Heap before GC invocations=12 (full 0):
 garbage-first heap   total 262144K, used 186685K [0x00000000e0000000, 0x0000000100000000)
  region size 1024K, 153 young (156672K), 16 survivors (16384K)
 Metaspace       used 70821K, committed 71488K, reserved 380928K
  class space    used 9822K, committed 10112K, reserved 315392K
}
Event: 764.174 GC heap after
{Heap after GC invocations=13 (full 0):
 garbage-first heap   total 262144K, used 54762K [0x00000000e0000000, 0x0000000100000000)
  region size 1024K, 14 young (14336K), 14 survivors (14336K)
 Metaspace       used 70821K, committed 71488K, reserved 380928K
  class space    used 9822K, committed 10112K, reserved 315392K
}

Deoptimization events (20 events):
Event: 764.489 Thread 0x00000248a7f05480 DEOPT PACKING pc=0x0000024896d3d630 sp=0x0000009181dfb440
Event: 764.489 Thread 0x00000248a7f05480 DEOPT UNPACKING pc=0x000002488ee523a3 sp=0x0000009181dfb358 mode 2
Event: 764.492 Thread 0x00000248a7ae56b0 DEOPT PACKING pc=0x00000248904a84ef sp=0x0000009181cfbec0
Event: 764.492 Thread 0x00000248a7ae56b0 DEOPT UNPACKING pc=0x000002488ee52b43 sp=0x0000009181cfb3f8 mode 0
Event: 764.496 Thread 0x00000248a7ae56b0 Uncommon trap: trap_request=0xffffffbe fr.pc=0x0000024896ed6c88 relative=0x0000000000000268
Event: 764.496 Thread 0x00000248a7ae56b0 Uncommon trap: reason=profile_predicate action=maybe_recompile pc=0x0000024896ed6c88 method=java.util.HashMap.keysToArray([Ljava/lang/Object;)[Ljava/lang/Object; @ 36 c2
Event: 764.496 Thread 0x00000248a7ae56b0 DEOPT PACKING pc=0x0000024896ed6c88 sp=0x0000009181cfbe50
Event: 764.496 Thread 0x00000248a7ae56b0 DEOPT UNPACKING pc=0x000002488ee523a3 sp=0x0000009181cfbde0 mode 2
Event: 764.497 Thread 0x00000248a7ae56b0 Uncommon trap: trap_request=0xffffffbe fr.pc=0x0000024896ed6c88 relative=0x0000000000000268
Event: 764.497 Thread 0x00000248a7ae56b0 Uncommon trap: reason=profile_predicate action=maybe_recompile pc=0x0000024896ed6c88 method=java.util.HashMap.keysToArray([Ljava/lang/Object;)[Ljava/lang/Object; @ 36 c2
Event: 764.497 Thread 0x00000248a7ae56b0 DEOPT PACKING pc=0x0000024896ed6c88 sp=0x0000009181cfbe50
Event: 764.497 Thread 0x00000248a7ae56b0 DEOPT UNPACKING pc=0x000002488ee523a3 sp=0x0000009181cfbde0 mode 2
Event: 764.505 Thread 0x00000248a7f03c70 Uncommon trap: trap_request=0xffffff45 fr.pc=0x0000024896b4a064 relative=0x0000000000001524
Event: 764.505 Thread 0x00000248a7f03c70 Uncommon trap: reason=unstable_if action=reinterpret pc=0x0000024896b4a064 method=java.lang.ref.SoftReference.get()Ljava/lang/Object; @ 6 c2
Event: 764.505 Thread 0x00000248a7f03c70 DEOPT PACKING pc=0x0000024896b4a064 sp=0x0000009181efb470
Event: 764.505 Thread 0x00000248a7f03c70 DEOPT UNPACKING pc=0x000002488ee523a3 sp=0x0000009181efb290 mode 2
Event: 764.514 Thread 0x00000248a7f03c70 DEOPT PACKING pc=0x00000248904a85c2 sp=0x0000009181ef98c0
Event: 764.514 Thread 0x00000248a7f03c70 DEOPT UNPACKING pc=0x000002488ee52b43 sp=0x0000009181ef8df8 mode 0
Event: 765.825 Thread 0x00000248a9d4dea0 DEOPT PACKING pc=0x00000248904f4b2e sp=0x00000091839ff140
Event: 765.825 Thread 0x00000248a9d4dea0 DEOPT UNPACKING pc=0x000002488ee52b43 sp=0x00000091839fe630 mode 0

Classes unloaded (20 events):
Event: 764.202 Thread 0x00000248a30b1f10 Unloading class 0x0000000800dde800 'java/lang/invoke/LambdaForm$MH+0x0000000800dde800'
Event: 764.202 Thread 0x00000248a30b1f10 Unloading class 0x0000000800dde400 'java/lang/invoke/LambdaForm$MH+0x0000000800dde400'
Event: 764.202 Thread 0x00000248a30b1f10 Unloading class 0x0000000800dde000 'java/lang/invoke/LambdaForm$MH+0x0000000800dde000'
Event: 764.202 Thread 0x00000248a30b1f10 Unloading class 0x0000000800dddc00 'java/lang/invoke/LambdaForm$MH+0x0000000800dddc00'
Event: 764.202 Thread 0x00000248a30b1f10 Unloading class 0x0000000800ddd800 'java/lang/invoke/LambdaForm$MH+0x0000000800ddd800'
Event: 764.202 Thread 0x00000248a30b1f10 Unloading class 0x0000000800ddc800 'java/lang/invoke/LambdaForm$MH+0x0000000800ddc800'
Event: 764.202 Thread 0x00000248a30b1f10 Unloading class 0x0000000800ddc400 'java/lang/invoke/LambdaForm$BMH+0x0000000800ddc400'
Event: 764.202 Thread 0x00000248a30b1f10 Unloading class 0x0000000800d0c800 'java/lang/invoke/LambdaForm$DMH+0x0000000800d0c800'
Event: 764.202 Thread 0x00000248a30b1f10 Unloading class 0x0000000800d0c000 'java/lang/invoke/LambdaForm$DMH+0x0000000800d0c000'
Event: 764.202 Thread 0x00000248a30b1f10 Unloading class 0x0000000800ce2000 'java/lang/invoke/LambdaForm$MH+0x0000000800ce2000'
Event: 764.202 Thread 0x00000248a30b1f10 Unloading class 0x0000000800ce1800 'java/lang/invoke/LambdaForm$MH+0x0000000800ce1800'
Event: 764.202 Thread 0x00000248a30b1f10 Unloading class 0x0000000800ce1400 'java/lang/invoke/LambdaForm$MH+0x0000000800ce1400'
Event: 764.202 Thread 0x00000248a30b1f10 Unloading class 0x0000000800ce1000 'java/lang/invoke/LambdaForm$MH+0x0000000800ce1000'
Event: 764.202 Thread 0x00000248a30b1f10 Unloading class 0x0000000800ce0c00 'java/lang/invoke/LambdaForm$MH+0x0000000800ce0c00'
Event: 764.202 Thread 0x00000248a30b1f10 Unloading class 0x0000000800ce0400 'java/lang/invoke/LambdaForm$MH+0x0000000800ce0400'
Event: 764.202 Thread 0x00000248a30b1f10 Unloading class 0x0000000800c3c000 'java/lang/invoke/LambdaForm$DMH+0x0000000800c3c000'
Event: 764.202 Thread 0x00000248a30b1f10 Unloading class 0x0000000800c2b000 'java/lang/invoke/LambdaForm$MH+0x0000000800c2b000'
Event: 764.202 Thread 0x00000248a30b1f10 Unloading class 0x0000000800c2ac00 'java/lang/invoke/LambdaForm$MH+0x0000000800c2ac00'
Event: 764.202 Thread 0x00000248a30b1f10 Unloading class 0x0000000800c2a400 'java/lang/invoke/LambdaForm$MH+0x0000000800c2a400'
Event: 764.202 Thread 0x00000248a30b1f10 Unloading class 0x0000000800c28800 'java/lang/invoke/LambdaForm$MH+0x0000000800c28800'

Classes redefined (0 events):
No events

Internal exceptions (20 events):
Event: 764.264 Thread 0x00000248a7f05480 Exception <a 'sun/nio/fs/WindowsException'{0x00000000ef4d24b0}> (0x00000000ef4d24b0) 
thrown [s\open\src\hotspot\share\prims\jni.cpp, line 516]
Event: 764.271 Thread 0x00000248a7f05480 Exception <a 'sun/nio/fs/WindowsException'{0x00000000ef394a50}> (0x00000000ef394a50) 
thrown [s\open\src\hotspot\share\prims\jni.cpp, line 516]
Event: 764.271 Thread 0x00000248a7f05480 Exception <a 'sun/nio/fs/WindowsException'{0x00000000ef394de0}> (0x00000000ef394de0) 
thrown [s\open\src\hotspot\share\prims\jni.cpp, line 516]
Event: 764.312 Thread 0x00000248a7f05480 Exception <a 'sun/nio/fs/WindowsException'{0x00000000ef0102a8}> (0x00000000ef0102a8) 
thrown [s\open\src\hotspot\share\prims\jni.cpp, line 516]
Event: 764.323 Thread 0x00000248a7f05480 Exception <a 'sun/nio/fs/WindowsException'{0x00000000ef0a9410}> (0x00000000ef0a9410) 
thrown [s\open\src\hotspot\share\prims\jni.cpp, line 516]
Event: 764.351 Thread 0x00000248a7f05480 Exception <a 'sun/nio/fs/WindowsException'{0x00000000eef65608}> (0x00000000eef65608) 
thrown [s\open\src\hotspot\share\prims\jni.cpp, line 516]
Event: 764.366 Thread 0x00000248a7f05480 Exception <a 'sun/nio/fs/WindowsException'{0x00000000eefd3128}> (0x00000000eefd3128) 
thrown [s\open\src\hotspot\share\prims\jni.cpp, line 516]
Event: 764.378 Thread 0x00000248a7f05480 Exception <a 'sun/nio/fs/WindowsException'{0x00000000eeefb570}> (0x00000000eeefb570) 
thrown [s\open\src\hotspot\share\prims\jni.cpp, line 516]
Event: 764.378 Thread 0x00000248a7f05480 Exception <a 'sun/nio/fs/WindowsException'{0x00000000eeefb930}> (0x00000000eeefb930) 
thrown [s\open\src\hotspot\share\prims\jni.cpp, line 516]
Event: 764.380 Thread 0x00000248a7f05480 Exception <a 'sun/nio/fs/WindowsException'{0x00000000eed01d70}> (0x00000000eed01d70) 
thrown [s\open\src\hotspot\share\prims\jni.cpp, line 516]
Event: 764.380 Thread 0x00000248a7f05480 Exception <a 'sun/nio/fs/WindowsException'{0x00000000eed02100}> (0x00000000eed02100) 
thrown [s\open\src\hotspot\share\prims\jni.cpp, line 516]
Event: 764.381 Thread 0x00000248a7f05480 Exception <a 'sun/nio/fs/WindowsException'{0x00000000eed0e490}> (0x00000000eed0e490) 
thrown [s\open\src\hotspot\share\prims\jni.cpp, line 516]
Event: 764.381 Thread 0x00000248a7f05480 Exception <a 'sun/nio/fs/WindowsException'{0x00000000eed0e820}> (0x00000000eed0e820) 
thrown [s\open\src\hotspot\share\prims\jni.cpp, line 516]
Event: 764.390 Thread 0x00000248a7f05480 Exception <a 'sun/nio/fs/WindowsException'{0x00000000eec1f670}> (0x00000000eec1f670) 
thrown [s\open\src\hotspot\share\prims\jni.cpp, line 516]
Event: 764.390 Thread 0x00000248a7f05480 Exception <a 'sun/nio/fs/WindowsException'{0x00000000eec1fa30}> (0x00000000eec1fa30) 
thrown [s\open\src\hotspot\share\prims\jni.cpp, line 516]
Event: 764.412 Thread 0x00000248a7f05480 Exception <a 'sun/nio/fs/WindowsException'{0x00000000eeb56e30}> (0x00000000eeb56e30) 
thrown [s\open\src\hotspot\share\prims\jni.cpp, line 516]
Event: 764.412 Thread 0x00000248a7f05480 Exception <a 'sun/nio/fs/WindowsException'{0x00000000eeb571f0}> (0x00000000eeb571f0) 
thrown [s\open\src\hotspot\share\prims\jni.cpp, line 516]
Event: 764.426 Thread 0x00000248a7f05480 Exception <a 'sun/nio/fs/WindowsException'{0x00000000eea16f08}> (0x00000000eea16f08) 
thrown [s\open\src\hotspot\share\prims\jni.cpp, line 516]
Event: 764.450 Thread 0x00000248a7f05480 Exception <a 'sun/nio/fs/WindowsException'{0x00000000eea93f40}> (0x00000000eea93f40) 
thrown [s\open\src\hotspot\share\prims\jni.cpp, line 516]
Event: 764.505 Thread 0x00000248a7f03c70 Implicit null exception at 0x0000024896b49127 to 0x0000024896b4a030

VM Operations (20 events):
Event: 641.283 Executing VM operation: Cleanup
Event: 641.283 Executing VM operation: Cleanup done
Event: 679.699 Executing VM operation: Cleanup
Event: 679.699 Executing VM operation: Cleanup done
Event: 687.782 Executing VM operation: Cleanup
Event: 687.783 Executing VM operation: Cleanup done
Event: 697.892 Executing VM operation: Cleanup
Event: 697.892 Executing VM operation: Cleanup done
Event: 712.004 Executing VM operation: Cleanup
Event: 712.005 Executing VM operation: Cleanup done
Event: 764.163 Executing VM operation: G1CollectForAllocation
Event: 764.174 Executing VM operation: G1CollectForAllocation done
Event: 764.200 Executing VM operation: G1Concurrent
Event: 764.221 Executing VM operation: G1Concurrent done
Event: 764.232 Executing VM operation: G1Concurrent
Event: 764.233 Executing VM operation: G1Concurrent done
Event: 764.512 Executing VM operation: ICBufferFull
Event: 764.512 Executing VM operation: ICBufferFull done
Event: 765.522 Executing VM operation: Cleanup
Event: 765.523 Executing VM operation: Cleanup done

Events (20 events):
Event: 764.078 Thread 0x00000248a842c0c0 Thread added: 0x00000248a842c0c0
Event: 764.079 Thread 0x00000248a842c590 Thread added: 0x00000248a842c590
Event: 764.080 Thread 0x00000248a842bbf0 Thread added: 0x00000248a842bbf0
Event: 764.082 Thread 0x00000248a98ad6d0 Thread added: 0x00000248a98ad6d0
Event: 764.091 Thread 0x00000248a98ae600 Thread added: 0x00000248a98ae600
Event: 764.092 Thread 0x00000248a98af020 Thread added: 0x00000248a98af020
Event: 764.145 Thread 0x00000248a98aff50 Thread added: 0x00000248a98aff50
Event: 764.518 Thread 0x00000248ac4422b0 Thread added: 0x00000248ac4422b0
Event: 764.523 Thread 0x00000248a9d4d9d0 Thread added: 0x00000248a9d4d9d0
Event: 764.523 Thread 0x00000248a9d4dea0 Thread added: 0x00000248a9d4dea0
Event: 765.597 Thread 0x00000248a98af020 Thread exited: 0x00000248a98af020
Event: 765.597 Thread 0x00000248a98ae600 Thread exited: 0x00000248a98ae600
Event: 765.597 Thread 0x00000248a98aff50 Thread exited: 0x00000248a98aff50
Event: 765.597 Thread 0x00000248a98ad6d0 Thread exited: 0x00000248a98ad6d0
Event: 765.597 Thread 0x00000248a98b0970 Thread exited: 0x00000248a98b0970
Event: 765.597 Thread 0x00000248a98ae0f0 Thread exited: 0x00000248a98ae0f0
Event: 765.954 Thread 0x00000248a98abd80 Thread exited: 0x00000248a98abd80
Event: 765.954 Thread 0x00000248a98afa40 Thread exited: 0x00000248a98afa40
Event: 766.191 Thread 0x00000248a98aeb10 Thread exited: 0x00000248a98aeb10
Event: 766.191 Thread 0x00000248a98ac7a0 Thread exited: 0x00000248a98ac7a0


Dynamic libraries:
0x00007ff7850a0000 - 0x00007ff7850b0000 	C:\Program Files\Java\jdk-17.0.4\bin\java.exe
0x00007ffe63d70000 - 0x00007ffe63f87000 	C:\WINDOWS\SYSTEM32\ntdll.dll
0x00007ffe62330000 - 0x00007ffe623f4000 	C:\WINDOWS\System32\KERNEL32.DLL
0x00007ffe61110000 - 0x00007ffe614bd000 	C:\WINDOWS\System32\KERNELBASE.dll
0x00007ffe61690000 - 0x00007ffe617a1000 	C:\WINDOWS\System32\ucrtbase.dll
0x00007ffe5b340000 - 0x00007ffe5b35a000 	C:\Program Files\Java\jdk-17.0.4\bin\VCRUNTIME140.dll
0x00007ffe5b360000 - 0x00007ffe5b378000 	C:\Program Files\Java\jdk-17.0.4\bin\jli.dll
0x00007ffe62400000 - 0x00007ffe624b2000 	C:\WINDOWS\System32\ADVAPI32.dll
0x00007ffe635e0000 - 0x00007ffe63687000 	C:\WINDOWS\System32\msvcrt.dll
0x00007ffe61aa0000 - 0x00007ffe61b49000 	C:\WINDOWS\System32\sechost.dll
0x00007ffe61a40000 - 0x00007ffe61a68000 	C:\WINDOWS\System32\bcrypt.dll
0x00007ffe62540000 - 0x00007ffe62654000 	C:\WINDOWS\System32\RPCRT4.dll
0x00007ffe631e0000 - 0x00007ffe6338e000 	C:\WINDOWS\System32\USER32.dll
0x00007ffe61a70000 - 0x00007ffe61a96000 	C:\WINDOWS\System32\win32u.dll
0x00007ffe4e090000 - 0x00007ffe4e323000 	C:\WINDOWS\WinSxS\amd64_microsoft.windows.common-controls_6595b64144ccf1df_6.0.22621.3672_none_2713b9d173822955\COMCTL32.dll
0x00007ffe63040000 - 0x00007ffe63069000 	C:\WINDOWS\System32\GDI32.dll
0x00007ffe617b0000 - 0x00007ffe618c9000 	C:\WINDOWS\System32\gdi32full.dll
0x00007ffe615f0000 - 0x00007ffe6168a000 	C:\WINDOWS\System32\msvcp_win.dll
0x00007ffe59900000 - 0x00007ffe5990a000 	C:\WINDOWS\SYSTEM32\VERSION.dll
0x00007ffe61f30000 - 0x00007ffe61f61000 	C:\WINDOWS\System32\IMM32.DLL
0x00007ffe5b330000 - 0x00007ffe5b33c000 	C:\Program Files\Java\jdk-17.0.4\bin\vcruntime140_1.dll
0x00007ffe4c600000 - 0x00007ffe4c68d000 	C:\Program Files\Java\jdk-17.0.4\bin\msvcp140.dll
0x00007ffe34060000 - 0x00007ffe34c22000 	C:\Program Files\Java\jdk-17.0.4\bin\server\jvm.dll
0x00007ffe63690000 - 0x00007ffe63698000 	C:\WINDOWS\System32\PSAPI.DLL
0x00007ffe3f390000 - 0x00007ffe3f399000 	C:\WINDOWS\SYSTEM32\WSOCK32.dll
0x00007ffe5d1f0000 - 0x00007ffe5d224000 	C:\WINDOWS\SYSTEM32\WINMM.dll
0x00007ffe61eb0000 - 0x00007ffe61f21000 	C:\WINDOWS\System32\WS2_32.dll
0x00007ffe60080000 - 0x00007ffe60098000 	C:\WINDOWS\SYSTEM32\kernel.appcore.dll
0x00007ffe5b320000 - 0x00007ffe5b32a000 	C:\Program Files\Java\jdk-17.0.4\bin\jimage.dll
0x00007ffe5cf40000 - 0x00007ffe5d172000 	C:\WINDOWS\SYSTEM32\DBGHELP.DLL
0x00007ffe61f70000 - 0x00007ffe622fd000 	C:\WINDOWS\System32\combase.dll
0x00007ffe61dd0000 - 0x00007ffe61ea7000 	C:\WINDOWS\System32\OLEAUT32.dll
0x00007ffe5cf00000 - 0x00007ffe5cf32000 	C:\WINDOWS\SYSTEM32\dbgcore.DLL
0x00007ffe61090000 - 0x00007ffe6110b000 	C:\WINDOWS\System32\bcryptPrimitives.dll
0x00007ffe5b2d0000 - 0x00007ffe5b2de000 	C:\Program Files\Java\jdk-17.0.4\bin\instrument.dll
0x00007ffe5b2e0000 - 0x00007ffe5b305000 	C:\Program Files\Java\jdk-17.0.4\bin\java.dll
0x00007ffe3d4c0000 - 0x00007ffe3d596000 	C:\Program Files\Java\jdk-17.0.4\bin\jsvml.dll
0x00007ffe627d0000 - 0x00007ffe63038000 	C:\WINDOWS\System32\SHELL32.dll
0x00007ffe5ef90000 - 0x00007ffe5f88e000 	C:\WINDOWS\SYSTEM32\windows.storage.dll
0x00007ffe5ee50000 - 0x00007ffe5ef8f000 	C:\WINDOWS\SYSTEM32\wintypes.dll
0x00007ffe634e0000 - 0x00007ffe635d9000 	C:\WINDOWS\System32\SHCORE.dll
0x00007ffe63b20000 - 0x00007ffe63b7e000 	C:\WINDOWS\System32\shlwapi.dll
0x00007ffe60fc0000 - 0x00007ffe60fe1000 	C:\WINDOWS\SYSTEM32\profapi.dll
0x00007ffe58b50000 - 0x00007ffe58b68000 	C:\Program Files\Java\jdk-17.0.4\bin\zip.dll
0x00007ffe589e0000 - 0x00007ffe589f9000 	C:\Program Files\Java\jdk-17.0.4\bin\net.dll
0x00007ffe5c4f0000 - 0x00007ffe5c626000 	C:\WINDOWS\SYSTEM32\WINHTTP.dll
0x00007ffe604f0000 - 0x00007ffe60559000 	C:\WINDOWS\system32\mswsock.dll
0x00007ffe589c0000 - 0x00007ffe589d6000 	C:\Program Files\Java\jdk-17.0.4\bin\nio.dll
0x00007ffe5b2c0000 - 0x00007ffe5b2d0000 	C:\Program Files\Java\jdk-17.0.4\bin\verify.dll
0x00007ffdecf90000 - 0x00007ffdecfb7000 	C:\Users\ameli\.gradle\native\c067742578af261105cb4f569cf0c3c89f3d7b1fecec35dd04571415982c5e48\windows-amd64\native-platform.dll
0x00007ffe26c10000 - 0x00007ffe26d54000 	C:\Users\ameli\.gradle\native\100fb08df4bc3b14c8652ba06237920a3bd2aa13389f12d3474272988ae205f9\windows-amd64\native-platform-file-events.dll
0x00007ffe59320000 - 0x00007ffe59329000 	C:\Program Files\Java\jdk-17.0.4\bin\management.dll
0x00007ffe59310000 - 0x00007ffe5931b000 	C:\Program Files\Java\jdk-17.0.4\bin\management_ext.dll
0x00007ffe60770000 - 0x00007ffe6078b000 	C:\WINDOWS\SYSTEM32\CRYPTSP.dll
0x00007ffe5ffe0000 - 0x00007ffe60015000 	C:\WINDOWS\system32\rsaenh.dll
0x00007ffe605d0000 - 0x00007ffe605f8000 	C:\WINDOWS\SYSTEM32\USERENV.dll
0x00007ffe60790000 - 0x00007ffe6079c000 	C:\WINDOWS\SYSTEM32\CRYPTBASE.dll
0x00007ffe5faf0000 - 0x00007ffe5fb1d000 	C:\WINDOWS\SYSTEM32\IPHLPAPI.DLL
0x00007ffe62660000 - 0x00007ffe62669000 	C:\WINDOWS\System32\NSI.dll
0x00007ffe5c220000 - 0x00007ffe5c239000 	C:\WINDOWS\SYSTEM32\dhcpcsvc6.DLL
0x00007ffe5c200000 - 0x00007ffe5c21f000 	C:\WINDOWS\SYSTEM32\dhcpcsvc.DLL
0x00007ffe5fb60000 - 0x00007ffe5fc58000 	C:\WINDOWS\SYSTEM32\DNSAPI.dll
0x00007ffe4be40000 - 0x00007ffe4be4e000 	C:\Program Files\Java\jdk-17.0.4\bin\sunmscapi.dll
0x00007ffe618d0000 - 0x00007ffe61a37000 	C:\WINDOWS\System32\CRYPT32.dll
0x00007ffe60930000 - 0x00007ffe6095e000 	C:\WINDOWS\SYSTEM32\ncrypt.dll
0x00007ffe608f0000 - 0x00007ffe60927000 	C:\WINDOWS\SYSTEM32\NTASN1.dll
0x00007ffe3f870000 - 0x00007ffe3f878000 	C:\WINDOWS\system32\wshunix.dll
0x00007ffe531e0000 - 0x00007ffe531ea000 	C:\Windows\System32\rasadhlp.dll
0x00007ffe59d60000 - 0x00007ffe59de3000 	C:\WINDOWS\System32\fwpuclnt.dll

dbghelp: loaded successfully - version: 4.0.5 - missing functions: none
symbol engine: initialized successfully - sym options: 0x614 - pdb path: .;C:\Program Files\Java\jdk-17.0.4\bin;C:\WINDOWS\SYSTEM32;C:\WINDOWS\WinSxS\amd64_microsoft.windows.common-controls_6595b64144ccf1df_6.0.22621.3672_none_2713b9d173822955;C:\Program Files\Java\jdk-17.0.4\bin\server;C:\Users\ameli\.gradle\native\c067742578af261105cb4f569cf0c3c89f3d7b1fecec35dd04571415982c5e48\windows-amd64;C:\Users\ameli\.gradle\native\100fb08df4bc3b14c8652ba06237920a3bd2aa13389f12d3474272988ae205f9\windows-amd64

VM Arguments:
jvm_args: --add-opens=java.base/java.util=ALL-UNNAMED --add-opens=java.base/java.lang=ALL-UNNAMED --add-opens=java.base/java.lang.invoke=ALL-UNNAMED --add-opens=java.prefs/java.util.prefs=ALL-UNNAMED --add-exports=jdk.compiler/com.sun.tools.javac.api=ALL-UNNAMED --add-exports=jdk.compiler/com.sun.tools.javac.util=ALL-UNNAMED --add-opens=java.base/java.nio.charset=ALL-UNNAMED --add-opens=java.base/java.net=ALL-UNNAMED --add-opens=java.base/java.util.concurrent.atomic=ALL-UNNAMED -XX:MaxMetaspaceSize=384m -XX:+HeapDumpOnOutOfMemoryError -Xms256m -Xmx512m -Dfile.encoding=windows-1252 -Duser.country=AU -Duser.language=en -Duser.variant -javaagent:C:\Gradle\gradle-8.9\lib\agents\gradle-instrumentation-agent-8.9.jar 
java_command: org.gradle.launcher.daemon.bootstrap.GradleDaemon 8.9
java_class_path (initial): C:\Gradle\gradle-8.9\lib\gradle-daemon-main-8.9.jar
Launcher Type: SUN_STANDARD

[Global flags]
     intx CICompilerCount                          = 12                                        {product} {ergonomic}
   size_t CompressedClassSpaceSize                 = 322961408                                 {product} {ergonomic}
     uint ConcGCThreads                            = 3                                         {product} {ergonomic}
     uint G1ConcRefinementThreads                  = 13                                        {product} {ergonomic}
   size_t G1HeapRegionSize                         = 1048576                                   {product} {ergonomic}
    uintx GCDrainStackTargetSize                   = 64                                        {product} {ergonomic}
     bool HeapDumpOnOutOfMemoryError               = true                                   {manageable} {command line}
   size_t InitialHeapSize                          = 268435456                                 {product} {command line}
   size_t MarkStackSize                            = 4194304                                   {product} {ergonomic}
   size_t MaxHeapSize                              = 536870912                                 {product} {command line}
   size_t MaxMetaspaceSize                         = 402653184                                 {product} {command line}
   size_t MaxNewSize                               = 321912832                                 {product} {ergonomic}
   size_t MinHeapDeltaBytes                        = 1048576                                   {product} {ergonomic}
   size_t MinHeapSize                              = 268435456                                 {product} {command line}
    uintx NonNMethodCodeHeapSize                   = 7602480                                {pd product} {ergonomic}
    uintx NonProfiledCodeHeapSize                  = 122027880                              {pd product} {ergonomic}
    uintx ProfiledCodeHeapSize                     = 122027880                              {pd product} {ergonomic}
    uintx ReservedCodeCacheSize                    = 251658240                              {pd product} {ergonomic}
     bool SegmentedCodeCache                       = true                                      {product} {ergonomic}
   size_t SoftMaxHeapSize                          = 536870912                              {manageable} {ergonomic}
     bool UseCompressedClassPointers               = true                           {product lp64_product} {ergonomic}
     bool UseCompressedOops                        = true                           {product lp64_product} {ergonomic}
     bool UseG1GC                                  = true                                      {product} {ergonomic}
     bool UseLargePagesIndividualAllocation        = false                                  {pd product} {ergonomic}

Logging:
Log output configuration:
 #0: stdout all=warning uptime,level,tags
 #1: stderr all=off uptime,level,tags

Environment Variables:
JAVA_HOME=C:\Program Files\Java\jdk-17.0.4
PATH=C:\Users\ameli\AppData\Local\fnm_multishells\44840_1725252138313;C:\Users\ameli\.local\share\fnm;C:\Users\ameli\bin;C:\Program Files\Git\mingw64\bin;C:\Program Files\Git\usr\local\bin;C:\Program Files\Git\usr\bin;C:\Program Files\Git\usr\bin;C:\Program Files\Git\mingw64\bin;C:\Program Files\Git\usr\bin;C:\Users\ameli\bin;C:\Program Files\Common Files\Oracle\Java\javapath;C:\Program Files (x86)\Razer Chroma SDK\bin;C:\Program Files\Razer Chroma SDK\bin;C:\Program Files (x86)\Razer\ChromaBroadcast\bin;C:\Program Files\Razer\ChromaBroadcast\bin;C:\Windows\system32;C:\Windows;C:\Windows\System32\Wbem;C:\Windows\System32\WindowsPowerShell\v1.0;C:\Windows\System32\OpenSSH;C:\Program Files (x86)\NVIDIA Corporation\PhysX\Common;C:\Program Files\NVIDIA Corporation\NVIDIA NvDLISR;C:\WINDOWS\system32;C:\WINDOWS;C:\WINDOWS\System32\Wbem;C:\WINDOWS\System32\WindowsPowerShell\v1.0;C:\WINDOWS\System32\OpenSSH;C:\Program Files\dotnet;C:\Program Files (x86)\dotnet;C:\WINDOWS\system32\config\systemprofile\AppData\Local\Microsoft\WindowsApps;C:\WINDOWS\system32;C:\WINDOWS;C:\WINDOWS\System32\Wbem;C:\WINDOWS\System32\WindowsPowerShell\v1.0;C:\WINDOWS\System32\OpenSSH;C:\Gradle\gradle-8.9\bin;C:\Program Files\Git\cmd;C:\Program Files\Microsoft SQL Server\150\Tools\Binn;C:\Program Files\Microsoft SQL Server\Client SDK\ODBC\170\Tools\Binn;C:\Users\ameli\AppData\Local\Microsoft\WindowsApps;C:\Users\ameli\AppData\Local\Programs\Microsoft VS Code\bin;C:\ffmpeg\bin;C:\Users\ameli\.dotnet\tools;C:\Users\ameli\AppData\Local\Microsoft\WinGet\Packages\Schniz.fnm_Microsoft.Winget.Source_8wekyb3d8bbwe;C:\Program Files\Git\usr\bin\vendor_perl;C:\Program Files\Git\usr\bin\core_perl
USERNAME=ameli
SHELL=C:\Program Files\Git\usr\bin\bash.exe
DISPLAY=needs-to-be-defined
LANG=en_US.UTF-8
OS=Windows_NT
PROCESSOR_IDENTIFIER=AMD64 Family 23 Model 96 Stepping 1, AuthenticAMD



---------------  S Y S T E M  ---------------

OS:
 Windows 11 , 64 bit Build 22621 (10.0.22621.3958)
OS uptime: 1 days 19:08 hours
Hyper-V role detected

CPU: total 16 (initial active 16) (16 cores per cpu, 2 threads per core) family 23 model 96 stepping 1 microcode 0x0, cx8, cmov, fxsr, ht, mmx, 3dnowpref, sse, sse2, sse3, ssse3, sse4a, sse4.1, sse4.2, popcnt, lzcnt, tsc, tscinvbit, avx, avx2, aes, clmul, bmi1, bmi2, adx, sha, fma, vzeroupper, clflush, clflushopt, hv

Memory: 4k page, system-wide physical 15789M (3343M free)
TotalPageFile size 64941M (AvailPageFile size 11M)
current process WorkingSet (physical memory assigned to process): 437M, peak: 535M
current process commit charge ("private bytes"): 533M, peak: 646M

vm_info: Java HotSpot(TM) 64-Bit Server VM (17.0.4+11-LTS-179) for windows-amd64 JRE (17.0.4+11-LTS-179), built on Jun 28 2022 08:23:05 by "mach5one" with MS VC++ 16.8 / 16.9 (VS2019)

END.
