#
# There is insufficient memory for the Java Runtime Environment to continue.
# Native memory allocation (mmap) failed to map 406847488 bytes for G1 virtual space
# Possible reasons:
#   The system is out of physical RAM or swap space
#   The process is running with CompressedOops enabled, and the Java Heap may be blocking the growth of the native heap
# Possible solutions:
#   Reduce memory load on the system
#   Increase physical memory or swap space
#   Check if swap backing store is full
#   Decrease Java heap size (-Xmx/-Xms)
#   Decrease number of Java threads
#   Decrease Java thread stack sizes (-Xss)
#   Set larger code cache with -XX:ReservedCodeCacheSize=
#   JVM is running with Zero Based Compressed Oops mode in which the Java heap is
#     placed in the first 32GB address space. The Java Heap base address is the
#     maximum limit for the native heap growth. Please use -XX:HeapBaseMinAddress
#     to set the Java Heap base and to place the Java Heap above 32GB virtual address.
# This output file may be truncated or incomplete.
#
#  Out of Memory Error (os_windows.cpp:3535), pid=29364, tid=48552
#
# JRE version: Java(TM) SE Runtime Environment (17.0.4+11) (build 17.0.4+11-LTS-179)
# Java VM: Java HotSpot(TM) 64-Bit Server VM (17.0.4+11-LTS-179, mixed mode, sharing, tiered, compressed oops, compressed class ptrs, g1 gc, windows-amd64)
# No core dump will be written. Minidumps are not enabled by default on client versions of Windows
#

---------------  S U M M A R Y ------------

Command Line: --module-path=C:\Users\ameli\.gradle\caches\modules-2\files-2.1\org.openjfx\javafx-controls\21\76e295d84578a3d9688e092aae3f2ff1cf3e83a9\javafx-controls-21-win.jar;C:\Users\ameli\.gradle\caches\modules-2\files-2.1\org.openjfx\javafx-graphics\21\8083d97ea236079c82cf8e3463b62990340346d4\javafx-graphics-21-win.jar;C:\Users\ameli\.gradle\caches\modules-2\files-2.1\org.openjfx\javafx-base\21\a7e334fbb619859e1010cad06ddcf16e774c87a0\javafx-base-21-win.jar --add-modules=javafx.controls -Dfile.encoding=windows-1252 -Duser.country=AU -Duser.language=en -Duser.variant edu.curtin.saed.assignment1.App

Host: AMD Ryzen 7 4800HS with Radeon Graphics         , 16 cores, 15G,  Windows 11 , 64 bit Build 22621 (10.0.22621.3958)
Time: Sat Aug 31 17:52:48 2024 W. Australia Standard Time elapsed time: 1.493837 seconds (0d 0h 0m 1s)

---------------  T H R E A D  ---------------

Current thread (0x000002445cf92190):  VMThread "VM Thread" [stack: 0x000000863e000000,0x000000863e100000] [id=48552]

Stack: [0x000000863e000000,0x000000863e100000]
Native frames: (J=compiled Java code, j=interpreted, Vv=VM code, C=native code)
V  [jvm.dll+0x6723da]
V  [jvm.dll+0x7d1f74]
V  [jvm.dll+0x7d371e]
V  [jvm.dll+0x7d3d83]
V  [jvm.dll+0x242ed5]
V  [jvm.dll+0x66f2f9]
V  [jvm.dll+0x663c42]
V  [jvm.dll+0x30103b]
V  [jvm.dll+0x3085d6]
V  [jvm.dll+0x35844e]
V  [jvm.dll+0x35867f]
V  [jvm.dll+0x2d8258]
V  [jvm.dll+0x2d6524]
V  [jvm.dll+0x2d5b2c]
V  [jvm.dll+0x3198c1]
V  [jvm.dll+0x7d825b]
V  [jvm.dll+0x7d8f94]
V  [jvm.dll+0x7d94ac]
V  [jvm.dll+0x7d9884]
V  [jvm.dll+0x7d9950]
V  [jvm.dll+0x78201a]
V  [jvm.dll+0x671265]
C  [ucrtbase.dll+0x29333]
C  [KERNEL32.DLL+0x1257d]
C  [ntdll.dll+0x5af28]

VM_Operation (0x000000863f7fdbf0): G1TryInitiateConcMark, mode: safepoint, requested by thread 0x000002445ea3db10


---------------  P R O C E S S  ---------------

Threads class SMR info:
_java_thread_list=0x000002445ec64780, length=20, elements={
0x0000024437eab930, 0x000002445cf96180, 0x000002445cf97000, 0x000002445cfb1af0,
0x000002445cfb24b0, 0x000002445cfb5ad0, 0x000002445cfb3f70, 0x000002445cfba790,
0x000002445cfdb4a0, 0x000002445cfdedf0, 0x000002445d31ea60, 0x000002445d290620,
0x000002445d3c70f0, 0x000002445d3c96c0, 0x000002445e28f410, 0x000002445e99b7d0,
0x000002445ea1af40, 0x000002445ea3db10, 0x000002445ec5e410, 0x000002445ec5f120
}

Java Threads: ( => current thread )
  0x0000024437eab930 JavaThread "main" [_thread_blocked, id=39384, stack(0x000000863da00000,0x000000863db00000)]
  0x000002445cf96180 JavaThread "Reference Handler" daemon [_thread_blocked, id=34868, stack(0x000000863e100000,0x000000863e200000)]
  0x000002445cf97000 JavaThread "Finalizer" daemon [_thread_blocked, id=49388, stack(0x000000863e200000,0x000000863e300000)]
  0x000002445cfb1af0 JavaThread "Signal Dispatcher" daemon [_thread_blocked, id=38788, stack(0x000000863e300000,0x000000863e400000)]
  0x000002445cfb24b0 JavaThread "Attach Listener" daemon [_thread_blocked, id=47548, stack(0x000000863e400000,0x000000863e500000)]
  0x000002445cfb5ad0 JavaThread "Service Thread" daemon [_thread_blocked, id=2472, stack(0x000000863e500000,0x000000863e600000)]
  0x000002445cfb3f70 JavaThread "Monitor Deflation Thread" daemon [_thread_blocked, id=38600, stack(0x000000863e600000,0x000000863e700000)]
  0x000002445cfba790 JavaThread "C2 CompilerThread0" daemon [_thread_blocked, id=17356, stack(0x000000863e700000,0x000000863e800000)]
  0x000002445cfdb4a0 JavaThread "C1 CompilerThread0" daemon [_thread_blocked, id=49268, stack(0x000000863e800000,0x000000863e900000)]
  0x000002445cfdedf0 JavaThread "Sweeper thread" daemon [_thread_blocked, id=35548, stack(0x000000863e900000,0x000000863ea00000)]
  0x000002445d31ea60 JavaThread "C1 CompilerThread1" daemon [_thread_blocked, id=2584, stack(0x000000863ea00000,0x000000863eb00000)]
  0x000002445d290620 JavaThread "Common-Cleaner" daemon [_thread_blocked, id=28556, stack(0x000000863eb00000,0x000000863ec00000)]
  0x000002445d3c70f0 JavaThread "C1 CompilerThread2" daemon [_thread_blocked, id=46980, stack(0x000000863ec00000,0x000000863ed00000)]
  0x000002445d3c96c0 JavaThread "C1 CompilerThread3" daemon [_thread_blocked, id=26808, stack(0x000000863ed00000,0x000000863ee00000)]
  0x000002445e28f410 JavaThread "Notification Thread" daemon [_thread_blocked, id=2376, stack(0x000000863f300000,0x000000863f400000)]
  0x000002445e99b7d0 JavaThread "QuantumRenderer-0" daemon [_thread_blocked, id=10160, stack(0x000000863f100000,0x000000863f200000)]
  0x000002445ea1af40 JavaThread "InvokeLaterDispatcher" daemon [_thread_blocked, id=43396, stack(0x000000863f600000,0x000000863f700000)]
  0x000002445ea3db10 JavaThread "JavaFX Application Thread" [_thread_blocked, id=23948, stack(0x000000863f700000,0x000000863f800000)]
  0x000002445ec5e410 JavaThread "JavaFX-Launcher" [_thread_blocked, id=11620, stack(0x0000008640200000,0x0000008640300000)]
  0x000002445ec5f120 JavaThread "Thread-2" daemon [_thread_blocked, id=40096, stack(0x000000863f000000,0x000000863f100000)]

Other Threads:
=>0x000002445cf92190 VMThread "VM Thread" [stack: 0x000000863e000000,0x000000863e100000] [id=48552]
  0x000002445e167510 WatcherThread [stack: 0x000000863f400000,0x000000863f500000] [id=24856]
  0x0000024437f16940 GCTaskThread "GC Thread#0" [stack: 0x000000863db00000,0x000000863dc00000] [id=49712]
  0x000002445ec47350 GCTaskThread "GC Thread#1" [stack: 0x0000008640300000,0x0000008640400000] [id=27664]
  0x000002445ec1e4c0 GCTaskThread "GC Thread#2" [stack: 0x0000008640400000,0x0000008640500000] [id=38184]
  0x000002445ec6cbf0 GCTaskThread "GC Thread#3" [stack: 0x0000008640500000,0x0000008640600000] [id=48900]
  0x000002445ecbbc90 GCTaskThread "GC Thread#4" [stack: 0x0000008640600000,0x0000008640700000] [id=22776]
  0x000002445ecbc750 GCTaskThread "GC Thread#5" [stack: 0x0000008640700000,0x0000008640800000] [id=40424]
  0x000002445ef77ab0 GCTaskThread "GC Thread#6" [stack: 0x0000008640800000,0x0000008640900000] [id=14648]
  0x000002445ef72f30 GCTaskThread "GC Thread#7" [stack: 0x0000008640900000,0x0000008640a00000] [id=27960]
  0x000002445ef763d0 GCTaskThread "GC Thread#8" [stack: 0x0000008640a00000,0x0000008640b00000] [id=30472]
  0x0000024437f26f40 ConcurrentGCThread "G1 Main Marker" [stack: 0x000000863dc00000,0x000000863dd00000] [id=20852]
  0x0000024437f29860 ConcurrentGCThread "G1 Conc#0" [stack: 0x000000863dd00000,0x000000863de00000] [id=34616]
  0x000002445ecfdda0 ConcurrentGCThread "G1 Conc#1" [stack: 0x000000863ee00000,0x000000863ef00000] [id=39580]
  0x000002445eea6410 ConcurrentGCThread "G1 Conc#2" [stack: 0x000000863ef00000,0x000000863f000000] [id=14156]
  0x0000024437f6ebf0 ConcurrentGCThread "G1 Refine#0" [stack: 0x000000863de00000,0x000000863df00000] [id=26812]
  0x000002445cecf540 ConcurrentGCThread "G1 Service" [stack: 0x000000863df00000,0x000000863e000000] [id=43868]

Threads with active compile tasks:

VM state: at safepoint (normal execution)

VM Mutex/Monitor currently owned by a thread:  ([mutex/lock_event])
[0x0000024437ea7840] Threads_lock - owner thread: 0x000002445cf92190
[0x0000024437ea60a0] Heap_lock - owner thread: 0x000002445ea3db10

Heap address: 0x0000000709400000, size: 3948 MB, Compressed Oops mode: Zero based, Oop shift amount: 3

CDS archive(s) mapped at: [0x0000000800000000-0x0000000800bc0000-0x0000000800bc0000), size 12320768, SharedBaseAddress: 0x0000000800000000, ArchiveRelocationMode: 0.
Compressed class space mapped at: 0x0000000800c00000-0x0000000840c00000, reserved size: 1073741824
Narrow klass base: 0x0000000800000000, Narrow klass shift: 0, Narrow klass range: 0x100000000

GC Precious Log:
 CPUs: 16 total, 16 available
 Memory: 15789M
 Large Page Support: Disabled
 NUMA Support: Disabled
 Compressed Oops: Enabled (Zero based)
 Heap Region Size: 2M
 Heap Min Capacity: 8M
 Heap Initial Capacity: 248M
 Heap Max Capacity: 3948M
 Pre-touch: Disabled
 Parallel Workers: 13
 Concurrent Workers: 3
 Concurrent Refinement Workers: 13
 Periodic GC: Disabled

Heap:
 garbage-first heap   total 397312K, used 185831K [0x0000000709400000, 0x0000000800000000)
  region size 2048K, 1 young (2048K), 1 survivors (2048K)
 Metaspace       used 5458K, committed 5632K, reserved 1056768K
  class space    used 676K, committed 768K, reserved 1048576K

Heap Regions: E=young(eden), S=young(survivor), O=old, HS=humongous(starts), HC=humongous(continues), CS=collection set, F=free, OA=open archive, CA=closed archive, TAMS=top-at-mark-start (previous, next)
|   0|0x0000000709400000, 0x0000000709600000, 0x0000000709600000|100%|HS|  |TAMS 0x0000000709600000, 0x0000000709600000| Complete 
|   1|0x0000000709600000, 0x0000000709800000, 0x0000000709800000|100%|HC|  |TAMS 0x0000000709800000, 0x0000000709800000| Complete 
|   2|0x0000000709800000, 0x0000000709a00000, 0x0000000709a00000|100%|HS|  |TAMS 0x0000000709a00000, 0x0000000709a00000| Complete 
|   3|0x0000000709a00000, 0x0000000709c00000, 0x0000000709c00000|100%|HS|  |TAMS 0x0000000709c00000, 0x0000000709c00000| Complete 
|   4|0x0000000709c00000, 0x0000000709e00000, 0x0000000709e00000|100%|HS|  |TAMS 0x0000000709e00000, 0x0000000709e00000| Complete 
|   5|0x0000000709e00000, 0x000000070a000000, 0x000000070a000000|100%|HS|  |TAMS 0x000000070a000000, 0x000000070a000000| Complete 
|   6|0x000000070a000000, 0x000000070a200000, 0x000000070a200000|100%|HS|  |TAMS 0x000000070a200000, 0x000000070a200000| Complete 
|   7|0x000000070a200000, 0x000000070a400000, 0x000000070a400000|100%|HS|  |TAMS 0x000000070a400000, 0x000000070a400000| Complete 
|   8|0x000000070a400000, 0x000000070a600000, 0x000000070a600000|100%|HS|  |TAMS 0x000000070a600000, 0x000000070a600000| Complete 
|   9|0x000000070a600000, 0x000000070a800000, 0x000000070a800000|100%|HS|  |TAMS 0x000000070a800000, 0x000000070a800000| Complete 
|  10|0x000000070a800000, 0x000000070aa00000, 0x000000070aa00000|100%|HS|  |TAMS 0x000000070aa00000, 0x000000070aa00000| Complete 
|  11|0x000000070aa00000, 0x000000070ac00000, 0x000000070ac00000|100%|HS|  |TAMS 0x000000070ac00000, 0x000000070ac00000| Complete 
|  12|0x000000070ac00000, 0x000000070ae00000, 0x000000070ae00000|100%|HS|  |TAMS 0x000000070ae00000, 0x000000070ae00000| Complete 
|  13|0x000000070ae00000, 0x000000070b000000, 0x000000070b000000|100%|HC|  |TAMS 0x000000070b000000, 0x000000070b000000| Complete 
|  14|0x000000070b000000, 0x000000070b200000, 0x000000070b200000|100%|HS|  |TAMS 0x000000070b200000, 0x000000070b200000| Complete 
|  15|0x000000070b200000, 0x000000070b400000, 0x000000070b400000|100%|HS|  |TAMS 0x000000070b400000, 0x000000070b400000| Complete 
|  16|0x000000070b400000, 0x000000070b600000, 0x000000070b600000|100%|HS|  |TAMS 0x000000070b600000, 0x000000070b600000| Complete 
|  17|0x000000070b600000, 0x000000070b800000, 0x000000070b800000|100%|HS|  |TAMS 0x000000070b800000, 0x000000070b800000| Complete 
|  18|0x000000070b800000, 0x000000070ba00000, 0x000000070ba00000|100%|HS|  |TAMS 0x000000070ba00000, 0x000000070ba00000| Complete 
|  19|0x000000070ba00000, 0x000000070bc00000, 0x000000070bc00000|100%|HS|  |TAMS 0x000000070bc00000, 0x000000070bc00000| Complete 
|  20|0x000000070bc00000, 0x000000070be00000, 0x000000070be00000|100%|HS|  |TAMS 0x000000070be00000, 0x000000070be00000| Complete 
|  21|0x000000070be00000, 0x000000070c000000, 0x000000070c000000|100%|HS|  |TAMS 0x000000070c000000, 0x000000070c000000| Complete 
|  22|0x000000070c000000, 0x000000070c200000, 0x000000070c200000|100%|HS|  |TAMS 0x000000070c200000, 0x000000070c200000| Complete 
|  23|0x000000070c200000, 0x000000070c400000, 0x000000070c400000|100%|HS|  |TAMS 0x000000070c400000, 0x000000070c400000| Complete 
|  24|0x000000070c400000, 0x000000070c600000, 0x000000070c600000|100%|HS|  |TAMS 0x000000070c600000, 0x000000070c600000| Complete 
|  25|0x000000070c600000, 0x000000070c800000, 0x000000070c800000|100%|HC|  |TAMS 0x000000070c800000, 0x000000070c800000| Complete 
|  26|0x000000070c800000, 0x000000070ca00000, 0x000000070ca00000|100%|HS|  |TAMS 0x000000070ca00000, 0x000000070ca00000| Complete 
|  27|0x000000070ca00000, 0x000000070cc00000, 0x000000070cc00000|100%|HS|  |TAMS 0x000000070cc00000, 0x000000070cc00000| Complete 
|  28|0x000000070cc00000, 0x000000070ce00000, 0x000000070ce00000|100%|HS|  |TAMS 0x000000070ce00000, 0x000000070ce00000| Complete 
|  29|0x000000070ce00000, 0x000000070d000000, 0x000000070d000000|100%|HS|  |TAMS 0x000000070d000000, 0x000000070d000000| Complete 
|  30|0x000000070d000000, 0x000000070d200000, 0x000000070d200000|100%|HS|  |TAMS 0x000000070d200000, 0x000000070d200000| Complete 
|  31|0x000000070d200000, 0x000000070d400000, 0x000000070d400000|100%|HS|  |TAMS 0x000000070d400000, 0x000000070d400000| Complete 
|  32|0x000000070d400000, 0x000000070d600000, 0x000000070d600000|100%|HS|  |TAMS 0x000000070d600000, 0x000000070d600000| Complete 
|  33|0x000000070d600000, 0x000000070d800000, 0x000000070d800000|100%|HS|  |TAMS 0x000000070d800000, 0x000000070d800000| Complete 
|  34|0x000000070d800000, 0x000000070da00000, 0x000000070da00000|100%|HS|  |TAMS 0x000000070da00000, 0x000000070da00000| Complete 
|  35|0x000000070da00000, 0x000000070dc00000, 0x000000070dc00000|100%|HS|  |TAMS 0x000000070dc00000, 0x000000070dc00000| Complete 
|  36|0x000000070dc00000, 0x000000070de00000, 0x000000070de00000|100%|HS|  |TAMS 0x000000070de00000, 0x000000070de00000| Complete 
|  37|0x000000070de00000, 0x000000070e000000, 0x000000070e000000|100%|HC|  |TAMS 0x000000070e000000, 0x000000070e000000| Complete 
|  38|0x000000070e000000, 0x000000070e200000, 0x000000070e200000|100%|HS|  |TAMS 0x000000070e200000, 0x000000070e200000| Complete 
|  39|0x000000070e200000, 0x000000070e400000, 0x000000070e400000|100%|HS|  |TAMS 0x000000070e400000, 0x000000070e400000| Complete 
|  40|0x000000070e400000, 0x000000070e600000, 0x000000070e600000|100%|HS|  |TAMS 0x000000070e600000, 0x000000070e600000| Complete 
|  41|0x000000070e600000, 0x000000070e800000, 0x000000070e800000|100%|HS|  |TAMS 0x000000070e800000, 0x000000070e800000| Complete 
|  42|0x000000070e800000, 0x000000070ea00000, 0x000000070ea00000|100%|HS|  |TAMS 0x000000070ea00000, 0x000000070ea00000| Complete 
|  43|0x000000070ea00000, 0x000000070ec00000, 0x000000070ec00000|100%|HS|  |TAMS 0x000000070ec00000, 0x000000070ec00000| Complete 
|  44|0x000000070ec00000, 0x000000070ee00000, 0x000000070ee00000|100%|HS|  |TAMS 0x000000070ee00000, 0x000000070ee00000| Complete 
|  45|0x000000070ee00000, 0x000000070f000000, 0x000000070f000000|100%|HS|  |TAMS 0x000000070f000000, 0x000000070f000000| Complete 
|  46|0x000000070f000000, 0x000000070f200000, 0x000000070f200000|100%|HS|  |TAMS 0x000000070f200000, 0x000000070f200000| Complete 
|  47|0x000000070f200000, 0x000000070f400000, 0x000000070f400000|100%|HS|  |TAMS 0x000000070f400000, 0x000000070f400000| Complete 
|  48|0x000000070f400000, 0x000000070f600000, 0x000000070f600000|100%|HS|  |TAMS 0x000000070f600000, 0x000000070f600000| Complete 
|  49|0x000000070f600000, 0x000000070f800000, 0x000000070f800000|100%|HC|  |TAMS 0x000000070f800000, 0x000000070f800000| Complete 
|  50|0x000000070f800000, 0x000000070fa00000, 0x000000070fa00000|100%|HS|  |TAMS 0x000000070fa00000, 0x000000070fa00000| Complete 
|  51|0x000000070fa00000, 0x000000070fc00000, 0x000000070fc00000|100%|HS|  |TAMS 0x000000070fc00000, 0x000000070fc00000| Complete 
|  52|0x000000070fc00000, 0x000000070fe00000, 0x000000070fe00000|100%|HS|  |TAMS 0x000000070fe00000, 0x000000070fe00000| Complete 
|  53|0x000000070fe00000, 0x0000000710000000, 0x0000000710000000|100%|HS|  |TAMS 0x0000000710000000, 0x0000000710000000| Complete 
|  54|0x0000000710000000, 0x0000000710200000, 0x0000000710200000|100%|HS|  |TAMS 0x0000000710200000, 0x0000000710200000| Complete 
|  55|0x0000000710200000, 0x0000000710400000, 0x0000000710400000|100%|HS|  |TAMS 0x0000000710400000, 0x0000000710400000| Complete 
|  56|0x0000000710400000, 0x0000000710600000, 0x0000000710600000|100%|HS|  |TAMS 0x0000000710600000, 0x0000000710600000| Complete 
|  57|0x0000000710600000, 0x0000000710800000, 0x0000000710800000|100%|HS|  |TAMS 0x0000000710800000, 0x0000000710800000| Complete 
|  58|0x0000000710800000, 0x0000000710a00000, 0x0000000710a00000|100%|HS|  |TAMS 0x0000000710a00000, 0x0000000710a00000| Complete 
|  59|0x0000000710a00000, 0x0000000710c00000, 0x0000000710c00000|100%|HS|  |TAMS 0x0000000710c00000, 0x0000000710c00000| Complete 
|  60|0x0000000710c00000, 0x0000000710e00000, 0x0000000710e00000|100%|HS|  |TAMS 0x0000000710e00000, 0x0000000710e00000| Complete 
|  61|0x0000000710e00000, 0x0000000711000000, 0x0000000711000000|100%|HC|  |TAMS 0x0000000711000000, 0x0000000711000000| Complete 
|  62|0x0000000711000000, 0x0000000711200000, 0x0000000711200000|100%|HS|  |TAMS 0x0000000711200000, 0x0000000711200000| Complete 
|  63|0x0000000711200000, 0x0000000711400000, 0x0000000711400000|100%|HS|  |TAMS 0x0000000711400000, 0x0000000711400000| Complete 
|  64|0x0000000711400000, 0x0000000711600000, 0x0000000711600000|100%|HS|  |TAMS 0x0000000711600000, 0x0000000711600000| Complete 
|  65|0x0000000711600000, 0x0000000711800000, 0x0000000711800000|100%|HS|  |TAMS 0x0000000711800000, 0x0000000711800000| Complete 
|  66|0x0000000711800000, 0x0000000711a00000, 0x0000000711a00000|100%|HS|  |TAMS 0x0000000711a00000, 0x0000000711a00000| Complete 
|  67|0x0000000711a00000, 0x0000000711c00000, 0x0000000711c00000|100%|HS|  |TAMS 0x0000000711c00000, 0x0000000711c00000| Complete 
|  68|0x0000000711c00000, 0x0000000711e00000, 0x0000000711e00000|100%|HS|  |TAMS 0x0000000711e00000, 0x0000000711e00000| Complete 
|  69|0x0000000711e00000, 0x0000000712000000, 0x0000000712000000|100%|HS|  |TAMS 0x0000000712000000, 0x0000000712000000| Complete 
|  70|0x0000000712000000, 0x0000000712200000, 0x0000000712200000|100%|HS|  |TAMS 0x0000000712200000, 0x0000000712200000| Complete 
|  71|0x0000000712200000, 0x0000000712400000, 0x0000000712400000|100%| O|  |TAMS 0x0000000712400000, 0x0000000712400000| Untracked 
|  72|0x0000000712400000, 0x0000000712545800, 0x0000000712600000| 63%| O|  |TAMS 0x000000071253bc00, 0x0000000712540600| Untracked 
|  73|0x0000000712600000, 0x0000000712800000, 0x0000000712800000|100%|HS|  |TAMS 0x0000000712800000, 0x0000000712800000| Complete 
|  74|0x0000000712800000, 0x0000000712a00000, 0x0000000712a00000|100%|HS|  |TAMS 0x0000000712a00000, 0x0000000712a00000| Complete 
|  75|0x0000000712a00000, 0x0000000712c00000, 0x0000000712c00000|100%|HC|  |TAMS 0x0000000712c00000, 0x0000000712c00000| Complete 
|  76|0x0000000712c00000, 0x0000000712e00000, 0x0000000712e00000|100%|HS|  |TAMS 0x0000000712e00000, 0x0000000712e00000| Complete 
|  77|0x0000000712e00000, 0x0000000713000000, 0x0000000713000000|100%|HS|  |TAMS 0x0000000713000000, 0x0000000713000000| Complete 
|  78|0x0000000713000000, 0x0000000713200000, 0x0000000713200000|100%|HS|  |TAMS 0x0000000713200000, 0x0000000713200000| Complete 
|  79|0x0000000713200000, 0x0000000713400000, 0x0000000713400000|100%|HS|  |TAMS 0x0000000713400000, 0x0000000713400000| Complete 
|  80|0x0000000713400000, 0x0000000713600000, 0x0000000713600000|100%|HS|  |TAMS 0x0000000713600000, 0x0000000713600000| Complete 
|  81|0x0000000713600000, 0x0000000713800000, 0x0000000713800000|100%|HS|  |TAMS 0x0000000713800000, 0x0000000713800000| Complete 
|  82|0x0000000713800000, 0x0000000713a00000, 0x0000000713a00000|100%|HS|  |TAMS 0x0000000713a00000, 0x0000000713a00000| Complete 
|  83|0x0000000713a00000, 0x0000000713c00000, 0x0000000713c00000|100%|HS|  |TAMS 0x0000000713c00000, 0x0000000713c00000| Complete 
|  84|0x0000000713c00000, 0x0000000713e00000, 0x0000000713e00000|100%|HS|  |TAMS 0x0000000713e00000, 0x0000000713e00000| Complete 
|  85|0x0000000713e00000, 0x0000000714000000, 0x0000000714000000|100%|HS|  |TAMS 0x0000000714000000, 0x0000000714000000| Complete 
|  86|0x0000000714000000, 0x0000000714200000, 0x0000000714200000|100%|HS|  |TAMS 0x0000000714200000, 0x0000000714200000| Complete 
|  87|0x0000000714200000, 0x0000000714400000, 0x0000000714400000|100%|HC|  |TAMS 0x0000000714400000, 0x0000000714400000| Complete 
|  88|0x0000000714400000, 0x0000000714600000, 0x0000000714600000|100%|HS|  |TAMS 0x0000000714600000, 0x0000000714600000| Complete 
|  89|0x0000000714600000, 0x0000000714800000, 0x0000000714800000|100%|HS|  |TAMS 0x0000000714800000, 0x0000000714800000| Complete 
|  90|0x0000000714800000, 0x0000000714a00000, 0x0000000714a00000|100%|HS|  |TAMS 0x0000000714800000, 0x0000000714a00000| Complete 
|  91|0x0000000714a00000, 0x0000000714a00000, 0x0000000714c00000|  0%| F|  |TAMS 0x0000000714a00000, 0x0000000714a00000| Untracked 
|  92|0x0000000714c00000, 0x0000000714c00000, 0x0000000714e00000|  0%| F|  |TAMS 0x0000000714c00000, 0x0000000714c00000| Untracked 
|  93|0x0000000714e00000, 0x0000000714e00000, 0x0000000715000000|  0%| F|  |TAMS 0x0000000714e00000, 0x0000000714e00000| Untracked 
|  94|0x0000000715000000, 0x0000000715000000, 0x0000000715200000|  0%| F|  |TAMS 0x0000000715000000, 0x0000000715000000| Untracked 
|  95|0x0000000715200000, 0x0000000715200000, 0x0000000715400000|  0%| F|  |TAMS 0x0000000715200000, 0x0000000715200000| Untracked 
|  96|0x0000000715400000, 0x0000000715400000, 0x0000000715600000|  0%| F|  |TAMS 0x0000000715400000, 0x0000000715400000| Untracked 
|  97|0x0000000715600000, 0x0000000715600000, 0x0000000715800000|  0%| F|  |TAMS 0x0000000715600000, 0x0000000715600000| Untracked 
|  98|0x0000000715800000, 0x0000000715800000, 0x0000000715a00000|  0%| F|  |TAMS 0x0000000715800000, 0x0000000715800000| Untracked 
|  99|0x0000000715a00000, 0x0000000715a00000, 0x0000000715c00000|  0%| F|  |TAMS 0x0000000715a00000, 0x0000000715a00000| Untracked 
| 100|0x0000000715c00000, 0x0000000715c00000, 0x0000000715e00000|  0%| F|  |TAMS 0x0000000715c00000, 0x0000000715c00000| Untracked 
| 101|0x0000000715e00000, 0x0000000715e00000, 0x0000000716000000|  0%| F|  |TAMS 0x0000000715e00000, 0x0000000715e00000| Untracked 
| 102|0x0000000716000000, 0x0000000716000000, 0x0000000716200000|  0%| F|  |TAMS 0x0000000716000000, 0x0000000716000000| Untracked 
| 103|0x0000000716200000, 0x0000000716200000, 0x0000000716400000|  0%| F|  |TAMS 0x0000000716200000, 0x0000000716200000| Untracked 
| 104|0x0000000716400000, 0x0000000716400000, 0x0000000716600000|  0%| F|  |TAMS 0x0000000716400000, 0x0000000716400000| Untracked 
| 105|0x0000000716600000, 0x0000000716600000, 0x0000000716800000|  0%| F|  |TAMS 0x0000000716600000, 0x0000000716600000| Untracked 
| 106|0x0000000716800000, 0x0000000716800000, 0x0000000716a00000|  0%| F|  |TAMS 0x0000000716800000, 0x0000000716800000| Untracked 
| 107|0x0000000716a00000, 0x0000000716a00000, 0x0000000716c00000|  0%| F|  |TAMS 0x0000000716a00000, 0x0000000716a00000| Untracked 
| 108|0x0000000716c00000, 0x0000000716c00000, 0x0000000716e00000|  0%| F|  |TAMS 0x0000000716c00000, 0x0000000716c00000| Untracked 
| 109|0x0000000716e00000, 0x0000000716e00000, 0x0000000717000000|  0%| F|  |TAMS 0x0000000716e00000, 0x0000000716e00000| Untracked 
| 110|0x0000000717000000, 0x0000000717000000, 0x0000000717200000|  0%| F|  |TAMS 0x0000000717000000, 0x0000000717000000| Untracked 
| 111|0x0000000717200000, 0x0000000717200000, 0x0000000717400000|  0%| F|  |TAMS 0x0000000717200000, 0x0000000717200000| Untracked 
| 112|0x0000000717400000, 0x0000000717400000, 0x0000000717600000|  0%| F|  |TAMS 0x0000000717400000, 0x0000000717400000| Untracked 
| 113|0x0000000717600000, 0x0000000717600000, 0x0000000717800000|  0%| F|  |TAMS 0x0000000717600000, 0x0000000717600000| Untracked 
| 114|0x0000000717800000, 0x0000000717800000, 0x0000000717a00000|  0%| F|  |TAMS 0x0000000717800000, 0x0000000717800000| Untracked 
| 115|0x0000000717a00000, 0x0000000717a00000, 0x0000000717c00000|  0%| F|  |TAMS 0x0000000717a00000, 0x0000000717a00000| Untracked 
| 116|0x0000000717c00000, 0x0000000717c00000, 0x0000000717e00000|  0%| F|  |TAMS 0x0000000717c00000, 0x0000000717c00000| Untracked 
| 117|0x0000000717e00000, 0x0000000717e00000, 0x0000000718000000|  0%| F|  |TAMS 0x0000000717e00000, 0x0000000717e00000| Untracked 
| 118|0x0000000718000000, 0x0000000718000000, 0x0000000718200000|  0%| F|  |TAMS 0x0000000718000000, 0x0000000718000000| Untracked 
| 119|0x0000000718200000, 0x0000000718200000, 0x0000000718400000|  0%| F|  |TAMS 0x0000000718200000, 0x0000000718200000| Untracked 
| 120|0x0000000718400000, 0x0000000718400000, 0x0000000718600000|  0%| F|  |TAMS 0x0000000718400000, 0x0000000718400000| Untracked 
| 121|0x0000000718600000, 0x0000000718600000, 0x0000000718800000|  0%| F|  |TAMS 0x0000000718600000, 0x0000000718600000| Untracked 
| 122|0x0000000718800000, 0x0000000718800000, 0x0000000718a00000|  0%| F|  |TAMS 0x0000000718800000, 0x0000000718800000| Untracked 
| 123|0x0000000718a00000, 0x0000000718a00000, 0x0000000718c00000|  0%| F|  |TAMS 0x0000000718a00000, 0x0000000718a00000| Untracked 
| 124|0x0000000718c00000, 0x0000000718c00000, 0x0000000718e00000|  0%| F|  |TAMS 0x0000000718c00000, 0x0000000718c00000| Untracked 
| 125|0x0000000718e00000, 0x0000000718e00000, 0x0000000719000000|  0%| F|  |TAMS 0x0000000718e00000, 0x0000000718e00000| Untracked 
| 126|0x0000000719000000, 0x0000000719000000, 0x0000000719200000|  0%| F|  |TAMS 0x0000000719000000, 0x0000000719000000| Untracked 
| 127|0x0000000719200000, 0x0000000719200000, 0x0000000719400000|  0%| F|  |TAMS 0x0000000719200000, 0x0000000719200000| Untracked 
| 128|0x0000000719400000, 0x0000000719400000, 0x0000000719600000|  0%| F|  |TAMS 0x0000000719400000, 0x0000000719400000| Untracked 
| 129|0x0000000719600000, 0x0000000719600000, 0x0000000719800000|  0%| F|  |TAMS 0x0000000719600000, 0x0000000719600000| Untracked 
| 130|0x0000000719800000, 0x0000000719800000, 0x0000000719a00000|  0%| F|  |TAMS 0x0000000719800000, 0x0000000719800000| Untracked 
| 131|0x0000000719a00000, 0x0000000719a00000, 0x0000000719c00000|  0%| F|  |TAMS 0x0000000719a00000, 0x0000000719a00000| Untracked 
| 132|0x0000000719c00000, 0x0000000719c00000, 0x0000000719e00000|  0%| F|  |TAMS 0x0000000719c00000, 0x0000000719c00000| Untracked 
| 133|0x0000000719e00000, 0x0000000719e00000, 0x000000071a000000|  0%| F|  |TAMS 0x0000000719e00000, 0x0000000719e00000| Untracked 
| 134|0x000000071a000000, 0x000000071a000000, 0x000000071a200000|  0%| F|  |TAMS 0x000000071a000000, 0x000000071a000000| Untracked 
| 135|0x000000071a200000, 0x000000071a200000, 0x000000071a400000|  0%| F|  |TAMS 0x000000071a200000, 0x000000071a200000| Untracked 
| 136|0x000000071a400000, 0x000000071a400000, 0x000000071a600000|  0%| F|  |TAMS 0x000000071a400000, 0x000000071a400000| Untracked 
| 137|0x000000071a600000, 0x000000071a600000, 0x000000071a800000|  0%| F|  |TAMS 0x000000071a600000, 0x000000071a600000| Untracked 
| 138|0x000000071a800000, 0x000000071a800000, 0x000000071aa00000|  0%| F|  |TAMS 0x000000071a800000, 0x000000071a800000| Untracked 
| 139|0x000000071aa00000, 0x000000071aa00000, 0x000000071ac00000|  0%| F|  |TAMS 0x000000071aa00000, 0x000000071aa00000| Untracked 
| 140|0x000000071ac00000, 0x000000071ac00000, 0x000000071ae00000|  0%| F|  |TAMS 0x000000071ac00000, 0x000000071ac00000| Untracked 
| 141|0x000000071ae00000, 0x000000071ae00000, 0x000000071b000000|  0%| F|  |TAMS 0x000000071ae00000, 0x000000071ae00000| Untracked 
| 142|0x000000071b000000, 0x000000071b000000, 0x000000071b200000|  0%| F|  |TAMS 0x000000071b000000, 0x000000071b000000| Untracked 
| 143|0x000000071b200000, 0x000000071b200000, 0x000000071b400000|  0%| F|  |TAMS 0x000000071b200000, 0x000000071b200000| Untracked 
| 144|0x000000071b400000, 0x000000071b400000, 0x000000071b600000|  0%| F|  |TAMS 0x000000071b400000, 0x000000071b400000| Untracked 
| 145|0x000000071b600000, 0x000000071b600000, 0x000000071b800000|  0%| F|  |TAMS 0x000000071b600000, 0x000000071b600000| Untracked 
| 146|0x000000071b800000, 0x000000071b800000, 0x000000071ba00000|  0%| F|  |TAMS 0x000000071b800000, 0x000000071b800000| Untracked 
| 147|0x000000071ba00000, 0x000000071ba00000, 0x000000071bc00000|  0%| F|  |TAMS 0x000000071ba00000, 0x000000071ba00000| Untracked 
| 148|0x000000071bc00000, 0x000000071bc00000, 0x000000071be00000|  0%| F|  |TAMS 0x000000071bc00000, 0x000000071bc00000| Untracked 
| 149|0x000000071be00000, 0x000000071be00000, 0x000000071c000000|  0%| F|  |TAMS 0x000000071be00000, 0x000000071be00000| Untracked 
| 150|0x000000071c000000, 0x000000071c000000, 0x000000071c200000|  0%| F|  |TAMS 0x000000071c000000, 0x000000071c000000| Untracked 
| 151|0x000000071c200000, 0x000000071c200000, 0x000000071c400000|  0%| F|  |TAMS 0x000000071c200000, 0x000000071c200000| Untracked 
| 152|0x000000071c400000, 0x000000071c400000, 0x000000071c600000|  0%| F|  |TAMS 0x000000071c400000, 0x000000071c400000| Untracked 
| 153|0x000000071c600000, 0x000000071c600000, 0x000000071c800000|  0%| F|  |TAMS 0x000000071c600000, 0x000000071c600000| Untracked 
| 154|0x000000071c800000, 0x000000071c800000, 0x000000071ca00000|  0%| F|  |TAMS 0x000000071c800000, 0x000000071c800000| Untracked 
| 155|0x000000071ca00000, 0x000000071ca00000, 0x000000071cc00000|  0%| F|  |TAMS 0x000000071ca00000, 0x000000071ca00000| Untracked 
| 156|0x000000071cc00000, 0x000000071cc00000, 0x000000071ce00000|  0%| F|  |TAMS 0x000000071cc00000, 0x000000071cc00000| Untracked 
| 157|0x000000071ce00000, 0x000000071ce00000, 0x000000071d000000|  0%| F|  |TAMS 0x000000071ce00000, 0x000000071ce00000| Untracked 
| 158|0x000000071d000000, 0x000000071d000000, 0x000000071d200000|  0%| F|  |TAMS 0x000000071d000000, 0x000000071d000000| Untracked 
| 159|0x000000071d200000, 0x000000071d200000, 0x000000071d400000|  0%| F|  |TAMS 0x000000071d200000, 0x000000071d200000| Untracked 
| 160|0x000000071d400000, 0x000000071d400000, 0x000000071d600000|  0%| F|  |TAMS 0x000000071d400000, 0x000000071d400000| Untracked 
| 161|0x000000071d600000, 0x000000071d600000, 0x000000071d800000|  0%| F|  |TAMS 0x000000071d600000, 0x000000071d600000| Untracked 
| 162|0x000000071d800000, 0x000000071d800000, 0x000000071da00000|  0%| F|  |TAMS 0x000000071d800000, 0x000000071d800000| Untracked 
| 163|0x000000071da00000, 0x000000071da00000, 0x000000071dc00000|  0%| F|  |TAMS 0x000000071da00000, 0x000000071da00000| Untracked 
| 164|0x000000071dc00000, 0x000000071dc00000, 0x000000071de00000|  0%| F|  |TAMS 0x000000071dc00000, 0x000000071dc00000| Untracked 
| 165|0x000000071de00000, 0x000000071de00000, 0x000000071e000000|  0%| F|  |TAMS 0x000000071de00000, 0x000000071de00000| Untracked 
| 166|0x000000071e000000, 0x000000071e000000, 0x000000071e200000|  0%| F|  |TAMS 0x000000071e000000, 0x000000071e000000| Untracked 
| 167|0x000000071e200000, 0x000000071e200000, 0x000000071e400000|  0%| F|  |TAMS 0x000000071e200000, 0x000000071e200000| Untracked 
| 168|0x000000071e400000, 0x000000071e400000, 0x000000071e600000|  0%| F|  |TAMS 0x000000071e400000, 0x000000071e400000| Untracked 
| 169|0x000000071e600000, 0x000000071e600000, 0x000000071e800000|  0%| F|  |TAMS 0x000000071e600000, 0x000000071e600000| Untracked 
| 170|0x000000071e800000, 0x000000071e800000, 0x000000071ea00000|  0%| F|  |TAMS 0x000000071e800000, 0x000000071e800000| Untracked 
| 171|0x000000071ea00000, 0x000000071ea00000, 0x000000071ec00000|  0%| F|  |TAMS 0x000000071ea00000, 0x000000071ea00000| Untracked 
| 172|0x000000071ec00000, 0x000000071ec00000, 0x000000071ee00000|  0%| F|  |TAMS 0x000000071ec00000, 0x000000071ec00000| Untracked 
| 173|0x000000071ee00000, 0x000000071ee00000, 0x000000071f000000|  0%| F|  |TAMS 0x000000071ee00000, 0x000000071ee00000| Untracked 
| 174|0x000000071f000000, 0x000000071f000000, 0x000000071f200000|  0%| F|  |TAMS 0x000000071f000000, 0x000000071f000000| Untracked 
| 175|0x000000071f200000, 0x000000071f200000, 0x000000071f400000|  0%| F|  |TAMS 0x000000071f200000, 0x000000071f200000| Untracked 
| 176|0x000000071f400000, 0x000000071f400000, 0x000000071f600000|  0%| F|  |TAMS 0x000000071f400000, 0x000000071f400000| Untracked 
| 177|0x000000071f600000, 0x000000071f600000, 0x000000071f800000|  0%| F|  |TAMS 0x000000071f600000, 0x000000071f600000| Untracked 
| 178|0x000000071f800000, 0x000000071f800000, 0x000000071fa00000|  0%| F|  |TAMS 0x000000071f800000, 0x000000071f800000| Untracked 
| 179|0x000000071fa00000, 0x000000071fa00000, 0x000000071fc00000|  0%| F|  |TAMS 0x000000071fa00000, 0x000000071fa00000| Untracked 
| 180|0x000000071fc00000, 0x000000071fc00000, 0x000000071fe00000|  0%| F|  |TAMS 0x000000071fc00000, 0x000000071fc00000| Untracked 
| 181|0x000000071fe00000, 0x000000071fe00000, 0x0000000720000000|  0%| F|  |TAMS 0x000000071fe00000, 0x000000071fe00000| Untracked 
| 182|0x0000000720000000, 0x0000000720000000, 0x0000000720200000|  0%| F|  |TAMS 0x0000000720000000, 0x0000000720000000| Untracked 
| 183|0x0000000720200000, 0x0000000720200000, 0x0000000720400000|  0%| F|  |TAMS 0x0000000720200000, 0x0000000720200000| Untracked 
| 184|0x0000000720400000, 0x0000000720400000, 0x0000000720600000|  0%| F|  |TAMS 0x0000000720400000, 0x0000000720400000| Untracked 
| 185|0x0000000720600000, 0x0000000720600000, 0x0000000720800000|  0%| F|  |TAMS 0x0000000720600000, 0x0000000720600000| Untracked 
| 186|0x0000000720800000, 0x0000000720800000, 0x0000000720a00000|  0%| F|  |TAMS 0x0000000720800000, 0x0000000720800000| Untracked 
| 187|0x0000000720a00000, 0x0000000720a00000, 0x0000000720c00000|  0%| F|  |TAMS 0x0000000720a00000, 0x0000000720a00000| Untracked 
| 188|0x0000000720c00000, 0x0000000720c00000, 0x0000000720e00000|  0%| F|  |TAMS 0x0000000720c00000, 0x0000000720c00000| Untracked 
| 189|0x0000000720e00000, 0x0000000720e00000, 0x0000000721000000|  0%| F|  |TAMS 0x0000000720e00000, 0x0000000720e00000| Untracked 
| 190|0x0000000721000000, 0x0000000721000000, 0x0000000721200000|  0%| F|  |TAMS 0x0000000721000000, 0x0000000721000000| Untracked 
| 191|0x0000000721200000, 0x0000000721200000, 0x0000000721400000|  0%| F|  |TAMS 0x0000000721200000, 0x0000000721200000| Untracked 
| 192|0x0000000721400000, 0x0000000721434418, 0x0000000721600000| 10%| S|CS|TAMS 0x0000000721400000, 0x0000000721400000| Complete 
| 193|0x0000000721600000, 0x0000000721600000, 0x0000000721800000|  0%| F|  |TAMS 0x0000000721600000, 0x0000000721600000| Untracked 

Card table byte_map: [0x0000024451690000,0x0000024451e50000] _byte_map_base: 0x000002444de46000

Marking Bits (Prev, Next): (CMBitMap*) 0x0000024437f16f90, (CMBitMap*) 0x0000024437f16f50
 Prev Bits: [0x00000244563c0000, 0x000002445a170000)
 Next Bits: [0x0000024452610000, 0x00000244563c0000)

Polling page: 0x0000024437c10000

Metaspace:

Usage:
  Non-class:      4.67 MB used.
      Class:    676.04 KB used.
       Both:      5.33 MB used.

Virtual space:
  Non-class space:        8.00 MB reserved,       4.75 MB ( 59%) committed,  1 nodes.
      Class space:        1.00 GB reserved,     768.00 KB ( <1%) committed,  1 nodes.
             Both:        1.01 GB reserved,       5.50 MB ( <1%) committed. 

Chunk freelists:
   Non-Class:  1.02 MB
       Class:  3.20 MB
        Both:  4.22 MB

MaxMetaspaceSize: unlimited
CompressedClassSpaceSize: 1.00 GB
Initial GC threshold: 21.00 MB
Current GC threshold: 21.00 MB
CDS: on
MetaspaceReclaimPolicy: balanced
 - commit_granule_bytes: 65536.
 - commit_granule_words: 8192.
 - virtual_space_node_default_size: 1048576.
 - enlarge_chunks_in_place: 1.
 - new_chunks_are_fully_committed: 0.
 - uncommit_free_chunks: 1.
 - use_allocation_guard: 0.
 - handle_deallocations: 1.


Internal statistics:

num_allocs_failed_limit: 0.
num_arena_births: 92.
num_arena_deaths: 0.
num_vsnodes_births: 2.
num_vsnodes_deaths: 0.
num_space_committed: 88.
num_space_uncommitted: 0.
num_chunks_returned_to_freelist: 0.
num_chunks_taken_from_freelist: 259.
num_chunk_merges: 0.
num_chunk_splits: 167.
num_chunks_enlarged: 133.
num_purges: 0.
num_inconsistent_stats: 0.

CodeHeap 'non-profiled nmethods': size=119168Kb used=348Kb max_used=348Kb free=118819Kb
 bounds [0x0000024448ab0000, 0x0000024448d20000, 0x000002444ff10000]
CodeHeap 'profiled nmethods': size=119104Kb used=1726Kb max_used=1726Kb free=117377Kb
 bounds [0x0000024441660000, 0x00000244418d0000, 0x0000024448ab0000]
CodeHeap 'non-nmethods': size=7488Kb used=2923Kb max_used=2938Kb free=4564Kb
 bounds [0x0000024440f10000, 0x0000024441200000, 0x0000024441660000]
 total_blobs=1563 nmethods=1014 adapters=459
 compilation: enabled
              stopped_count=0, restarted_count=0
 full_count=0

Compilation events (20 events):
Event: 1.328 Thread 0x000002445d3c70f0 1006       3       jdk.internal.util.Preconditions::checkFromIndexSize (25 bytes)
Event: 1.328 Thread 0x000002445d31ea60 1005       3       java.util.Objects::checkFromIndexSize (8 bytes)
Event: 1.328 Thread 0x000002445d31ea60 nmethod 1005 0x0000024441808310 code [0x00000244418084c0, 0x00000244418086e8]
Event: 1.328 Thread 0x000002445d3c70f0 nmethod 1006 0x0000024441808810 code [0x00000244418089c0, 0x0000024441808b88]
Event: 1.386 Thread 0x000002445d3c70f0 1007       3       java.io.WinNTFileSystem::resolve (275 bytes)
Event: 1.386 Thread 0x000002445d3c96c0 1008       3       java.lang.String::<init> (10 bytes)
Event: 1.386 Thread 0x000002445d3c96c0 nmethod 1008 0x0000024441808c90 code [0x0000024441808e40, 0x0000024441808f88]
Event: 1.388 Thread 0x000002445d3c70f0 nmethod 1007 0x0000024441809090 code [0x00000244418095c0, 0x000002444180c2d8]
Event: 1.404 Thread 0x000002445d3c70f0 1009       3       java.io.File::<init> (111 bytes)
Event: 1.404 Thread 0x000002445d3c70f0 nmethod 1009 0x000002444180d490 code [0x000002444180d740, 0x000002444180e1a8]
Event: 1.423 Thread 0x000002445cfba790 1010       4       java.lang.StringBuilder::append (8 bytes)
Event: 1.427 Thread 0x000002445cfba790 nmethod 1010 0x0000024448b05990 code [0x0000024448b05b20, 0x0000024448b06088]
Event: 1.432 Thread 0x000002445d31ea60 1011       3       sun.net.www.ParseUtil::firstEncodeIndex (86 bytes)
Event: 1.433 Thread 0x000002445d31ea60 nmethod 1011 0x000002444180e590 code [0x000002444180e7e0, 0x000002444180f1c8]
Event: 1.456 Thread 0x000002445cfba790 1012 %     4       java.lang.StringLatin1::indexOf @ 14 (121 bytes)
Event: 1.461 Thread 0x000002445cfba790 nmethod 1012% 0x0000024448b06390 code [0x0000024448b06520, 0x0000024448b06918]
Event: 1.484 Thread 0x000002445cfba790 1013       4       java.util.HashMap$HashIterator::<init> (79 bytes)
Event: 1.487 Thread 0x000002445cfba790 nmethod 1013 0x0000024448b06c10 code [0x0000024448b06da0, 0x0000024448b07158]
Event: 1.488 Thread 0x000002445d3c96c0 1014       3       jdk.internal.loader.BuiltinClassLoader::hasClassPath (13 bytes)
Event: 1.488 Thread 0x000002445d3c96c0 nmethod 1014 0x000002444180f590 code [0x000002444180f720, 0x000002444180f898]

GC Heap History (20 events):
Event: 1.274 GC heap after
{Heap after GC invocations=28 (full 0):
 garbage-first heap   total 253952K, used 146723K [0x0000000709400000, 0x0000000800000000)
  region size 2048K, 2 young (4096K), 2 survivors (4096K)
 Metaspace       used 5451K, committed 5632K, reserved 1056768K
  class space    used 676K, committed 768K, reserved 1048576K
}
Event: 1.286 GC heap before
{Heap before GC invocations=29 (full 0):
 garbage-first heap   total 253952K, used 148771K [0x0000000709400000, 0x0000000800000000)
  region size 2048K, 3 young (6144K), 2 survivors (4096K)
 Metaspace       used 5451K, committed 5632K, reserved 1056768K
  class space    used 676K, committed 768K, reserved 1048576K
}
Event: 1.291 GC heap after
{Heap after GC invocations=30 (full 0):
 garbage-first heap   total 253952K, used 148895K [0x0000000709400000, 0x0000000800000000)
  region size 2048K, 1 young (2048K), 1 survivors (2048K)
 Metaspace       used 5451K, committed 5632K, reserved 1056768K
  class space    used 676K, committed 768K, reserved 1048576K
}
Event: 1.306 GC heap before
{Heap before GC invocations=31 (full 0):
 garbage-first heap   total 256000K, used 150943K [0x0000000709400000, 0x0000000800000000)
  region size 2048K, 2 young (4096K), 1 survivors (2048K)
 Metaspace       used 5451K, committed 5632K, reserved 1056768K
  class space    used 676K, committed 768K, reserved 1048576K
}
Event: 1.309 GC heap after
{Heap after GC invocations=32 (full 0):
 garbage-first heap   total 256000K, used 150885K [0x0000000709400000, 0x0000000800000000)
  region size 2048K, 1 young (2048K), 1 survivors (2048K)
 Metaspace       used 5451K, committed 5632K, reserved 1056768K
  class space    used 676K, committed 768K, reserved 1048576K
}
Event: 1.331 GC heap before
{Heap before GC invocations=33 (full 0):
 garbage-first heap   total 264192K, used 154981K [0x0000000709400000, 0x0000000800000000)
  region size 2048K, 2 young (4096K), 1 survivors (2048K)
 Metaspace       used 5453K, committed 5632K, reserved 1056768K
  class space    used 676K, committed 768K, reserved 1048576K
}
Event: 1.332 GC heap after
{Heap after GC invocations=34 (full 0):
 garbage-first heap   total 264192K, used 154936K [0x0000000709400000, 0x0000000800000000)
  region size 2048K, 1 young (2048K), 1 survivors (2048K)
 Metaspace       used 5453K, committed 5632K, reserved 1056768K
  class space    used 676K, committed 768K, reserved 1048576K
}
Event: 1.345 GC heap before
{Heap before GC invocations=35 (full 0):
 garbage-first heap   total 266240K, used 156984K [0x0000000709400000, 0x0000000800000000)
  region size 2048K, 2 young (4096K), 1 survivors (2048K)
 Metaspace       used 5453K, committed 5632K, reserved 1056768K
  class space    used 676K, committed 768K, reserved 1048576K
}
Event: 1.346 GC heap after
{Heap after GC invocations=36 (full 0):
 garbage-first heap   total 266240K, used 157004K [0x0000000709400000, 0x0000000800000000)
  region size 2048K, 1 young (2048K), 1 survivors (2048K)
 Metaspace       used 5453K, committed 5632K, reserved 1056768K
  class space    used 676K, committed 768K, reserved 1048576K
}
Event: 1.357 GC heap before
{Heap before GC invocations=37 (full 0):
 garbage-first heap   total 270336K, used 159052K [0x0000000709400000, 0x0000000800000000)
  region size 2048K, 2 young (4096K), 1 survivors (2048K)
 Metaspace       used 5453K, committed 5632K, reserved 1056768K
  class space    used 676K, committed 768K, reserved 1048576K
}
Event: 1.360 GC heap after
{Heap after GC invocations=38 (full 0):
 garbage-first heap   total 397312K, used 159059K [0x0000000709400000, 0x0000000800000000)
  region size 2048K, 1 young (2048K), 1 survivors (2048K)
 Metaspace       used 5453K, committed 5632K, reserved 1056768K
  class space    used 676K, committed 768K, reserved 1048576K
}
Event: 1.441 GC heap before
{Heap before GC invocations=38 (full 0):
 garbage-first heap   total 397312K, used 175443K [0x0000000709400000, 0x0000000800000000)
  region size 2048K, 2 young (4096K), 1 survivors (2048K)
 Metaspace       used 5458K, committed 5632K, reserved 1056768K
  class space    used 676K, committed 768K, reserved 1048576K
}
Event: 1.442 GC heap after
{Heap after GC invocations=39 (full 0):
 garbage-first heap   total 397312K, used 175526K [0x0000000709400000, 0x0000000800000000)
  region size 2048K, 1 young (2048K), 1 survivors (2048K)
 Metaspace       used 5458K, committed 5632K, reserved 1056768K
  class space    used 676K, committed 768K, reserved 1048576K
}
Event: 1.459 GC heap before
{Heap before GC invocations=39 (full 0):
 garbage-first heap   total 397312K, used 179622K [0x0000000709400000, 0x0000000800000000)
  region size 2048K, 2 young (4096K), 1 survivors (2048K)
 Metaspace       used 5458K, committed 5632K, reserved 1056768K
  class space    used 676K, committed 768K, reserved 1048576K
}
Event: 1.460 GC heap after
{Heap after GC invocations=40 (full 0):
 garbage-first heap   total 397312K, used 179633K [0x0000000709400000, 0x0000000800000000)
  region size 2048K, 1 young (2048K), 1 survivors (2048K)
 Metaspace       used 5458K, committed 5632K, reserved 1056768K
  class space    used 676K, committed 768K, reserved 1048576K
}
Event: 1.470 GC heap before
{Heap before GC invocations=41 (full 0):
 garbage-first heap   total 397312K, used 181681K [0x0000000709400000, 0x0000000800000000)
  region size 2048K, 2 young (4096K), 1 survivors (2048K)
 Metaspace       used 5458K, committed 5632K, reserved 1056768K
  class space    used 676K, committed 768K, reserved 1048576K
}
Event: 1.471 GC heap after
{Heap after GC invocations=42 (full 0):
 garbage-first heap   total 397312K, used 181696K [0x0000000709400000, 0x0000000800000000)
  region size 2048K, 1 young (2048K), 1 survivors (2048K)
 Metaspace       used 5458K, committed 5632K, reserved 1056768K
  class space    used 676K, committed 768K, reserved 1048576K
}
Event: 1.481 GC heap before
{Heap before GC invocations=43 (full 0):
 garbage-first heap   total 397312K, used 183744K [0x0000000709400000, 0x0000000800000000)
  region size 2048K, 2 young (4096K), 1 survivors (2048K)
 Metaspace       used 5458K, committed 5632K, reserved 1056768K
  class space    used 676K, committed 768K, reserved 1048576K
}
Event: 1.481 GC heap after
{Heap after GC invocations=44 (full 0):
 garbage-first heap   total 397312K, used 183760K [0x0000000709400000, 0x0000000800000000)
  region size 2048K, 1 young (2048K), 1 survivors (2048K)
 Metaspace       used 5458K, committed 5632K, reserved 1056768K
  class space    used 676K, committed 768K, reserved 1048576K
}
Event: 1.491 GC heap before
{Heap before GC invocations=45 (full 0):
 garbage-first heap   total 397312K, used 185808K [0x0000000709400000, 0x0000000800000000)
  region size 2048K, 2 young (4096K), 1 survivors (2048K)
 Metaspace       used 5458K, committed 5632K, reserved 1056768K
  class space    used 676K, committed 768K, reserved 1048576K
}

Deoptimization events (20 events):
Event: 0.098 Thread 0x0000024437eab930 DEOPT PACKING pc=0x0000024448ac11f8 sp=0x000000863dafe860
Event: 0.098 Thread 0x0000024437eab930 DEOPT UNPACKING pc=0x0000024440f623a3 sp=0x000000863dafe7e0 mode 2
Event: 0.104 Thread 0x0000024437eab930 Uncommon trap: trap_request=0xffffff45 fr.pc=0x0000024448abab78 relative=0x0000000000000078
Event: 0.104 Thread 0x0000024437eab930 Uncommon trap: reason=unstable_if action=reinterpret pc=0x0000024448abab78 method=java.lang.String.isLatin1()Z @ 10 c2
Event: 0.104 Thread 0x0000024437eab930 DEOPT PACKING pc=0x0000024448abab78 sp=0x000000863dafec00
Event: 0.104 Thread 0x0000024437eab930 DEOPT UNPACKING pc=0x0000024440f623a3 sp=0x000000863dafeb40 mode 2
Event: 0.179 Thread 0x0000024437eab930 Uncommon trap: trap_request=0xffffff45 fr.pc=0x0000024448ac78d4 relative=0x0000000000000694
Event: 0.179 Thread 0x0000024437eab930 Uncommon trap: reason=unstable_if action=reinterpret pc=0x0000024448ac78d4 method=jdk.internal.module.Checks.isJavaIdentifier(Ljava/lang/String;)Z @ 4 c2
Event: 0.179 Thread 0x0000024437eab930 DEOPT PACKING pc=0x0000024448ac78d4 sp=0x000000863dafdfb0
Event: 0.179 Thread 0x0000024437eab930 DEOPT UNPACKING pc=0x0000024440f623a3 sp=0x000000863dafdf50 mode 2
Event: 0.339 Thread 0x0000024437eab930 DEOPT PACKING pc=0x0000024441748c8f sp=0x000000863dafde80
Event: 0.339 Thread 0x0000024437eab930 DEOPT UNPACKING pc=0x0000024440f62b43 sp=0x000000863dafd2a0 mode 0
Event: 0.441 Thread 0x000002445ea3db10 Uncommon trap: trap_request=0xffffff45 fr.pc=0x0000024448ae7f64 relative=0x00000000000002a4
Event: 0.441 Thread 0x000002445ea3db10 Uncommon trap: reason=unstable_if action=reinterpret pc=0x0000024448ae7f64 method=java.lang.invoke.VarHandle.checkExactAccessMode(Ljava/lang/invoke/VarHandle$AccessDescriptor;)V @ 4 c2
Event: 0.441 Thread 0x000002445ea3db10 DEOPT PACKING pc=0x0000024448ae7f64 sp=0x000000863f7fec40
Event: 0.441 Thread 0x000002445ea3db10 DEOPT UNPACKING pc=0x0000024440f623a3 sp=0x000000863f7febb0 mode 2
Event: 0.443 Thread 0x000002445e99b7d0 Uncommon trap: trap_request=0xffffff45 fr.pc=0x0000024448aead2c relative=0x000000000000018c
Event: 0.443 Thread 0x000002445e99b7d0 Uncommon trap: reason=unstable_if action=reinterpret pc=0x0000024448aead2c method=java.lang.invoke.VarHandle.checkExactAccessMode(Ljava/lang/invoke/VarHandle$AccessDescriptor;)V @ 4 c2
Event: 0.443 Thread 0x000002445e99b7d0 DEOPT PACKING pc=0x0000024448aead2c sp=0x000000863f1ff450
Event: 0.443 Thread 0x000002445e99b7d0 DEOPT UNPACKING pc=0x0000024440f623a3 sp=0x000000863f1ff430 mode 2

Classes unloaded (0 events):
No events

Classes redefined (0 events):
No events

Internal exceptions (13 events):
Event: 0.120 Thread 0x0000024437eab930 Exception <a 'java/lang/NoSuchMethodError'{0x00000007184d8638}: 'java.lang.Object java.lang.invoke.DirectMethodHandle$Holder.invokeStaticInit(java.lang.Object)'> (0x00000007184d8638) 
thrown [s\open\src\hotspot\share\interpreter\linkResolver.cpp, line 759]
Event: 0.124 Thread 0x0000024437eab930 Exception <a 'java/lang/NoSuchMethodError'{0x00000007184e0608}: 'void java.lang.invoke.DirectMethodHandle$Holder.invokeStatic(java.lang.Object, java.lang.Object)'> (0x00000007184e0608) 
thrown [s\open\src\hotspot\share\interpreter\linkResolver.cpp, line 759]
Event: 0.371 Thread 0x0000024437eab930 Exception <a 'java/lang/NoSuchMethodError'{0x0000000717f2f918}: 'void java.lang.invoke.DirectMethodHandle$Holder.invokeSpecial(java.lang.Object, java.lang.Object, java.lang.Object)'> (0x0000000717f2f918) 
thrown [s\open\src\hotspot\share\interpreter\linkResolver.cpp, line 759]
Event: 0.377 Thread 0x0000024437eab930 Exception <a 'java/lang/NoSuchMethodError'{0x0000000717f68ba8}: 'void java.lang.invoke.DirectMethodHandle$Holder.invokeStatic(java.lang.Object, java.lang.Object, java.lang.Object)'> (0x0000000717f68ba8) 
thrown [s\open\src\hotspot\share\interpreter\linkResolver.cpp, line 759]
Event: 0.415 Thread 0x0000024437eab930 Exception <a 'java/lang/NoSuchMethodError'{0x0000000717f85b00}: 'int java.lang.invoke.DirectMethodHandle$Holder.invokeStaticInit(java.lang.Object, java.lang.Object, java.lang.Object)'> (0x0000000717f85b00) 
thrown [s\open\src\hotspot\share\interpreter\linkResolver.cpp, line 759]
Event: 0.433 Thread 0x0000024437eab930 Exception <a 'java/lang/NoSuchMethodError'{0x0000000717cf16a0}: 'java.lang.Object java.lang.invoke.DirectMethodHandle$Holder.newInvokeSpecial(java.lang.Object, java.lang.Object, int, java.lang.Object)'> (0x0000000717cf16a0) 
thrown [s\open\src\hotspot\share\interpreter\linkResolver.cpp, line 759]
Event: 0.433 Thread 0x0000024437eab930 Exception <a 'java/lang/NoSuchMethodError'{0x0000000717cf5a80}: 'java.lang.Object java.lang.invoke.DirectMethodHandle$Holder.invokeSpecial(java.lang.Object, java.lang.Object, java.lang.Object, int, java.lang.Object)'> (0x0000000717cf5a80) 
thrown [s\open\src\hotspot\share\interpreter\linkResolver.cpp, line 759]
Event: 0.486 Thread 0x000002445ea3db10 Exception <a 'java/lang/NoSuchMethodError'{0x0000000717bb2410}: 'void java.lang.invoke.DirectMethodHandle$Holder.invokeStaticInit(java.lang.Object)'> (0x0000000717bb2410) 
thrown [s\open\src\hotspot\share\interpreter\linkResolver.cpp, line 759]
Event: 0.489 Thread 0x0000024437eab930 Exception <a 'java/lang/NoSuchMethodError'{0x0000000717d0ac08}: 'java.lang.Object java.lang.invoke.DirectMethodHandle$Holder.newInvokeSpecial(java.lang.Object, java.lang.Object, java.lang.Object, java.lang.Object, java.lang.Object, java.lang.Object)'> (0x0000000717d0ac08) 
thrown [s\open\src\hotspot\share\interpreter\linkResolver.cpp, line 759]
Event: 0.502 Thread 0x0000024437eab930 Exception <a 'java/lang/NoSuchMethodError'{0x0000000717d3c318}: 'java.lang.Object java.lang.invoke.DirectMethodHandle$Holder.newInvokeSpecial(java.lang.Object, java.lang.Object, java.lang.Object, java.lang.Object, java.lang.Object)'> (0x0000000717d3c318) 
thrown [s\open\src\hotspot\share\interpreter\linkResolver.cpp, line 759]
Event: 0.503 Thread 0x000002445ec5e410 Exception <a 'java/lang/NoSuchMethodError'{0x00000007178f7150}: 'void java.lang.invoke.DirectMethodHandle$Holder.invokeStatic(java.lang.Object, java.lang.Object, java.lang.Object, java.lang.Object)'> (0x00000007178f7150) 
thrown [s\open\src\hotspot\share\interpreter\linkResolver.cpp, line 759]
Event: 0.536 Thread 0x000002445ea3db10 Exception <a 'java/lang/NoSuchMethodError'{0x0000000718a35298}: 'java.lang.Object java.lang.invoke.DirectMethodHandle$Holder.invokeStaticInit(java.lang.Object, java.lang.Object, java.lang.Object, java.lang.Object)'> (0x0000000718a35298) 
thrown [s\open\src\hotspot\share\interpreter\linkResolver.cpp, line 759]
Event: 0.537 Thread 0x000002445ea3db10 Exception <a 'java/lang/NullPointerException'{0x0000000718a40e08}> (0x0000000718a40e08) 
thrown [s\open\src\hotspot\share\interpreter\linkResolver.cpp, line 1350]

VM Operations (20 events):
Event: 1.442 Executing VM operation: G1TryInitiateConcMark done
Event: 1.459 Executing VM operation: G1TryInitiateConcMark
Event: 1.460 Executing VM operation: G1TryInitiateConcMark done
Event: 1.462 Executing VM operation: G1Concurrent
Event: 1.463 Executing VM operation: G1Concurrent done
Event: 1.464 Executing VM operation: G1Concurrent
Event: 1.464 Executing VM operation: G1Concurrent done
Event: 1.470 Executing VM operation: G1TryInitiateConcMark
Event: 1.471 Executing VM operation: G1TryInitiateConcMark done
Event: 1.474 Executing VM operation: G1Concurrent
Event: 1.474 Executing VM operation: G1Concurrent done
Event: 1.475 Executing VM operation: G1Concurrent
Event: 1.475 Executing VM operation: G1Concurrent done
Event: 1.480 Executing VM operation: G1TryInitiateConcMark
Event: 1.481 Executing VM operation: G1TryInitiateConcMark done
Event: 1.484 Executing VM operation: G1Concurrent
Event: 1.484 Executing VM operation: G1Concurrent done
Event: 1.485 Executing VM operation: G1Concurrent
Event: 1.485 Executing VM operation: G1Concurrent done
Event: 1.491 Executing VM operation: G1TryInitiateConcMark

Events (20 events):
Event: 1.377 Thread 0x000002445eec18f0 Thread added: 0x000002445eec18f0
Event: 1.377 Thread 0x000002445eec18f0 Thread exited: 0x000002445eec18f0
Event: 1.386 Thread 0x000002445eec18f0 Thread added: 0x000002445eec18f0
Event: 1.386 Thread 0x000002445eec18f0 Thread exited: 0x000002445eec18f0
Event: 1.395 Thread 0x000002445eec18f0 Thread added: 0x000002445eec18f0
Event: 1.395 Thread 0x000002445eec18f0 Thread exited: 0x000002445eec18f0
Event: 1.404 Thread 0x000002445eec18f0 Thread added: 0x000002445eec18f0
Event: 1.404 Thread 0x000002445eec18f0 Thread exited: 0x000002445eec18f0
Event: 1.413 Thread 0x000002445eec18f0 Thread added: 0x000002445eec18f0
Event: 1.413 Thread 0x000002445eec18f0 Thread exited: 0x000002445eec18f0
Event: 1.422 Thread 0x000002445eec18f0 Thread added: 0x000002445eec18f0
Event: 1.423 Thread 0x000002445eec18f0 Thread exited: 0x000002445eec18f0
Event: 1.432 Thread 0x000002445eec18f0 Thread added: 0x000002445eec18f0
Event: 1.433 Thread 0x000002445eec18f0 Thread exited: 0x000002445eec18f0
Event: 1.467 Thread 0x000002445ee858f0 Thread added: 0x000002445ee858f0
Event: 1.468 Thread 0x000002445ee858f0 Thread exited: 0x000002445ee858f0
Event: 1.477 Thread 0x000002445ee858f0 Thread added: 0x000002445ee858f0
Event: 1.477 Thread 0x000002445ee858f0 Thread exited: 0x000002445ee858f0
Event: 1.488 Thread 0x000002445ef7b6b0 Thread added: 0x000002445ef7b6b0
Event: 1.488 Thread 0x000002445ef7b6b0 Thread exited: 0x000002445ef7b6b0


Dynamic libraries:
0x00007ff7a27e0000 - 0x00007ff7a27f0000 	C:\Program Files\Java\jdk-17.0.4\bin\java.exe
0x00007ff83f2b0000 - 0x00007ff83f4c7000 	C:\WINDOWS\SYSTEM32\ntdll.dll
0x00007ff83e6b0000 - 0x00007ff83e774000 	C:\WINDOWS\System32\KERNEL32.DLL
0x00007ff83cb40000 - 0x00007ff83ceed000 	C:\WINDOWS\System32\KERNELBASE.dll
0x00007ff83c5d0000 - 0x00007ff83c6e1000 	C:\WINDOWS\System32\ucrtbase.dll
0x00007ff816ce0000 - 0x00007ff816cf8000 	C:\Program Files\Java\jdk-17.0.4\bin\jli.dll
0x00007ff817590000 - 0x00007ff8175aa000 	C:\Program Files\Java\jdk-17.0.4\bin\VCRUNTIME140.dll
0x00007ff83d4b0000 - 0x00007ff83d562000 	C:\WINDOWS\System32\ADVAPI32.dll
0x00007ff83de00000 - 0x00007ff83dea7000 	C:\WINDOWS\System32\msvcrt.dll
0x00007ff83f070000 - 0x00007ff83f119000 	C:\WINDOWS\System32\sechost.dll
0x00007ff83c9f0000 - 0x00007ff83ca18000 	C:\WINDOWS\System32\bcrypt.dll
0x00007ff83d340000 - 0x00007ff83d454000 	C:\WINDOWS\System32\RPCRT4.dll
0x00007ff83d720000 - 0x00007ff83d8ce000 	C:\WINDOWS\System32\USER32.dll
0x00007ff82b730000 - 0x00007ff82b9c3000 	C:\WINDOWS\WinSxS\amd64_microsoft.windows.common-controls_6595b64144ccf1df_6.0.22621.3672_none_2713b9d173822955\COMCTL32.dll
0x00007ff83cef0000 - 0x00007ff83cf16000 	C:\WINDOWS\System32\win32u.dll
0x00007ff83d480000 - 0x00007ff83d4a9000 	C:\WINDOWS\System32\GDI32.dll
0x00007ff83ca20000 - 0x00007ff83cb39000 	C:\WINDOWS\System32\gdi32full.dll
0x00007ff83c950000 - 0x00007ff83c9ea000 	C:\WINDOWS\System32\msvcp_win.dll
0x00007ff834f40000 - 0x00007ff834f4a000 	C:\WINDOWS\SYSTEM32\VERSION.dll
0x00007ff83e150000 - 0x00007ff83e181000 	C:\WINDOWS\System32\IMM32.DLL
0x00007ff816ca0000 - 0x00007ff816cac000 	C:\Program Files\Java\jdk-17.0.4\bin\vcruntime140_1.dll
0x00007ff812310000 - 0x00007ff81239d000 	C:\Program Files\Java\jdk-17.0.4\bin\msvcp140.dll
0x00007fffb60f0000 - 0x00007fffb6cb2000 	C:\Program Files\Java\jdk-17.0.4\bin\server\jvm.dll
0x00007ff83d090000 - 0x00007ff83d098000 	C:\WINDOWS\System32\PSAPI.DLL
0x00007ff836c30000 - 0x00007ff836c39000 	C:\WINDOWS\SYSTEM32\WSOCK32.dll
0x00007ff83e780000 - 0x00007ff83e7f1000 	C:\WINDOWS\System32\WS2_32.dll
0x00007ff839fc0000 - 0x00007ff839ff4000 	C:\WINDOWS\SYSTEM32\WINMM.dll
0x00007ff83b5c0000 - 0x00007ff83b5d8000 	C:\WINDOWS\SYSTEM32\kernel.appcore.dll
0x00007ff816c90000 - 0x00007ff816c9a000 	C:\Program Files\Java\jdk-17.0.4\bin\jimage.dll
0x00007ff839d80000 - 0x00007ff839fb2000 	C:\WINDOWS\SYSTEM32\DBGHELP.DLL
0x00007ff83d8d0000 - 0x00007ff83dc5d000 	C:\WINDOWS\System32\combase.dll
0x00007ff83e070000 - 0x00007ff83e147000 	C:\WINDOWS\System32\OLEAUT32.dll
0x00007ff839d40000 - 0x00007ff839d72000 	C:\WINDOWS\SYSTEM32\dbgcore.DLL
0x00007ff83c760000 - 0x00007ff83c7db000 	C:\WINDOWS\System32\bcryptPrimitives.dll
0x00007ff815c30000 - 0x00007ff815c55000 	C:\Program Files\Java\jdk-17.0.4\bin\java.dll
0x00007ff8056c0000 - 0x00007ff805796000 	C:\Program Files\Java\jdk-17.0.4\bin\jsvml.dll
0x00007ff83e800000 - 0x00007ff83f068000 	C:\WINDOWS\System32\SHELL32.dll
0x00007ff83a4d0000 - 0x00007ff83adce000 	C:\WINDOWS\SYSTEM32\windows.storage.dll
0x00007ff83a390000 - 0x00007ff83a4cf000 	C:\WINDOWS\SYSTEM32\wintypes.dll
0x00007ff83f170000 - 0x00007ff83f269000 	C:\WINDOWS\System32\SHCORE.dll
0x00007ff83d180000 - 0x00007ff83d1de000 	C:\WINDOWS\System32\shlwapi.dll
0x00007ff83c500000 - 0x00007ff83c521000 	C:\WINDOWS\SYSTEM32\profapi.dll
0x00007ff815bf0000 - 0x00007ff815c09000 	C:\Program Files\Java\jdk-17.0.4\bin\net.dll
0x00007ff8378b0000 - 0x00007ff8379e6000 	C:\WINDOWS\SYSTEM32\WINHTTP.dll
0x00007ff83ba30000 - 0x00007ff83ba99000 	C:\WINDOWS\system32\mswsock.dll
0x00007ff815b30000 - 0x00007ff815b46000 	C:\Program Files\Java\jdk-17.0.4\bin\nio.dll
0x00007ff815c10000 - 0x00007ff815c28000 	C:\Program Files\Java\jdk-17.0.4\bin\zip.dll
0x0000024437f90000 - 0x0000024437f93000 	C:\Users\ameli\.openjfx\cache\21+31\amd64\api-ms-win-core-console-l1-1-0.dll
0x0000024437fa0000 - 0x0000024437fa3000 	C:\Users\ameli\.openjfx\cache\21+31\amd64\api-ms-win-core-console-l1-2-0.dll
0x0000024437fb0000 - 0x0000024437fb3000 	C:\Users\ameli\.openjfx\cache\21+31\amd64\api-ms-win-core-datetime-l1-1-0.dll
0x000002445d710000 - 0x000002445d713000 	C:\Users\ameli\.openjfx\cache\21+31\amd64\api-ms-win-core-debug-l1-1-0.dll
0x000002445d720000 - 0x000002445d723000 	C:\Users\ameli\.openjfx\cache\21+31\amd64\api-ms-win-core-errorhandling-l1-1-0.dll
0x000002445d730000 - 0x000002445d734000 	C:\Users\ameli\.openjfx\cache\21+31\amd64\api-ms-win-core-file-l1-1-0.dll
0x000002445d740000 - 0x000002445d743000 	C:\Users\ameli\.openjfx\cache\21+31\amd64\api-ms-win-core-file-l1-2-0.dll
0x000002445d750000 - 0x000002445d753000 	C:\Users\ameli\.openjfx\cache\21+31\amd64\api-ms-win-core-file-l2-1-0.dll
0x000002445d760000 - 0x000002445d763000 	C:\Users\ameli\.openjfx\cache\21+31\amd64\api-ms-win-core-handle-l1-1-0.dll
0x000002445d770000 - 0x000002445d773000 	C:\Users\ameli\.openjfx\cache\21+31\amd64\api-ms-win-core-heap-l1-1-0.dll
0x000002445d780000 - 0x000002445d783000 	C:\Users\ameli\.openjfx\cache\21+31\amd64\api-ms-win-core-interlocked-l1-1-0.dll
0x000002445d790000 - 0x000002445d793000 	C:\Users\ameli\.openjfx\cache\21+31\amd64\api-ms-win-core-libraryloader-l1-1-0.dll
0x000002445d7a0000 - 0x000002445d7a3000 	C:\Users\ameli\.openjfx\cache\21+31\amd64\api-ms-win-core-localization-l1-2-0.dll
0x000002445d7b0000 - 0x000002445d7b3000 	C:\Users\ameli\.openjfx\cache\21+31\amd64\api-ms-win-core-memory-l1-1-0.dll
0x000002445d7c0000 - 0x000002445d7c3000 	C:\Users\ameli\.openjfx\cache\21+31\amd64\api-ms-win-core-namedpipe-l1-1-0.dll
0x000002445d7d0000 - 0x000002445d7d3000 	C:\Users\ameli\.openjfx\cache\21+31\amd64\api-ms-win-core-processenvironment-l1-1-0.dll
0x000002445d7e0000 - 0x000002445d7e3000 	C:\Users\ameli\.openjfx\cache\21+31\amd64\api-ms-win-core-processthreads-l1-1-0.dll
0x000002445d7f0000 - 0x000002445d7f3000 	C:\Users\ameli\.openjfx\cache\21+31\amd64\api-ms-win-core-processthreads-l1-1-1.dll
0x000002445f8d0000 - 0x000002445f8d3000 	C:\Users\ameli\.openjfx\cache\21+31\amd64\api-ms-win-core-profile-l1-1-0.dll
0x000002445f8e0000 - 0x000002445f8e3000 	C:\Users\ameli\.openjfx\cache\21+31\amd64\api-ms-win-core-rtlsupport-l1-1-0.dll
0x000002445f8f0000 - 0x000002445f8f3000 	C:\Users\ameli\.openjfx\cache\21+31\amd64\api-ms-win-core-string-l1-1-0.dll
0x000002445f900000 - 0x000002445f903000 	C:\Users\ameli\.openjfx\cache\21+31\amd64\api-ms-win-core-synch-l1-1-0.dll
0x000002445f910000 - 0x000002445f913000 	C:\Users\ameli\.openjfx\cache\21+31\amd64\api-ms-win-core-synch-l1-2-0.dll
0x000002445f920000 - 0x000002445f923000 	C:\Users\ameli\.openjfx\cache\21+31\amd64\api-ms-win-core-sysinfo-l1-1-0.dll
0x000002445f930000 - 0x000002445f933000 	C:\Users\ameli\.openjfx\cache\21+31\amd64\api-ms-win-core-timezone-l1-1-0.dll
0x000002445f940000 - 0x000002445f943000 	C:\Users\ameli\.openjfx\cache\21+31\amd64\api-ms-win-core-util-l1-1-0.dll
0x000002445f950000 - 0x000002445f953000 	C:\Users\ameli\.openjfx\cache\21+31\amd64\api-ms-win-crt-conio-l1-1-0.dll
0x000002445f960000 - 0x000002445f964000 	C:\Users\ameli\.openjfx\cache\21+31\amd64\api-ms-win-crt-convert-l1-1-0.dll
0x000002445f970000 - 0x000002445f973000 	C:\Users\ameli\.openjfx\cache\21+31\amd64\api-ms-win-crt-environment-l1-1-0.dll
0x000002445f980000 - 0x000002445f983000 	C:\Users\ameli\.openjfx\cache\21+31\amd64\api-ms-win-crt-filesystem-l1-1-0.dll
0x000002445f990000 - 0x000002445f993000 	C:\Users\ameli\.openjfx\cache\21+31\amd64\api-ms-win-crt-heap-l1-1-0.dll
0x000002445f9a0000 - 0x000002445f9a3000 	C:\Users\ameli\.openjfx\cache\21+31\amd64\api-ms-win-crt-locale-l1-1-0.dll
0x000002445f9b0000 - 0x000002445f9b5000 	C:\Users\ameli\.openjfx\cache\21+31\amd64\api-ms-win-crt-math-l1-1-0.dll
0x000002445f9c0000 - 0x000002445f9c5000 	C:\Users\ameli\.openjfx\cache\21+31\amd64\api-ms-win-crt-multibyte-l1-1-0.dll
0x000002445f9d0000 - 0x000002445f9e0000 	C:\Users\ameli\.openjfx\cache\21+31\amd64\api-ms-win-crt-private-l1-1-0.dll
0x000002445f9e0000 - 0x000002445f9e3000 	C:\Users\ameli\.openjfx\cache\21+31\amd64\api-ms-win-crt-process-l1-1-0.dll
0x000002445f9f0000 - 0x000002445f9f4000 	C:\Users\ameli\.openjfx\cache\21+31\amd64\api-ms-win-crt-runtime-l1-1-0.dll
0x000002445fa00000 - 0x000002445fa04000 	C:\Users\ameli\.openjfx\cache\21+31\amd64\api-ms-win-crt-stdio-l1-1-0.dll
0x000002445fa10000 - 0x000002445fa14000 	C:\Users\ameli\.openjfx\cache\21+31\amd64\api-ms-win-crt-string-l1-1-0.dll
0x000002445fa20000 - 0x000002445fa23000 	C:\Users\ameli\.openjfx\cache\21+31\amd64\api-ms-win-crt-time-l1-1-0.dll
0x000002445fa30000 - 0x000002445fa33000 	C:\Users\ameli\.openjfx\cache\21+31\amd64\api-ms-win-crt-utility-l1-1-0.dll
0x00007ff824870000 - 0x00007ff82496c000 	C:\Users\ameli\.openjfx\cache\21+31\amd64\ucrtbase.dll
0x00007ff824fa0000 - 0x00007ff824fbb000 	C:\Users\ameli\.openjfx\cache\21+31\amd64\vcruntime140.dll
0x00007ff835040000 - 0x00007ff83504c000 	C:\Users\ameli\.openjfx\cache\21+31\amd64\vcruntime140_1.dll
0x00007ff824f10000 - 0x00007ff824f9e000 	C:\Users\ameli\.openjfx\cache\21+31\amd64\msvcp140.dll
0x00007ff83d570000 - 0x00007ff83d715000 	C:\WINDOWS\System32\ole32.dll
0x00007ff82b270000 - 0x00007ff82b279000 	C:\Users\ameli\.openjfx\cache\21+31\amd64\msvcp140_1.dll
0x00007ff824ee0000 - 0x00007ff824f0f000 	C:\Users\ameli\.openjfx\cache\21+31\amd64\msvcp140_2.dll
0x00007ff824c90000 - 0x00007ff824cbf000 	C:\Users\ameli\.openjfx\cache\21+31\amd64\prism_d3d.dll
0x00007ff82e590000 - 0x00007ff82e738000 	C:\WINDOWS\system32\d3d9.dll
0x00007ff839890000 - 0x00007ff8398bb000 	C:\WINDOWS\SYSTEM32\dwmapi.dll
0x00007ff839640000 - 0x00007ff839677000 	C:\WINDOWS\SYSTEM32\dxcore.dll
0x00007ff839540000 - 0x00007ff8395f0000 	C:\WINDOWS\system32\uxtheme.dll
0x00007ff830a40000 - 0x00007ff830bfb000 	C:\WINDOWS\System32\DriverStore\FileRepository\u0405470.inf_amd64_2e71ce0e27c179e1\B404884\aticfx64.dll
0x00007ff824b90000 - 0x00007ff824bc4000 	C:\WINDOWS\System32\DriverStore\FileRepository\u0405470.inf_amd64_2e71ce0e27c179e1\B404884\atiu9p64.dll
0x00007fffdd450000 - 0x00007fffde197000 	C:\WINDOWS\System32\DriverStore\FileRepository\u0405470.inf_amd64_2e71ce0e27c179e1\B404884\atiumd64.dll
0x00000000721b0000 - 0x00000000730c3000 	C:\WINDOWS\System32\DriverStore\FileRepository\u0405470.inf_amd64_2e71ce0e27c179e1\B404884\atiumd6a.dll
0x00007ff83e230000 - 0x00007ff83e6a4000 	C:\WINDOWS\System32\SETUPAPI.dll
0x00007ff83c3e0000 - 0x00007ff83c42d000 	C:\WINDOWS\SYSTEM32\POWRPROF.dll
0x00007ff83c2c0000 - 0x00007ff83c2d3000 	C:\WINDOWS\SYSTEM32\UMPDC.dll
0x00007ff82dd10000 - 0x00007ff82dd45000 	C:\WINDOWS\SYSTEM32\amdihk64.dll
0x00007ff833640000 - 0x00007ff833689000 	C:\WINDOWS\SYSTEM32\directxdatabasehelper.dll
0x00007ff819720000 - 0x00007ff819762000 	C:\Users\ameli\.openjfx\cache\21+31\amd64\glass.dll
0x00007ff83dc70000 - 0x00007ff83dd6f000 	C:\WINDOWS\System32\COMDLG32.dll
0x00007ff83d1e0000 - 0x00007ff83d33b000 	C:\WINDOWS\System32\MSCTF.dll
0x00007ff8247c0000 - 0x00007ff8247ed000 	C:\Users\ameli\.openjfx\cache\21+31\amd64\javafx_iio.dll

dbghelp: loaded successfully - version: 4.0.5 - missing functions: none
symbol engine: initialized successfully - sym options: 0x614 - pdb path: .;C:\Program Files\Java\jdk-17.0.4\bin;C:\WINDOWS\SYSTEM32;C:\WINDOWS\WinSxS\amd64_microsoft.windows.common-controls_6595b64144ccf1df_6.0.22621.3672_none_2713b9d173822955;C:\Program Files\Java\jdk-17.0.4\bin\server;C:\Users\ameli\.openjfx\cache\21+31\amd64;C:\WINDOWS\System32\DriverStore\FileRepository\u0405470.inf_amd64_2e71ce0e27c179e1\B404884

VM Arguments:
jvm_args: --module-path=C:\Users\ameli\.gradle\caches\modules-2\files-2.1\org.openjfx\javafx-controls\21\76e295d84578a3d9688e092aae3f2ff1cf3e83a9\javafx-controls-21-win.jar;C:\Users\ameli\.gradle\caches\modules-2\files-2.1\org.openjfx\javafx-graphics\21\8083d97ea236079c82cf8e3463b62990340346d4\javafx-graphics-21-win.jar;C:\Users\ameli\.gradle\caches\modules-2\files-2.1\org.openjfx\javafx-base\21\a7e334fbb619859e1010cad06ddcf16e774c87a0\javafx-base-21-win.jar --add-modules=javafx.controls -Dfile.encoding=windows-1252 -Duser.country=AU -Duser.language=en -Duser.variant 
java_command: edu.curtin.saed.assignment1.App
java_class_path (initial): C:\Users\ameli\SAED_Assignment1\saed2024-assignment1-start-javafx\build\classes\java\main;C:\Users\ameli\SAED_Assignment1\saed2024-assignment1-start-javafx\build\resources\main
Launcher Type: SUN_STANDARD

[Global flags]
     intx CICompilerCount                          = 12                                        {product} {ergonomic}
     uint ConcGCThreads                            = 3                                         {product} {ergonomic}
     uint G1ConcRefinementThreads                  = 13                                        {product} {ergonomic}
   size_t G1HeapRegionSize                         = 2097152                                   {product} {ergonomic}
    uintx GCDrainStackTargetSize                   = 64                                        {product} {ergonomic}
   size_t InitialHeapSize                          = 260046848                                 {product} {ergonomic}
   size_t MarkStackSize                            = 4194304                                   {product} {ergonomic}
   size_t MaxHeapSize                              = 4139778048                                {product} {ergonomic}
   size_t MaxNewSize                               = 2483027968                                {product} {ergonomic}
   size_t MinHeapDeltaBytes                        = 2097152                                   {product} {ergonomic}
   size_t MinHeapSize                              = 8388608                                   {product} {ergonomic}
    uintx NonNMethodCodeHeapSize                   = 7602480                                {pd product} {ergonomic}
    uintx NonProfiledCodeHeapSize                  = 122027880                              {pd product} {ergonomic}
    uintx ProfiledCodeHeapSize                     = 122027880                              {pd product} {ergonomic}
    uintx ReservedCodeCacheSize                    = 251658240                              {pd product} {ergonomic}
     bool SegmentedCodeCache                       = true                                      {product} {ergonomic}
   size_t SoftMaxHeapSize                          = 4139778048                             {manageable} {ergonomic}
     bool UseCompressedClassPointers               = true                           {product lp64_product} {ergonomic}
     bool UseCompressedOops                        = true                           {product lp64_product} {ergonomic}
     bool UseG1GC                                  = true                                      {product} {ergonomic}
     bool UseLargePagesIndividualAllocation        = false                                  {pd product} {ergonomic}

Logging:
Log output configuration:
 #0: stdout all=warning uptime,level,tags
 #1: stderr all=off uptime,level,tags

Environment Variables:
JAVA_HOME=C:\Program Files\Java\jdk-17.0.4
PATH=C:\Users\ameli\SAED_Assignment1\saed2024-assignment1-start-javafx\comms\bin;C:\Users\ameli\AppData\Local\fnm_multishells\44260_1725071987736;C:\Users\ameli\.local\share\fnm;C:\Users\ameli\bin;C:\Program Files\Git\mingw64\bin;C:\Program Files\Git\usr\local\bin;C:\Program Files\Git\usr\bin;C:\Program Files\Git\usr\bin;C:\Program Files\Git\mingw64\bin;C:\Program Files\Git\usr\bin;C:\Users\ameli\bin;C:\Program Files\Common Files\Oracle\Java\javapath;C:\Program Files (x86)\Razer Chroma SDK\bin;C:\Program Files\Razer Chroma SDK\bin;C:\Program Files (x86)\Razer\ChromaBroadcast\bin;C:\Program Files\Razer\ChromaBroadcast\bin;C:\Windows\system32;C:\Windows;C:\Windows\System32\Wbem;C:\Windows\System32\WindowsPowerShell\v1.0;C:\Windows\System32\OpenSSH;C:\Program Files (x86)\NVIDIA Corporation\PhysX\Common;C:\Program Files\NVIDIA Corporation\NVIDIA NvDLISR;C:\WINDOWS\system32;C:\WINDOWS;C:\WINDOWS\System32\Wbem;C:\WINDOWS\System32\WindowsPowerShell\v1.0;C:\WINDOWS\System32\OpenSSH;C:\Program Files\dotnet;C:\Program Files (x86)\dotnet;C:\WINDOWS\system32\config\systemprofile\AppData\Local\Microsoft\WindowsApps;C:\WINDOWS\system32;C:\WINDOWS;C:\WINDOWS\System32\Wbem;C:\WINDOWS\System32\WindowsPowerShell\v1.0;C:\WINDOWS\System32\OpenSSH;C:\Gradle\gradle-8.9\bin;C:\Program Files\Git\cmd;C:\Program Files\Microsoft SQL Server\150\Tools\Binn;C:\Program Files\Microsoft SQL Server\Client SDK\ODBC\170\Tools\Binn;C:\Users\ameli\AppData\Local\Microsoft\WindowsApps;C:\Users\ameli\AppData\Local\Programs\Microsoft VS Code\bin;C:\ffmpeg\bin;C:\Users\ameli\.dotnet\tools;C:\Users\ameli\AppData\Local\Microsoft\WinGet\Packages\Schniz.fnm_Microsoft.Winget.Source_8wekyb3d8bbwe;C:\Program Files\Git\usr\bin\vendor_perl;C:\Program Files\Git\usr\bin\core_perl
USERNAME=ameli
SHELL=C:\Program Files\Git\usr\bin\bash.exe
DISPLAY=needs-to-be-defined
LANG=en_US.UTF-8
OS=Windows_NT
PROCESSOR_IDENTIFIER=AMD64 Family 23 Model 96 Stepping 1, AuthenticAMD



---------------  S Y S T E M  ---------------

OS:
 Windows 11 , 64 bit Build 22621 (10.0.22621.3958)
OS uptime: 5 days 6:38 hours
Hyper-V role detected

CPU: total 16 (initial active 16) (16 cores per cpu, 2 threads per core) family 23 model 96 stepping 1 microcode 0x0, cx8, cmov, fxsr, ht, mmx, 3dnowpref, sse, sse2, sse3, ssse3, sse4a, sse4.1, sse4.2, popcnt, lzcnt, tsc, tscinvbit, avx, avx2, aes, clmul, bmi1, bmi2, adx, sha, fma, vzeroupper, clflush, clflushopt, hv

Memory: 4k page, system-wide physical 15789M (3364M free)
TotalPageFile size 64941M (AvailPageFile size 99M)
current process WorkingSet (physical memory assigned to process): 255M, peak: 255M
current process commit charge ("private bytes"): 545M, peak: 933M

vm_info: Java HotSpot(TM) 64-Bit Server VM (17.0.4+11-LTS-179) for windows-amd64 JRE (17.0.4+11-LTS-179), built on Jun 28 2022 08:23:05 by "mach5one" with MS VC++ 16.8 / 16.9 (VS2019)

END.
