#
# A fatal error has been detected by the Java Runtime Environment:
#
#  EXCEPTION_ACCESS_VIOLATION (0xc0000005) at pc=0x00007ffe5b321be9, pid=40804, tid=46320
#
# JRE version:  (17.0.4+11) (build )
# Java VM: Java HotSpot(TM) 64-Bit Server VM (17.0.4+11-LTS-179, mixed mode, sharing, tiered, unknown gc, windows-amd64)
# Problematic frame:
# C  [jimage.dll+0x1be9]
#
# No core dump will be written. Minidumps are not enabled by default on client versions of Windows
#
#

---------------  S U M M A R Y ------------

Command Line: 

Host: AMD Ryzen 7 4800HS with Radeon Graphics         , 16 cores, 15G,  Windows 11 , 64 bit Build 22621 (10.0.22621.3958)
Time: Mon Sep  2 14:45:28 2024 W. Australia Standard Time elapsed time: 0.017690 seconds (0d 0h 0m 0s)

---------------  T H R E A D  ---------------

Current thread is native thread

Stack: [0x000000b4d5500000,0x000000b4d5600000],  sp=0x000000b4d55fd310,  free space=1012k
Native frames: (J=compiled Java code, j=interpreted, Vv=VM code, C=native code)
C  [jimage.dll+0x1be9]
C  [jimage.dll+0x1d77]
C  [jimage.dll+0x2655]
V  [jvm.dll+0x1ef61a]
V  [jvm.dll+0xaed3e]
V  [jvm.dll+0x78294c]
V  [jvm.dll+0x3e8bff]
V  [jvm.dll+0x3ea6a1]
C  [jli.dll+0x527b]
C  [ucrtbase.dll+0x29333]
C  [KERNEL32.DLL+0x1257d]
C  [ntdll.dll+0x5af28]


siginfo: EXCEPTION_ACCESS_VIOLATION (0xc0000005), reading address 0x0000000000015f14


Registers:
RAX=0x00000000000057be, RBX=0x000000b4d55fd401, RCX=0x00007ffe5b326000, RDX=0x00000000000057be
RSP=0x000000b4d55fd310, RBP=0x000000b4d55fd400, RSI=0x00000000000071e1, RDI=0x000000b4d55fd400
R8 =0x00007ffe5b324288, R9 =0x000000000000001c, R10=0x00007ffe5b340000, R11=0x00007ffe5b326000
R12=0x0000000000000000, R13=0x000001ca3a76a490, R14=0x000000b4d55fe470, R15=0x00007ffe34935158
RIP=0x00007ffe5b321be9, EFLAGS=0x0000000000010212

Top of Stack: (sp=0x000000b4d55fd310)
0x000000b4d55fd310:   000001ca3a760150 00000000cb0004cf
0x000000b4d55fd320:   000001ca3a500b50 000001ca3a760000
0x000000b4d55fd330:   000001ca3a785e10 00007ffe5b321d77
0x000000b4d55fd340:   000000000000000b 000001ca3a785e10
0x000000b4d55fd350:   00000000000006f5 00000000000006f5
0x000000b4d55fd360:   00000000000006f5 00007ffe63db471a
0x000000b4d55fd370:   000001ca3a765be0 000001cacb0004cf
0x000000b4d55fd380:   000001ca3a760000 000000b4cb0004cf
0x000000b4d55fd390:   00000000000006f5 000001ca3c970080
0x000000b4d55fd3a0:   0000e2f7fd9948c3 000001ca3a760150
0x000000b4d55fd3b0:   00007ffe34913bd0 0000000000000017
0x000000b4d55fd3c0:   000001ca3a785e10 000000b4d55fe470
0x000000b4d55fd3d0:   000000000000000b 00007ffe5b322655
0x000000b4d55fd3e0:   000001ca3a760000 00007ffecb0004cf
0x000000b4d55fd3f0:   0000000000000773 000001ca3c9938a0
0x000000b4d55fd400:   61622e6176616a2f 692f6b646a2f6573 

Instructions: (pc=0x00007ffe5b321be9)
0x00007ffe5b321ae9:   48 85 c9 74 1d 80 3d 1b 45 00 00 00 74 06 48 8b
0x00007ffe5b321af9:   53 18 eb 04 48 8b 53 40 e8 ae 0e 00 00 48 83 63
0x00007ffe5b321b09:   48 00 8b 4b 0c 83 f9 ff 74 09 e8 e4 0c 00 00 83
0x00007ffe5b321b19:   4b 0c ff 48 8b 4b 70 48 85 c9 74 0f ba 10 00 00
0x00007ffe5b321b29:   00 e8 fd 0e 00 00 48 83 63 70 00 48 83 c4 20 5b
0x00007ffe5b321b39:   c3 cc cc 40 53 48 83 ec 20 48 8b d9 48 8d 0d d4
0x00007ffe5b321b49:   46 00 00 e8 b3 0c 00 00 83 6b 08 01 75 24 48 8b
0x00007ffe5b321b59:   d3 48 8d 0d b7 44 00 00 e8 22 08 00 00 48 8b cb
0x00007ffe5b321b69:   e8 de fe ff ff ba 78 00 00 00 48 8b cb e8 b1 0e
0x00007ffe5b321b79:   00 00 48 8d 0d 9e 46 00 00 48 83 c4 20 5b e9 80
0x00007ffe5b321b89:   0c 00 00 48 89 5c 24 08 48 89 74 24 10 57 48 83
0x00007ffe5b321b99:   ec 20 41 8b f1 4d 8b c8 48 8b fa 4c 8b d9 4d 85
0x00007ffe5b321ba9:   c0 74 78 85 f6 74 74 44 8a 12 48 8d 5a 01 48 8b
0x00007ffe5b321bb9:   d3 b8 93 01 00 01 eb 12 69 c0 93 01 00 01 41 0f
0x00007ffe5b321bc9:   b6 ca 44 8a 12 33 c1 48 ff c2 45 84 d2 75 e9 4d
0x00007ffe5b321bd9:   8b 03 0f ba f0 1f 33 d2 49 8b cb f7 f6 48 63 c2
0x00007ffe5b321be9:   41 8b 14 81 41 ff 50 08 85 c0 7e 24 8a 0f eb 10
0x00007ffe5b321bf9:   69 c0 93 01 00 01 0f b6 c9 33 c1 8a 0b 48 ff c3
0x00007ffe5b321c09:   84 c9 75 ec 0f ba f0 1f 33 d2 f7 f6 8b c2 eb 0e
0x00007ffe5b321c19:   79 09 83 c9 ff 2b c8 8b c1 eb 03 83 c8 ff 48 8b
0x00007ffe5b321c29:   5c 24 30 48 8b 74 24 38 48 83 c4 20 5f c3 cc 48
0x00007ffe5b321c39:   89 5c 24 08 48 89 74 24 10 57 48 83 ec 20 48 8b
0x00007ffe5b321c49:   f1 48 8d 0d cf 45 00 00 e8 ae 0b 00 00 33 ff 39
0x00007ffe5b321c59:   3d ba 43 00 00 76 24 48 8b 05 b9 43 00 00 48 8b
0x00007ffe5b321c69:   d6 48 8b 1c f8 48 8b 0b e8 64 1e 00 00 85 c0 74
0x00007ffe5b321c79:   2b ff c7 3b 3d 96 43 00 00 72 dc 33 db 48 8d 0d
0x00007ffe5b321c89:   93 45 00 00 e8 7a 0b 00 00 48 8b 74 24 38 48 8b
0x00007ffe5b321c99:   c3 48 8b 5c 24 30 48 83 c4 20 5f c3 ff 43 08 eb
0x00007ffe5b321ca9:   dc cc cc 48 89 5c 24 08 48 89 74 24 10 57 48 83
0x00007ffe5b321cb9:   ec 20 48 8b d9 48 8b f2 48 8b 49 10 49 8b f8 8b
0x00007ffe5b321cc9:   53 30 48 8b 01 ff 50 20 4c 8b 43 50 48 8b d6 48
0x00007ffe5b321cd9:   8b 4b 10 44 8b c8 e8 a8 fe ff ff 83 f8 ff 74 38 



---------------  P R O C E S S  ---------------

VM state: not at safepoint (not fully initialized)

VM Mutex/Monitor currently owned by a thread: None

GC Precious Log:
<Not initialized>


Dynamic libraries:
0x00007ff7850a0000 - 0x00007ff7850b0000 	C:\Program Files\Java\jdk-17.0.4\bin\java.exe
0x00007ffe63d70000 - 0x00007ffe63f87000 	C:\WINDOWS\SYSTEM32\ntdll.dll
0x00007ffe62330000 - 0x00007ffe623f4000 	C:\WINDOWS\System32\KERNEL32.DLL
0x00007ffe61110000 - 0x00007ffe614bd000 	C:\WINDOWS\System32\KERNELBASE.dll
0x00007ffe61690000 - 0x00007ffe617a1000 	C:\WINDOWS\System32\ucrtbase.dll
0x00007ffe5b360000 - 0x00007ffe5b378000 	C:\Program Files\Java\jdk-17.0.4\bin\jli.dll
0x00007ffe62400000 - 0x00007ffe624b2000 	C:\WINDOWS\System32\ADVAPI32.dll
0x00007ffe635e0000 - 0x00007ffe63687000 	C:\WINDOWS\System32\msvcrt.dll
0x00007ffe61aa0000 - 0x00007ffe61b49000 	C:\WINDOWS\System32\sechost.dll
0x00007ffe61a40000 - 0x00007ffe61a68000 	C:\WINDOWS\System32\bcrypt.dll
0x00007ffe62540000 - 0x00007ffe62654000 	C:\WINDOWS\System32\RPCRT4.dll
0x00007ffe631e0000 - 0x00007ffe6338e000 	C:\WINDOWS\System32\USER32.dll
0x00007ffe61a70000 - 0x00007ffe61a96000 	C:\WINDOWS\System32\win32u.dll
0x00007ffe63040000 - 0x00007ffe63069000 	C:\WINDOWS\System32\GDI32.dll
0x00007ffe617b0000 - 0x00007ffe618c9000 	C:\WINDOWS\System32\gdi32full.dll
0x00007ffe615f0000 - 0x00007ffe6168a000 	C:\WINDOWS\System32\msvcp_win.dll
0x00007ffe4e090000 - 0x00007ffe4e323000 	C:\WINDOWS\WinSxS\amd64_microsoft.windows.common-controls_6595b64144ccf1df_6.0.22621.3672_none_2713b9d173822955\COMCTL32.dll
0x00007ffe5b340000 - 0x00007ffe5b35a000 	C:\Program Files\Java\jdk-17.0.4\bin\VCRUNTIME140.dll
0x00007ffe59900000 - 0x00007ffe5990a000 	C:\WINDOWS\SYSTEM32\VERSION.dll
0x00007ffe61f30000 - 0x00007ffe61f61000 	C:\WINDOWS\System32\IMM32.DLL
0x00007ffe5b330000 - 0x00007ffe5b33c000 	C:\Program Files\Java\jdk-17.0.4\bin\vcruntime140_1.dll
0x00007ffe4c600000 - 0x00007ffe4c68d000 	C:\Program Files\Java\jdk-17.0.4\bin\msvcp140.dll
0x00007ffe34060000 - 0x00007ffe34c22000 	C:\Program Files\Java\jdk-17.0.4\bin\server\jvm.dll
0x00007ffe63690000 - 0x00007ffe63698000 	C:\WINDOWS\System32\PSAPI.DLL
0x00007ffe3f390000 - 0x00007ffe3f399000 	C:\WINDOWS\SYSTEM32\WSOCK32.dll
0x00007ffe61eb0000 - 0x00007ffe61f21000 	C:\WINDOWS\System32\WS2_32.dll
0x00007ffe5d1f0000 - 0x00007ffe5d224000 	C:\WINDOWS\SYSTEM32\WINMM.dll
0x00007ffe60080000 - 0x00007ffe60098000 	C:\WINDOWS\SYSTEM32\kernel.appcore.dll
0x00007ffe5b320000 - 0x00007ffe5b32a000 	C:\Program Files\Java\jdk-17.0.4\bin\jimage.dll
0x00007ffe5cf40000 - 0x00007ffe5d172000 	C:\WINDOWS\SYSTEM32\DBGHELP.DLL
0x00007ffe61f70000 - 0x00007ffe622fd000 	C:\WINDOWS\System32\combase.dll
0x00007ffe61dd0000 - 0x00007ffe61ea7000 	C:\WINDOWS\System32\OLEAUT32.dll
0x00007ffe5cf00000 - 0x00007ffe5cf32000 	C:\WINDOWS\SYSTEM32\dbgcore.DLL
0x00007ffe61090000 - 0x00007ffe6110b000 	C:\WINDOWS\System32\bcryptPrimitives.dll

dbghelp: loaded successfully - version: 4.0.5 - missing functions: none
symbol engine: initialized successfully - sym options: 0x614 - pdb path: .;C:\Program Files\Java\jdk-17.0.4\bin;C:\WINDOWS\SYSTEM32;C:\WINDOWS\WinSxS\amd64_microsoft.windows.common-controls_6595b64144ccf1df_6.0.22621.3672_none_2713b9d173822955;C:\Program Files\Java\jdk-17.0.4\bin\server

VM Arguments:
java_command: <unknown>
java_class_path (initial): <not set>
Launcher Type: SUN_STANDARD

[Global flags]
     bool UseLargePagesIndividualAllocation        = false                                  {pd product} {ergonomic}

Logging:
Log output configuration:
 #0: stdout all=warning uptime,level,tags
 #1: stderr all=off uptime,level,tags

Environment Variables:
JAVA_HOME=C:\Program Files\Java\jdk-17.0.4
CLASSPATH=C:\Users\ameli\SAED_Assignment1\saed2024-assignment1-start-javafx\comms\lib\comms.jar
PATH=C:\Users\ameli\SAED_Assignment1\saed2024-assignment1-start-javafx\comms\bin;C:\Users\ameli\AppData\Local\fnm_multishells\44840_1725252138313;C:\Users\ameli\.local\share\fnm;C:\Users\ameli\bin;C:\Program Files\Git\mingw64\bin;C:\Program Files\Git\usr\local\bin;C:\Program Files\Git\usr\bin;C:\Program Files\Git\usr\bin;C:\Program Files\Git\mingw64\bin;C:\Program Files\Git\usr\bin;C:\Users\ameli\bin;C:\Program Files\Common Files\Oracle\Java\javapath;C:\Program Files (x86)\Razer Chroma SDK\bin;C:\Program Files\Razer Chroma SDK\bin;C:\Program Files (x86)\Razer\ChromaBroadcast\bin;C:\Program Files\Razer\ChromaBroadcast\bin;C:\Windows\system32;C:\Windows;C:\Windows\System32\Wbem;C:\Windows\System32\WindowsPowerShell\v1.0;C:\Windows\System32\OpenSSH;C:\Program Files (x86)\NVIDIA Corporation\PhysX\Common;C:\Program Files\NVIDIA Corporation\NVIDIA NvDLISR;C:\WINDOWS\system32;C:\WINDOWS;C:\WINDOWS\System32\Wbem;C:\WINDOWS\System32\WindowsPowerShell\v1.0;C:\WINDOWS\System32\OpenSSH;C:\Program Files\dotnet;C:\Program Files (x86)\dotnet;C:\WINDOWS\system32\config\systemprofile\AppData\Local\Microsoft\WindowsApps;C:\WINDOWS\system32;C:\WINDOWS;C:\WINDOWS\System32\Wbem;C:\WINDOWS\System32\WindowsPowerShell\v1.0;C:\WINDOWS\System32\OpenSSH;C:\Gradle\gradle-8.9\bin;C:\Program Files\Git\cmd;C:\Program Files\Microsoft SQL Server\150\Tools\Binn;C:\Program Files\Microsoft SQL Server\Client SDK\ODBC\170\Tools\Binn;C:\Users\ameli\AppData\Local\Microsoft\WindowsApps;C:\Users\ameli\AppData\Local\Programs\Microsoft VS Code\bin;C:\ffmpeg\bin;C:\Users\ameli\.dotnet\tools;C:\Users\ameli\AppData\Local\Microsoft\WinGet\Packages\Schniz.fnm_Microsoft.Winget.Source_8wekyb3d8bbwe;C:\Program Files\Git\usr\bin\vendor_perl;C:\Program Files\Git\usr\bin\core_perl
USERNAME=ameli
SHELL=C:\Program Files\Git\usr\bin\bash.exe
DISPLAY=needs-to-be-defined
LANG=en_US.UTF-8
OS=Windows_NT
PROCESSOR_IDENTIFIER=AMD64 Family 23 Model 96 Stepping 1, AuthenticAMD



---------------  S Y S T E M  ---------------

OS:
 Windows 11 , 64 bit Build 22621 (10.0.22621.3958)
OS uptime: 1 days 19:05 hours

CPU: total 16 (initial active 0) 

Memory: 4k page, system-wide physical 15789M (2901M free)
TotalPageFile size 64941M (AvailPageFile size 26M)
current process WorkingSet (physical memory assigned to process): 9M, peak: 9M
current process commit charge ("private bytes"): 3M, peak: 3M

vm_info: Java HotSpot(TM) 64-Bit Server VM (17.0.4+11-LTS-179) for windows-amd64 JRE (17.0.4+11-LTS-179), built on Jun 28 2022 08:23:05 by "mach5one" with MS VC++ 16.8 / 16.9 (VS2019)

END.
